Running Reinforce on arbiter.aig.....
Time  01/26/2021, 08:20:20

###################################

Baseline Time Taken 2.426987886428833  Baseline Nodes  11839 Baseline Level  87  Total Reward  0.0
Input Feat Dim of Graph :  18  Output Channel Dim of Graph :  13
Episode : 0 Seq Length : 3
Episode : 1 Seq Length : 2
Episode : 2 Seq Length : 2
Episode : 3 Seq Length : 2
Episode : 4 Seq Length : 2
Episode : 5 Seq Length : 2
Episode : 6 Seq Length : 3
Episode : 7 Seq Length : 2
Episode : 8 Seq Length : 3
Episode : 9 Seq Length : 2
Episode : 10 Seq Length : 2
Episode : 11 Seq Length : 2
Episode : 12 Seq Length : 2
Episode : 13 Seq Length : 2
Episode : 14 Seq Length : 2
Episode : 15 Seq Length : 2
Episode : 16 Seq Length : 2
Episode : 17 Seq Length : 2
Episode : 18 Seq Length : 4
Episode : 19 Seq Length : 3
Episode : 20 Seq Length : 2
Episode : 21 Seq Length : 2
Episode : 22 Seq Length : 2
Episode : 23 Seq Length : 3
Episode : 24 Seq Length : 2
Episode : 25 Seq Length : 2
Episode : 26 Seq Length : 2
Episode : 27 Seq Length : 3
Episode : 28 Seq Length : 2
Episode : 29 Seq Length : 2
Episode : 30 Seq Length : 2
Episode : 31 Seq Length : 2
Episode : 32 Seq Length : 4
Episode : 33 Seq Length : 3
Episode : 34 Seq Length : 2
Episode : 35 Seq Length : 2
Episode : 36 Seq Length : 3
Episode : 37 Seq Length : 2
Episode : 38 Seq Length : 2
Episode : 39 Seq Length : 2
Episode : 40 Seq Length : 2
Episode : 41 Seq Length : 2
Episode : 42 Seq Length : 4
Episode : 43 Seq Length : 3
Episode : 44 Seq Length : 4
Episode : 45 Seq Length : 3
Episode : 46 Seq Length : 2
Episode : 47 Seq Length : 2
Episode : 48 Seq Length : 2
Episode : 49 Seq Length : 2
Episode : 50 Seq Length : 2
Episode : 51 Seq Length : 2
Episode : 52 Seq Length : 3
Episode : 53 Seq Length : 2
Episode : 54 Seq Length : 2
Episode : 55 Seq Length : 2
Episode : 56 Seq Length : 2
Episode : 57 Seq Length : 2
Episode : 58 Seq Length : 3
Episode : 59 Seq Length : 2
Episode : 60 Seq Length : 2
Episode : 61 Seq Length : 2
Episode : 62 Seq Length : 2
Episode : 63 Seq Length : 2
Episode : 64 Seq Length : 3
Episode : 65 Seq Length : 2
Episode : 66 Seq Length : 2
Episode : 67 Seq Length : 3
Episode : 68 Seq Length : 2
Episode : 69 Seq Length : 2
Episode : 70 Seq Length : 3
Episode : 71 Seq Length : 2
Episode : 72 Seq Length : 3
Episode : 73 Seq Length : 2
Episode : 74 Seq Length : 2
Episode : 75 Seq Length : 2
Episode : 76 Seq Length : 4
Episode : 77 Seq Length : 2
Episode : 78 Seq Length : 3
Episode : 79 Seq Length : 2
Episode : 80 Seq Length : 3
Episode : 81 Seq Length : 2
Episode : 82 Seq Length : 2
Episode : 83 Seq Length : 2
Episode : 84 Seq Length : 2
Episode : 85 Seq Length : 2
Episode : 86 Seq Length : 2
Episode : 87 Seq Length : 3
Episode : 88 Seq Length : 2
Episode : 89 Seq Length : 2
Episode : 90 Seq Length : 4
Episode : 91 Seq Length : 3
Episode : 92 Seq Length : 3
Episode : 93 Seq Length : 3
Episode : 94 Seq Length : 2
Episode : 95 Seq Length : 3
Episode : 96 Seq Length : 2
Episode : 97 Seq Length : 3
Episode : 98 Seq Length : 3
Episode : 99 Seq Length : 3
Episode : 100 Seq Length : 2
Episode : 101 Seq Length : 2
Episode : 102 Seq Length : 2
Episode : 103 Seq Length : 3
Episode : 104 Seq Length : 2
Episode : 105 Seq Length : 3
Episode : 106 Seq Length : 3
Episode : 107 Seq Length : 3
Episode : 108 Seq Length : 2
Episode : 109 Seq Length : 2
Episode : 110 Seq Length : 2
Episode : 111 Seq Length : 3
Episode : 112 Seq Length : 3
Episode : 113 Seq Length : 4
Episode : 114 Seq Length : 2
Episode : 115 Seq Length : 3
Episode : 116 Seq Length : 2
Episode : 117 Seq Length : 3
Episode : 118 Seq Length : 6
Episode : 119 Seq Length : 3
Episode : 120 Seq Length : 2
Episode : 121 Seq Length : 3
Episode : 122 Seq Length : 4
Episode : 123 Seq Length : 2
Episode : 124 Seq Length : 2
Episode : 125 Seq Length : 4
Episode : 126 Seq Length : 2
Episode : 127 Seq Length : 2
Episode : 128 Seq Length : 2
Episode : 129 Seq Length : 2
Episode : 130 Seq Length : 2
Episode : 131 Seq Length : 2
Episode : 132 Seq Length : 2
Episode : 133 Seq Length : 3
Episode : 134 Seq Length : 3
Episode : 135 Seq Length : 2
Episode : 136 Seq Length : 4
Episode : 137 Seq Length : 3
Episode : 138 Seq Length : 2
Episode : 139 Seq Length : 2
Episode : 140 Seq Length : 2
Episode : 141 Seq Length : 2
Episode : 142 Seq Length : 4
Episode : 143 Seq Length : 2
Episode : 144 Seq Length : 4
Episode : 145 Seq Length : 2
Episode : 146 Seq Length : 3
Episode : 147 Seq Length : 2
Episode : 148 Seq Length : 2
Episode : 149 Seq Length : 2
Episode : 150 Seq Length : 4
Episode : 151 Seq Length : 2
Episode : 152 Seq Length : 2
Episode : 153 Seq Length : 2
Episode : 154 Seq Length : 2
Episode : 155 Seq Length : 4
Episode : 156 Seq Length : 3
Episode : 157 Seq Length : 2
Episode : 158 Seq Length : 2
Episode : 159 Seq Length : 3
Episode : 160 Seq Length : 2
Episode : 161 Seq Length : 2
Episode : 162 Seq Length : 2
Episode : 163 Seq Length : 2
Episode : 164 Seq Length : 2
Episode : 165 Seq Length : 2
Episode : 166 Seq Length : 2
Episode : 167 Seq Length : 2
Episode : 168 Seq Length : 3
Episode : 169 Seq Length : 2
Episode : 170 Seq Length : 2
Episode : 171 Seq Length : 2
Episode : 172 Seq Length : 2
Episode : 173 Seq Length : 4
Episode : 174 Seq Length : 3
Episode : 175 Seq Length : 2
Episode : 176 Seq Length : 2
Episode : 177 Seq Length : 3
Episode : 178 Seq Length : 2
Episode : 179 Seq Length : 2
Episode : 180 Seq Length : 2
Episode : 181 Seq Length : 3
Episode : 182 Seq Length : 2
Episode : 183 Seq Length : 2
Episode : 184 Seq Length : 4
Episode : 185 Seq Length : 2
Episode : 186 Seq Length : 2
Episode : 187 Seq Length : 2
Episode : 188 Seq Length : 2
Episode : 189 Seq Length : 3
Episode : 190 Seq Length : 2
Episode : 191 Seq Length : 2
Episode : 192 Seq Length : 2
Episode : 193 Seq Length : 4
Episode : 194 Seq Length : 2
Episode : 195 Seq Length : 2
Episode : 196 Seq Length : 2
Episode : 197 Seq Length : 2
Episode : 198 Seq Length : 3
Episode : 199 Seq Length : 2
Time Elapsed for  arbiter.aig  :  4839.931691169739 seconds

Running Reinforce on bar.aig.....
Time  01/26/2021, 09:41:00

###################################

Baseline Time Taken 0.5366430282592773  Baseline Nodes  3141 Baseline Level  12  Total Reward  0.11690647482014427
Input Feat Dim of Graph :  18  Output Channel Dim of Graph :  13
Episode : 0 Seq Length : 1
Episode : 1 Seq Length : 1
Episode : 2 Seq Length : 1
Episode : 3 Seq Length : 1
Episode : 4 Seq Length : 1
Episode : 5 Seq Length : 1
Episode : 6 Seq Length : 1
Episode : 7 Seq Length : 1
Episode : 8 Seq Length : 1
Episode : 9 Seq Length : 1
Episode : 10 Seq Length : 3
Episode : 11 Seq Length : 1
Episode : 12 Seq Length : 1
Episode : 13 Seq Length : 1
Episode : 14 Seq Length : 1
Episode : 15 Seq Length : 1
Episode : 16 Seq Length : 1
Episode : 17 Seq Length : 1
Episode : 18 Seq Length : 1
Episode : 19 Seq Length : 1
Episode : 20 Seq Length : 1
Episode : 21 Seq Length : 1
Episode : 22 Seq Length : 1
Episode : 23 Seq Length : 1
Episode : 24 Seq Length : 1
Episode : 25 Seq Length : 1
Episode : 26 Seq Length : 2
Episode : 27 Seq Length : 1
Episode : 28 Seq Length : 1
Episode : 29 Seq Length : 1
Episode : 30 Seq Length : 1
Episode : 31 Seq Length : 1
Episode : 32 Seq Length : 1
Episode : 33 Seq Length : 1
Episode : 34 Seq Length : 1
Episode : 35 Seq Length : 2
Episode : 36 Seq Length : 2
Episode : 37 Seq Length : 1
Episode : 38 Seq Length : 1
Episode : 39 Seq Length : 1
Episode : 40 Seq Length : 1
Episode : 41 Seq Length : 1
Episode : 42 Seq Length : 2
Episode : 43 Seq Length : 2
Episode : 44 Seq Length : 1
Episode : 45 Seq Length : 1
Episode : 46 Seq Length : 1
Episode : 47 Seq Length : 1
Episode : 48 Seq Length : 1
Episode : 49 Seq Length : 1
Episode : 50 Seq Length : 1
Episode : 51 Seq Length : 1
Episode : 52 Seq Length : 1
Episode : 53 Seq Length : 1
Episode : 54 Seq Length : 1
Episode : 55 Seq Length : 2
Episode : 56 Seq Length : 1
Episode : 57 Seq Length : 1
Episode : 58 Seq Length : 2
Episode : 59 Seq Length : 3
Episode : 60 Seq Length : 2
Episode : 61 Seq Length : 1
Episode : 62 Seq Length : 1
Episode : 63 Seq Length : 1
Episode : 64 Seq Length : 2
Episode : 65 Seq Length : 1
Episode : 66 Seq Length : 1
Episode : 67 Seq Length : 1
Episode : 68 Seq Length : 1
Episode : 69 Seq Length : 1
Episode : 70 Seq Length : 1
Episode : 71 Seq Length : 1
Episode : 72 Seq Length : 1
Episode : 73 Seq Length : 3
Episode : 74 Seq Length : 1
Episode : 75 Seq Length : 1
Episode : 76 Seq Length : 1
Episode : 77 Seq Length : 1
Episode : 78 Seq Length : 1
Episode : 79 Seq Length : 2
Episode : 80 Seq Length : 1
Episode : 81 Seq Length : 1
Episode : 82 Seq Length : 2
Episode : 83 Seq Length : 1
Episode : 84 Seq Length : 1
Episode : 85 Seq Length : 1
Episode : 86 Seq Length : 1
Episode : 87 Seq Length : 1
Episode : 88 Seq Length : 3
Episode : 89 Seq Length : 1
Episode : 90 Seq Length : 1
Episode : 91 Seq Length : 1
Episode : 92 Seq Length : 1
Episode : 93 Seq Length : 1
Episode : 94 Seq Length : 2
Episode : 95 Seq Length : 1
Episode : 96 Seq Length : 1
Episode : 97 Seq Length : 2
Episode : 98 Seq Length : 1
Episode : 99 Seq Length : 1
Episode : 100 Seq Length : 1
Episode : 101 Seq Length : 1
Episode : 102 Seq Length : 1
Episode : 103 Seq Length : 1
Episode : 104 Seq Length : 4
Episode : 105 Seq Length : 2
Episode : 106 Seq Length : 1
Episode : 107 Seq Length : 1
Episode : 108 Seq Length : 1
Episode : 109 Seq Length : 1
Episode : 110 Seq Length : 1
Episode : 111 Seq Length : 1
Episode : 112 Seq Length : 1
Episode : 113 Seq Length : 1
Episode : 114 Seq Length : 1
Episode : 115 Seq Length : 1
Episode : 116 Seq Length : 1
Episode : 117 Seq Length : 1
Episode : 118 Seq Length : 1
Episode : 119 Seq Length : 1
Episode : 120 Seq Length : 1
Episode : 121 Seq Length : 2
Episode : 122 Seq Length : 1
Episode : 123 Seq Length : 3
Episode : 124 Seq Length : 1
Episode : 125 Seq Length : 3
Episode : 126 Seq Length : 1
Episode : 127 Seq Length : 1
Episode : 128 Seq Length : 1
Episode : 129 Seq Length : 1
Episode : 130 Seq Length : 2
Episode : 131 Seq Length : 2
Episode : 132 Seq Length : 1
Episode : 133 Seq Length : 1
Episode : 134 Seq Length : 1
Episode : 135 Seq Length : 2
Episode : 136 Seq Length : 1
Episode : 137 Seq Length : 1
Episode : 138 Seq Length : 1
Episode : 139 Seq Length : 1
Episode : 140 Seq Length : 1
Episode : 141 Seq Length : 1
Episode : 142 Seq Length : 1
Episode : 143 Seq Length : 1
Episode : 144 Seq Length : 1
Episode : 145 Seq Length : 1
Episode : 146 Seq Length : 1
Episode : 147 Seq Length : 1
Episode : 148 Seq Length : 1
Episode : 149 Seq Length : 1
Episode : 150 Seq Length : 1
Episode : 151 Seq Length : 2
Episode : 152 Seq Length : 1
Episode : 153 Seq Length : 1
Episode : 154 Seq Length : 2
Episode : 155 Seq Length : 2
Episode : 156 Seq Length : 2
Episode : 157 Seq Length : 1
Episode : 158 Seq Length : 1
Episode : 159 Seq Length : 1
Episode : 160 Seq Length : 1
Episode : 161 Seq Length : 1
Episode : 162 Seq Length : 2
Episode : 163 Seq Length : 1
Episode : 164 Seq Length : 1
Episode : 165 Seq Length : 1
Episode : 166 Seq Length : 1
Episode : 167 Seq Length : 1
Episode : 168 Seq Length : 1
Episode : 169 Seq Length : 1
Episode : 170 Seq Length : 1
Episode : 171 Seq Length : 1
Episode : 172 Seq Length : 1
Episode : 173 Seq Length : 2
Episode : 174 Seq Length : 1
Episode : 175 Seq Length : 1
Episode : 176 Seq Length : 1
Episode : 177 Seq Length : 1
Episode : 178 Seq Length : 1
Episode : 179 Seq Length : 1
Episode : 180 Seq Length : 1
Episode : 181 Seq Length : 1
Episode : 182 Seq Length : 1
Episode : 183 Seq Length : 1
Episode : 184 Seq Length : 1
Episode : 185 Seq Length : 1
Episode : 186 Seq Length : 2
Episode : 187 Seq Length : 1
Episode : 188 Seq Length : 1
Episode : 189 Seq Length : 1
Episode : 190 Seq Length : 1
Episode : 191 Seq Length : 1
Episode : 192 Seq Length : 1
Episode : 193 Seq Length : 1
Episode : 194 Seq Length : 1
Episode : 195 Seq Length : 1
Episode : 196 Seq Length : 2
Episode : 197 Seq Length : 2
Episode : 198 Seq Length : 1
Episode : 199 Seq Length : 1
Time Elapsed for  bar.aig  :  877.473420381546 seconds

Running Reinforce on cavlc.aig.....
Time  01/26/2021, 09:55:38

###################################

Baseline Time Taken 0.25106900930404663  Baseline Nodes  635 Baseline Level  17  Total Reward  -0.2701118326118319
Input Feat Dim of Graph :  18  Output Channel Dim of Graph :  13
Episode : 0 Seq Length : 1
Episode : 1 Seq Length : 1
Episode : 2 Seq Length : 1
Episode : 3 Seq Length : 1
Episode : 4 Seq Length : 1
Episode : 5 Seq Length : 1
Episode : 6 Seq Length : 3
Episode : 7 Seq Length : 1
Episode : 8 Seq Length : 1
Episode : 9 Seq Length : 2
Episode : 10 Seq Length : 1
Episode : 11 Seq Length : 1
Episode : 12 Seq Length : 1
Episode : 13 Seq Length : 1
Episode : 14 Seq Length : 1
Episode : 15 Seq Length : 2
Episode : 16 Seq Length : 1
Episode : 17 Seq Length : 1
Episode : 18 Seq Length : 1
Episode : 19 Seq Length : 1
Episode : 20 Seq Length : 1
Episode : 21 Seq Length : 1
Episode : 22 Seq Length : 1
Episode : 23 Seq Length : 1
Episode : 24 Seq Length : 1
Episode : 25 Seq Length : 1
Episode : 26 Seq Length : 1
Episode : 27 Seq Length : 1
Episode : 28 Seq Length : 1
Episode : 29 Seq Length : 1
Episode : 30 Seq Length : 1
Episode : 31 Seq Length : 1
Episode : 32 Seq Length : 2
Episode : 33 Seq Length : 3
Episode : 34 Seq Length : 1
Episode : 35 Seq Length : 1
Episode : 36 Seq Length : 1
Episode : 37 Seq Length : 1
Episode : 38 Seq Length : 1
Episode : 39 Seq Length : 1
Episode : 40 Seq Length : 1
Episode : 41 Seq Length : 1
Episode : 42 Seq Length : 1
Episode : 43 Seq Length : 1
Episode : 44 Seq Length : 1
Episode : 45 Seq Length : 1
Episode : 46 Seq Length : 1
Episode : 47 Seq Length : 2
Episode : 48 Seq Length : 1
Episode : 49 Seq Length : 1
Episode : 50 Seq Length : 1
Episode : 51 Seq Length : 1
Episode : 52 Seq Length : 1
Episode : 53 Seq Length : 1
Episode : 54 Seq Length : 1
Episode : 55 Seq Length : 1
Episode : 56 Seq Length : 1
Episode : 57 Seq Length : 1
Episode : 58 Seq Length : 2
Episode : 59 Seq Length : 2
Episode : 60 Seq Length : 1
Episode : 61 Seq Length : 1
Episode : 62 Seq Length : 2
Episode : 63 Seq Length : 2
Episode : 64 Seq Length : 2
Episode : 65 Seq Length : 1
Episode : 66 Seq Length : 1
Episode : 67 Seq Length : 1
Episode : 68 Seq Length : 1
Episode : 69 Seq Length : 1
Episode : 70 Seq Length : 1
Episode : 71 Seq Length : 1
Episode : 72 Seq Length : 1
Episode : 73 Seq Length : 1
Episode : 74 Seq Length : 1
Episode : 75 Seq Length : 1
Episode : 76 Seq Length : 2
Episode : 77 Seq Length : 1
Episode : 78 Seq Length : 1
Episode : 79 Seq Length : 1
Episode : 80 Seq Length : 1
Episode : 81 Seq Length : 1
Episode : 82 Seq Length : 1
Episode : 83 Seq Length : 1
Episode : 84 Seq Length : 2
Episode : 85 Seq Length : 3
Episode : 86 Seq Length : 1
Episode : 87 Seq Length : 1
Episode : 88 Seq Length : 4
Episode : 89 Seq Length : 1
Episode : 90 Seq Length : 1
Episode : 91 Seq Length : 1
Episode : 92 Seq Length : 1
Episode : 93 Seq Length : 1
Episode : 94 Seq Length : 1
Episode : 95 Seq Length : 1
Episode : 96 Seq Length : 1
Episode : 97 Seq Length : 1
Episode : 98 Seq Length : 1
Episode : 99 Seq Length : 1
Episode : 100 Seq Length : 2
Episode : 101 Seq Length : 1
Episode : 102 Seq Length : 1
Episode : 103 Seq Length : 3
Episode : 104 Seq Length : 1
Episode : 105 Seq Length : 1
Episode : 106 Seq Length : 1
Episode : 107 Seq Length : 1
Episode : 108 Seq Length : 1
Episode : 109 Seq Length : 1
Episode : 110 Seq Length : 2
Episode : 111 Seq Length : 1
Episode : 112 Seq Length : 3
Episode : 113 Seq Length : 2
Episode : 114 Seq Length : 1
Episode : 115 Seq Length : 1
Episode : 116 Seq Length : 1
Episode : 117 Seq Length : 1
Episode : 118 Seq Length : 1
Episode : 119 Seq Length : 1
Episode : 120 Seq Length : 1
Episode : 121 Seq Length : 2
Episode : 122 Seq Length : 1
Episode : 123 Seq Length : 3
Episode : 124 Seq Length : 1
Episode : 125 Seq Length : 1
Episode : 126 Seq Length : 2
Episode : 127 Seq Length : 1
Episode : 128 Seq Length : 2
Episode : 129 Seq Length : 1
Episode : 130 Seq Length : 1
Episode : 131 Seq Length : 1
Episode : 132 Seq Length : 1
Episode : 133 Seq Length : 1
Episode : 134 Seq Length : 1
Episode : 135 Seq Length : 1
Episode : 136 Seq Length : 1
Episode : 137 Seq Length : 1
Episode : 138 Seq Length : 1
Episode : 139 Seq Length : 1
Episode : 140 Seq Length : 2
Episode : 141 Seq Length : 1
Episode : 142 Seq Length : 1
Episode : 143 Seq Length : 1
Episode : 144 Seq Length : 1
Episode : 145 Seq Length : 1
Episode : 146 Seq Length : 1
Episode : 147 Seq Length : 2
Episode : 148 Seq Length : 2
Episode : 149 Seq Length : 2
Episode : 150 Seq Length : 2
Episode : 151 Seq Length : 1
Episode : 152 Seq Length : 1
Episode : 153 Seq Length : 1
Episode : 154 Seq Length : 5
Episode : 155 Seq Length : 1
Episode : 156 Seq Length : 1
Episode : 157 Seq Length : 1
Episode : 158 Seq Length : 4
Episode : 159 Seq Length : 1
Episode : 160 Seq Length : 4
Episode : 161 Seq Length : 3
Episode : 162 Seq Length : 1
Episode : 163 Seq Length : 3
Episode : 164 Seq Length : 1
Episode : 165 Seq Length : 2
Episode : 166 Seq Length : 1
Episode : 167 Seq Length : 1
Episode : 168 Seq Length : 1
Episode : 169 Seq Length : 3
Episode : 170 Seq Length : 8
Episode : 171 Seq Length : 1
Episode : 172 Seq Length : 2
Episode : 173 Seq Length : 1
Episode : 174 Seq Length : 5
Episode : 175 Seq Length : 4
Episode : 176 Seq Length : 1
Episode : 177 Seq Length : 1
Episode : 178 Seq Length : 2
Episode : 179 Seq Length : 2
Episode : 180 Seq Length : 2
Episode : 181 Seq Length : 10
Episode : 182 Seq Length : 2
Episode : 183 Seq Length : 8
Episode : 184 Seq Length : 12
Episode : 185 Seq Length : 25
Episode : 186 Seq Length : 11
Episode : 187 Seq Length : 7
Episode : 188 Seq Length : 11
Episode : 189 Seq Length : 10
Episode : 190 Seq Length : 27
Episode : 191 Seq Length : 15
Episode : 192 Seq Length : 17
Episode : 193 Seq Length : 20
Episode : 194 Seq Length : 18
Episode : 195 Seq Length : 22
Episode : 196 Seq Length : 17
Episode : 197 Seq Length : 17
Episode : 198 Seq Length : 16
Episode : 199 Seq Length : 17
Time Elapsed for  cavlc.aig  :  275.7921416759491 seconds

Running Reinforce on ctrl.aig.....
Time  01/26/2021, 10:00:13

###################################

Baseline Time Taken 0.04913000017404556  Baseline Nodes  90 Baseline Level  10  Total Reward  0.9655172413793096
Input Feat Dim of Graph :  18  Output Channel Dim of Graph :  13
Episode : 0 Seq Length : 1
Episode : 1 Seq Length : 1
Episode : 2 Seq Length : 1
Episode : 3 Seq Length : 1
Episode : 4 Seq Length : 1
Episode : 5 Seq Length : 1
Episode : 6 Seq Length : 2
Episode : 7 Seq Length : 3
Episode : 8 Seq Length : 1
Episode : 9 Seq Length : 1
Episode : 10 Seq Length : 1
Episode : 11 Seq Length : 1
Episode : 12 Seq Length : 2
Episode : 13 Seq Length : 1
Episode : 14 Seq Length : 2
Episode : 15 Seq Length : 2
Episode : 16 Seq Length : 1
Episode : 17 Seq Length : 2
Episode : 18 Seq Length : 1
Episode : 19 Seq Length : 2
Episode : 20 Seq Length : 1
Episode : 21 Seq Length : 2
Episode : 22 Seq Length : 1
Episode : 23 Seq Length : 1
Episode : 24 Seq Length : 1
Episode : 25 Seq Length : 1
Episode : 26 Seq Length : 1
Episode : 27 Seq Length : 1
Episode : 28 Seq Length : 1
Episode : 29 Seq Length : 1
Episode : 30 Seq Length : 1
Episode : 31 Seq Length : 1
Episode : 32 Seq Length : 1
Episode : 33 Seq Length : 1
Episode : 34 Seq Length : 1
Episode : 35 Seq Length : 1
Episode : 36 Seq Length : 3
Episode : 37 Seq Length : 2
Episode : 38 Seq Length : 1
Episode : 39 Seq Length : 1
Episode : 40 Seq Length : 2
Episode : 41 Seq Length : 1
Episode : 42 Seq Length : 1
Episode : 43 Seq Length : 2
Episode : 44 Seq Length : 1
Episode : 45 Seq Length : 1
Episode : 46 Seq Length : 1
Episode : 47 Seq Length : 2
Episode : 48 Seq Length : 1
Episode : 49 Seq Length : 1
Episode : 50 Seq Length : 1
Episode : 51 Seq Length : 2
Episode : 52 Seq Length : 3
Episode : 53 Seq Length : 1
Episode : 54 Seq Length : 1
Episode : 55 Seq Length : 1
Episode : 56 Seq Length : 1
Episode : 57 Seq Length : 4
Episode : 58 Seq Length : 1
Episode : 59 Seq Length : 2
Episode : 60 Seq Length : 2
Episode : 61 Seq Length : 1
Episode : 62 Seq Length : 1
Episode : 63 Seq Length : 1
Episode : 64 Seq Length : 1
Episode : 65 Seq Length : 1
Episode : 66 Seq Length : 3
Episode : 67 Seq Length : 2
Episode : 68 Seq Length : 2
Episode : 69 Seq Length : 2
Episode : 70 Seq Length : 1
Episode : 71 Seq Length : 2
Episode : 72 Seq Length : 1
Episode : 73 Seq Length : 1
Episode : 74 Seq Length : 3
Episode : 75 Seq Length : 1
Episode : 76 Seq Length : 1
Episode : 77 Seq Length : 1
Episode : 78 Seq Length : 1
Episode : 79 Seq Length : 2
Episode : 80 Seq Length : 2
Episode : 81 Seq Length : 1
Episode : 82 Seq Length : 1
Episode : 83 Seq Length : 1
Episode : 84 Seq Length : 1
Episode : 85 Seq Length : 1
Episode : 86 Seq Length : 1
Episode : 87 Seq Length : 1
Episode : 88 Seq Length : 2
Episode : 89 Seq Length : 1
Episode : 90 Seq Length : 2
Episode : 91 Seq Length : 1
Episode : 92 Seq Length : 1
Episode : 93 Seq Length : 1
Episode : 94 Seq Length : 1
Episode : 95 Seq Length : 1
Episode : 96 Seq Length : 1
Episode : 97 Seq Length : 2
Episode : 98 Seq Length : 2
Episode : 99 Seq Length : 1
Episode : 100 Seq Length : 1
Episode : 101 Seq Length : 1
Episode : 102 Seq Length : 2
Episode : 103 Seq Length : 1
Episode : 104 Seq Length : 2
Episode : 105 Seq Length : 1
Episode : 106 Seq Length : 3
Episode : 107 Seq Length : 1
Episode : 108 Seq Length : 1
Episode : 109 Seq Length : 2
Episode : 110 Seq Length : 1
Episode : 111 Seq Length : 1
Episode : 112 Seq Length : 3
Episode : 113 Seq Length : 1
Episode : 114 Seq Length : 1
Episode : 115 Seq Length : 1
Episode : 116 Seq Length : 1
Episode : 117 Seq Length : 1
Episode : 118 Seq Length : 2
Episode : 119 Seq Length : 1
Episode : 120 Seq Length : 1
Episode : 121 Seq Length : 2
Episode : 122 Seq Length : 2
Episode : 123 Seq Length : 2
Episode : 124 Seq Length : 1
Episode : 125 Seq Length : 1
Episode : 126 Seq Length : 2
Episode : 127 Seq Length : 1
Episode : 128 Seq Length : 1
Episode : 129 Seq Length : 3
Episode : 130 Seq Length : 1
Episode : 131 Seq Length : 1
Episode : 132 Seq Length : 2
Episode : 133 Seq Length : 1
Episode : 134 Seq Length : 1
Episode : 135 Seq Length : 1
Episode : 136 Seq Length : 2
Episode : 137 Seq Length : 1
Episode : 138 Seq Length : 2
Episode : 139 Seq Length : 3
Episode : 140 Seq Length : 1
Episode : 141 Seq Length : 1
Episode : 142 Seq Length : 1
Episode : 143 Seq Length : 1
Episode : 144 Seq Length : 1
Episode : 145 Seq Length : 1
Episode : 146 Seq Length : 2
Episode : 147 Seq Length : 1
Episode : 148 Seq Length : 1
Episode : 149 Seq Length : 3
Episode : 150 Seq Length : 2
Episode : 151 Seq Length : 1
Episode : 152 Seq Length : 1
Episode : 153 Seq Length : 2
Episode : 154 Seq Length : 1
Episode : 155 Seq Length : 1
Episode : 156 Seq Length : 1
Episode : 157 Seq Length : 2
Episode : 158 Seq Length : 1
Episode : 159 Seq Length : 1
Episode : 160 Seq Length : 1
Episode : 161 Seq Length : 1
Episode : 162 Seq Length : 1
Episode : 163 Seq Length : 2
Episode : 164 Seq Length : 1
Episode : 165 Seq Length : 1
Episode : 166 Seq Length : 1
Episode : 167 Seq Length : 2
Episode : 168 Seq Length : 1
Episode : 169 Seq Length : 1
Episode : 170 Seq Length : 1
Episode : 171 Seq Length : 1
Episode : 172 Seq Length : 2
Episode : 173 Seq Length : 1
Episode : 174 Seq Length : 2
Episode : 175 Seq Length : 2
Episode : 176 Seq Length : 2
Episode : 177 Seq Length : 2
Episode : 178 Seq Length : 1
Episode : 179 Seq Length : 2
Episode : 180 Seq Length : 1
Episode : 181 Seq Length : 1
Episode : 182 Seq Length : 1
Episode : 183 Seq Length : 1
Episode : 184 Seq Length : 2
Episode : 185 Seq Length : 1
Episode : 186 Seq Length : 1
Episode : 187 Seq Length : 2
Episode : 188 Seq Length : 1
Episode : 189 Seq Length : 1
Episode : 190 Seq Length : 1
Episode : 191 Seq Length : 1
Episode : 192 Seq Length : 1
Episode : 193 Seq Length : 2
Episode : 194 Seq Length : 1
Episode : 195 Seq Length : 3
Episode : 196 Seq Length : 1
Episode : 197 Seq Length : 1
Episode : 198 Seq Length : 2
Episode : 199 Seq Length : 1
Time Elapsed for  ctrl.aig  :  56.81820368766785 seconds

Running Reinforce on dec.aig.....
Time  01/26/2021, 10:01:10

###################################

Baseline Time Taken 0.10697100311517715  Baseline Nodes  304 Baseline Level  3  Total Reward  0.0
Input Feat Dim of Graph :  18  Output Channel Dim of Graph :  13
Episode : 0 Seq Length : 1
Episode : 1 Seq Length : 1
Episode : 2 Seq Length : 2
Episode : 3 Seq Length : 2
Episode : 4 Seq Length : 1
Episode : 5 Seq Length : 1
Episode : 6 Seq Length : 1
Episode : 7 Seq Length : 2
Episode : 8 Seq Length : 2
Episode : 9 Seq Length : 2
Episode : 10 Seq Length : 2
Episode : 11 Seq Length : 1
Episode : 12 Seq Length : 2
Episode : 13 Seq Length : 1
Episode : 14 Seq Length : 3
Episode : 15 Seq Length : 1
Episode : 16 Seq Length : 1
Episode : 17 Seq Length : 1
Episode : 18 Seq Length : 1
Episode : 19 Seq Length : 1
Episode : 20 Seq Length : 1
Episode : 21 Seq Length : 2
Episode : 22 Seq Length : 1
Episode : 23 Seq Length : 1
Episode : 24 Seq Length : 3
Episode : 25 Seq Length : 1
Episode : 26 Seq Length : 2
Episode : 27 Seq Length : 2
Episode : 28 Seq Length : 1
Episode : 29 Seq Length : 2
Episode : 30 Seq Length : 1
Episode : 31 Seq Length : 2
Episode : 32 Seq Length : 2
Episode : 33 Seq Length : 2
Episode : 34 Seq Length : 2
Episode : 35 Seq Length : 1
Episode : 36 Seq Length : 3
Episode : 37 Seq Length : 3
Episode : 38 Seq Length : 2
Episode : 39 Seq Length : 2
Episode : 40 Seq Length : 1
Episode : 41 Seq Length : 1
Episode : 42 Seq Length : 2
Episode : 43 Seq Length : 2
Episode : 44 Seq Length : 1
Episode : 45 Seq Length : 1
Episode : 46 Seq Length : 1
Episode : 47 Seq Length : 1
Episode : 48 Seq Length : 2
Episode : 49 Seq Length : 2
Episode : 50 Seq Length : 1
Episode : 51 Seq Length : 1
Episode : 52 Seq Length : 1
Episode : 53 Seq Length : 2
Episode : 54 Seq Length : 1
Episode : 55 Seq Length : 1
Episode : 56 Seq Length : 2
Episode : 57 Seq Length : 2
Episode : 58 Seq Length : 2
Episode : 59 Seq Length : 1
Episode : 60 Seq Length : 2
Episode : 61 Seq Length : 2
Episode : 62 Seq Length : 1
Episode : 63 Seq Length : 1
Episode : 64 Seq Length : 2
Episode : 65 Seq Length : 1
Episode : 66 Seq Length : 1
Episode : 67 Seq Length : 3
Episode : 68 Seq Length : 2
Episode : 69 Seq Length : 1
Episode : 70 Seq Length : 2
Episode : 71 Seq Length : 2
Episode : 72 Seq Length : 1
Episode : 73 Seq Length : 1
Episode : 74 Seq Length : 1
Episode : 75 Seq Length : 1
Episode : 76 Seq Length : 2
Episode : 77 Seq Length : 1
Episode : 78 Seq Length : 2
Episode : 79 Seq Length : 1
Episode : 80 Seq Length : 2
Episode : 81 Seq Length : 1
Episode : 82 Seq Length : 2
Episode : 83 Seq Length : 1
Episode : 84 Seq Length : 1
Episode : 85 Seq Length : 2
Episode : 86 Seq Length : 3
Episode : 87 Seq Length : 2
Episode : 88 Seq Length : 2
Episode : 89 Seq Length : 3
Episode : 90 Seq Length : 2
Episode : 91 Seq Length : 3
Episode : 92 Seq Length : 1
Episode : 93 Seq Length : 1
Episode : 94 Seq Length : 3
Episode : 95 Seq Length : 2
Episode : 96 Seq Length : 1
Episode : 97 Seq Length : 2
Episode : 98 Seq Length : 2
Episode : 99 Seq Length : 2
Episode : 100 Seq Length : 1
Episode : 101 Seq Length : 2
Episode : 102 Seq Length : 2
Episode : 103 Seq Length : 1
Episode : 104 Seq Length : 3
Episode : 105 Seq Length : 1
Episode : 106 Seq Length : 2
Episode : 107 Seq Length : 1
Episode : 108 Seq Length : 1
Episode : 109 Seq Length : 2
Episode : 110 Seq Length : 2
Episode : 111 Seq Length : 2
Episode : 112 Seq Length : 2
Episode : 113 Seq Length : 3
Episode : 114 Seq Length : 1
Episode : 115 Seq Length : 2
Episode : 116 Seq Length : 1
Episode : 117 Seq Length : 1
Episode : 118 Seq Length : 2
Episode : 119 Seq Length : 2
Episode : 120 Seq Length : 2
Episode : 121 Seq Length : 2
Episode : 122 Seq Length : 1
Episode : 123 Seq Length : 2
Episode : 124 Seq Length : 1
Episode : 125 Seq Length : 1
Episode : 126 Seq Length : 2
Episode : 127 Seq Length : 1
Episode : 128 Seq Length : 2
Episode : 129 Seq Length : 2
Episode : 130 Seq Length : 2
Episode : 131 Seq Length : 1
Episode : 132 Seq Length : 3
Episode : 133 Seq Length : 1
Episode : 134 Seq Length : 1
Episode : 135 Seq Length : 2
Episode : 136 Seq Length : 1
Episode : 137 Seq Length : 2
Episode : 138 Seq Length : 2
Episode : 139 Seq Length : 1
Episode : 140 Seq Length : 1
Episode : 141 Seq Length : 1
Episode : 142 Seq Length : 1
Episode : 143 Seq Length : 1
Episode : 144 Seq Length : 1
Episode : 145 Seq Length : 2
Episode : 146 Seq Length : 3
Episode : 147 Seq Length : 1
Episode : 148 Seq Length : 1
Episode : 149 Seq Length : 1
Episode : 150 Seq Length : 2
Episode : 151 Seq Length : 1
Episode : 152 Seq Length : 2
Episode : 153 Seq Length : 2
Episode : 154 Seq Length : 1
Episode : 155 Seq Length : 1
Episode : 156 Seq Length : 2
Episode : 157 Seq Length : 2
Episode : 158 Seq Length : 2
Episode : 159 Seq Length : 1
Episode : 160 Seq Length : 2
Episode : 161 Seq Length : 1
Episode : 162 Seq Length : 2
Episode : 163 Seq Length : 3
Episode : 164 Seq Length : 1
Episode : 165 Seq Length : 1
Episode : 166 Seq Length : 1
Episode : 167 Seq Length : 1
Episode : 168 Seq Length : 2
Episode : 169 Seq Length : 3
Episode : 170 Seq Length : 1
Episode : 171 Seq Length : 2
Episode : 172 Seq Length : 2
Episode : 173 Seq Length : 2
Episode : 174 Seq Length : 1
Episode : 175 Seq Length : 1
Episode : 176 Seq Length : 1
Episode : 177 Seq Length : 2
Episode : 178 Seq Length : 1
Episode : 179 Seq Length : 1
Episode : 180 Seq Length : 2
Episode : 181 Seq Length : 1
Episode : 182 Seq Length : 1
Episode : 183 Seq Length : 1
Episode : 184 Seq Length : 2
Episode : 185 Seq Length : 2
Episode : 186 Seq Length : 2
Episode : 187 Seq Length : 2
Episode : 188 Seq Length : 2
Episode : 189 Seq Length : 3
Episode : 190 Seq Length : 1
Episode : 191 Seq Length : 2
Episode : 192 Seq Length : 1
Episode : 193 Seq Length : 1
Episode : 194 Seq Length : 1
Episode : 195 Seq Length : 1
Episode : 196 Seq Length : 2
Episode : 197 Seq Length : 2
Episode : 198 Seq Length : 1
Episode : 199 Seq Length : 2
Time Elapsed for  dec.aig  :  136.84249472618103 seconds

Running Reinforce on i10.aig.....
Time  01/26/2021, 10:03:27

###################################

Baseline Time Taken 0.4619179964065552  Baseline Nodes  1741 Baseline Level  37  Total Reward  2.5183177570093456
Input Feat Dim of Graph :  18  Output Channel Dim of Graph :  13
Episode : 0 Seq Length : 1
Episode : 1 Seq Length : 1
Episode : 2 Seq Length : 1
Episode : 3 Seq Length : 1
Episode : 4 Seq Length : 1
Episode : 5 Seq Length : 1
Episode : 6 Seq Length : 1
Episode : 7 Seq Length : 1
Episode : 8 Seq Length : 1
Episode : 9 Seq Length : 2
Episode : 10 Seq Length : 1
Episode : 11 Seq Length : 1
Episode : 12 Seq Length : 2
Episode : 13 Seq Length : 2
Episode : 14 Seq Length : 1
Episode : 15 Seq Length : 1
Episode : 16 Seq Length : 1
Episode : 17 Seq Length : 1
Episode : 18 Seq Length : 3
Episode : 19 Seq Length : 1
Episode : 20 Seq Length : 2
Episode : 21 Seq Length : 1
Episode : 22 Seq Length : 1
Episode : 23 Seq Length : 1
Episode : 24 Seq Length : 1
Episode : 25 Seq Length : 1
Episode : 26 Seq Length : 1
Episode : 27 Seq Length : 1
Episode : 28 Seq Length : 1
Episode : 29 Seq Length : 1
Episode : 30 Seq Length : 1
Episode : 31 Seq Length : 1
Episode : 32 Seq Length : 1
Episode : 33 Seq Length : 1
Episode : 34 Seq Length : 1
Episode : 35 Seq Length : 1
Episode : 36 Seq Length : 1
Episode : 37 Seq Length : 1
Episode : 38 Seq Length : 1
Episode : 39 Seq Length : 1
Episode : 40 Seq Length : 1
Episode : 41 Seq Length : 1
Episode : 42 Seq Length : 1
Episode : 43 Seq Length : 1
Episode : 44 Seq Length : 1
Episode : 45 Seq Length : 1
Episode : 46 Seq Length : 1
Episode : 47 Seq Length : 1
Episode : 48 Seq Length : 1
Episode : 49 Seq Length : 1
Episode : 50 Seq Length : 1
Episode : 51 Seq Length : 1
Episode : 52 Seq Length : 1
Episode : 53 Seq Length : 1
Episode : 54 Seq Length : 3
Episode : 55 Seq Length : 1
Episode : 56 Seq Length : 1
Episode : 57 Seq Length : 1
Episode : 58 Seq Length : 1
Episode : 59 Seq Length : 1
Episode : 60 Seq Length : 1
Episode : 61 Seq Length : 1
Episode : 62 Seq Length : 1
Episode : 63 Seq Length : 1
Episode : 64 Seq Length : 1
Episode : 65 Seq Length : 1
Episode : 66 Seq Length : 1
Episode : 67 Seq Length : 1
Episode : 68 Seq Length : 1
Episode : 69 Seq Length : 1
Episode : 70 Seq Length : 1
Episode : 71 Seq Length : 1
Episode : 72 Seq Length : 1
Episode : 73 Seq Length : 1
Episode : 74 Seq Length : 1
Episode : 75 Seq Length : 1
Episode : 76 Seq Length : 1
Episode : 77 Seq Length : 1
Episode : 78 Seq Length : 1
Episode : 79 Seq Length : 1
Episode : 80 Seq Length : 1
Episode : 81 Seq Length : 1
Episode : 82 Seq Length : 1
Episode : 83 Seq Length : 1
Episode : 84 Seq Length : 3
Episode : 85 Seq Length : 1
Episode : 86 Seq Length : 1
Episode : 87 Seq Length : 1
Episode : 88 Seq Length : 1
Episode : 89 Seq Length : 1
Episode : 90 Seq Length : 1
Episode : 91 Seq Length : 1
Episode : 92 Seq Length : 1
Episode : 93 Seq Length : 1
Episode : 94 Seq Length : 1
Episode : 95 Seq Length : 1
Episode : 96 Seq Length : 1
Episode : 97 Seq Length : 1
Episode : 98 Seq Length : 1
Episode : 99 Seq Length : 1
Episode : 100 Seq Length : 1
Episode : 101 Seq Length : 1
Episode : 102 Seq Length : 1
Episode : 103 Seq Length : 1
Episode : 104 Seq Length : 1
Episode : 105 Seq Length : 1
Episode : 106 Seq Length : 1
Episode : 107 Seq Length : 2
Episode : 108 Seq Length : 1
Episode : 109 Seq Length : 1
Episode : 110 Seq Length : 1
Episode : 111 Seq Length : 1
Episode : 112 Seq Length : 1
Episode : 113 Seq Length : 1
Episode : 114 Seq Length : 1
Episode : 115 Seq Length : 1
Episode : 116 Seq Length : 1
Episode : 117 Seq Length : 1
Episode : 118 Seq Length : 1
Episode : 119 Seq Length : 2
Episode : 120 Seq Length : 1
Episode : 121 Seq Length : 1
Episode : 122 Seq Length : 1
Episode : 123 Seq Length : 1
Episode : 124 Seq Length : 1
Episode : 125 Seq Length : 1
Episode : 126 Seq Length : 1
Episode : 127 Seq Length : 2
Episode : 128 Seq Length : 1
Episode : 129 Seq Length : 1
Episode : 130 Seq Length : 1
Episode : 131 Seq Length : 1
Episode : 132 Seq Length : 1
Episode : 133 Seq Length : 2
Episode : 134 Seq Length : 2
Episode : 135 Seq Length : 1
Episode : 136 Seq Length : 1
Episode : 137 Seq Length : 1
Episode : 138 Seq Length : 2
Episode : 139 Seq Length : 1
Episode : 140 Seq Length : 1
Episode : 141 Seq Length : 1
Episode : 142 Seq Length : 1
Episode : 143 Seq Length : 1
Episode : 144 Seq Length : 1
Episode : 145 Seq Length : 1
Episode : 146 Seq Length : 1
Episode : 147 Seq Length : 1
Episode : 148 Seq Length : 2
Episode : 149 Seq Length : 1
Episode : 150 Seq Length : 2
Episode : 151 Seq Length : 1
Episode : 152 Seq Length : 1
Episode : 153 Seq Length : 1
Episode : 154 Seq Length : 1
Episode : 155 Seq Length : 1
Episode : 156 Seq Length : 2
Episode : 157 Seq Length : 1
Episode : 158 Seq Length : 1
Episode : 159 Seq Length : 1
Episode : 160 Seq Length : 2
Episode : 161 Seq Length : 1
Episode : 162 Seq Length : 1
Episode : 163 Seq Length : 2
Episode : 164 Seq Length : 1
Episode : 165 Seq Length : 1
Episode : 166 Seq Length : 1
Episode : 167 Seq Length : 1
Episode : 168 Seq Length : 1
Episode : 169 Seq Length : 3
Episode : 170 Seq Length : 1
Episode : 171 Seq Length : 1
Episode : 172 Seq Length : 2
Episode : 173 Seq Length : 2
Episode : 174 Seq Length : 1
Episode : 175 Seq Length : 1
Episode : 176 Seq Length : 1
Episode : 177 Seq Length : 1
Episode : 178 Seq Length : 1
Episode : 179 Seq Length : 1
Episode : 180 Seq Length : 1
Episode : 181 Seq Length : 2
Episode : 182 Seq Length : 1
Episode : 183 Seq Length : 1
Episode : 184 Seq Length : 1
Episode : 185 Seq Length : 1
Episode : 186 Seq Length : 1
Episode : 187 Seq Length : 2
Episode : 188 Seq Length : 2
Episode : 189 Seq Length : 1
Episode : 190 Seq Length : 1
Episode : 191 Seq Length : 1
Episode : 192 Seq Length : 1
Episode : 193 Seq Length : 1
Episode : 194 Seq Length : 1
Episode : 195 Seq Length : 1
Episode : 196 Seq Length : 1
Episode : 197 Seq Length : 1
Episode : 198 Seq Length : 1
Episode : 199 Seq Length : 1
Time Elapsed for  i10.aig  :  693.8894975185394 seconds

Running Reinforce on i2c.aig.....
Time  01/26/2021, 10:15:01

###################################

Baseline Time Taken 0.2288459986448288  Baseline Nodes  1069 Baseline Level  15  Total Reward  2.1568554396423245
Input Feat Dim of Graph :  18  Output Channel Dim of Graph :  13
Episode : 0 Seq Length : 1
Episode : 1 Seq Length : 1
Episode : 2 Seq Length : 1
Episode : 3 Seq Length : 1
Episode : 4 Seq Length : 3
Episode : 5 Seq Length : 1
Episode : 6 Seq Length : 1
Episode : 7 Seq Length : 1
Episode : 8 Seq Length : 1
Episode : 9 Seq Length : 1
Episode : 10 Seq Length : 1
Episode : 11 Seq Length : 1
Episode : 12 Seq Length : 2
Episode : 13 Seq Length : 1
Episode : 14 Seq Length : 1
Episode : 15 Seq Length : 1
Episode : 16 Seq Length : 1
Episode : 17 Seq Length : 1
Episode : 18 Seq Length : 1
Episode : 19 Seq Length : 1
Episode : 20 Seq Length : 1
Episode : 21 Seq Length : 2
Episode : 22 Seq Length : 1
Episode : 23 Seq Length : 2
Episode : 24 Seq Length : 1
Episode : 25 Seq Length : 1
Episode : 26 Seq Length : 1
Episode : 27 Seq Length : 1
Episode : 28 Seq Length : 1
Episode : 29 Seq Length : 1
Episode : 30 Seq Length : 2
Episode : 31 Seq Length : 1
Episode : 32 Seq Length : 1
Episode : 33 Seq Length : 1
Episode : 34 Seq Length : 1
Episode : 35 Seq Length : 2
Episode : 36 Seq Length : 1
Episode : 37 Seq Length : 1
Episode : 38 Seq Length : 2
Episode : 39 Seq Length : 1
Episode : 40 Seq Length : 3
Episode : 41 Seq Length : 1
Episode : 42 Seq Length : 2
Episode : 43 Seq Length : 1
Episode : 44 Seq Length : 1
Episode : 45 Seq Length : 2
Episode : 46 Seq Length : 1
Episode : 47 Seq Length : 1
Episode : 48 Seq Length : 3
Episode : 49 Seq Length : 1
Episode : 50 Seq Length : 1
Episode : 51 Seq Length : 2
Episode : 52 Seq Length : 1
Episode : 53 Seq Length : 1
Episode : 54 Seq Length : 1
Episode : 55 Seq Length : 1
Episode : 56 Seq Length : 1
Episode : 57 Seq Length : 1
Episode : 58 Seq Length : 2
Episode : 59 Seq Length : 1
Episode : 60 Seq Length : 1
Episode : 61 Seq Length : 1
Episode : 62 Seq Length : 1
Episode : 63 Seq Length : 1
Episode : 64 Seq Length : 1
Episode : 65 Seq Length : 1
Episode : 66 Seq Length : 1
Episode : 67 Seq Length : 1
Episode : 68 Seq Length : 1
Episode : 69 Seq Length : 1
Episode : 70 Seq Length : 1
Episode : 71 Seq Length : 1
Episode : 72 Seq Length : 1
Episode : 73 Seq Length : 1
Episode : 74 Seq Length : 3
Episode : 75 Seq Length : 1
Episode : 76 Seq Length : 1
Episode : 77 Seq Length : 1
Episode : 78 Seq Length : 1
Episode : 79 Seq Length : 1
Episode : 80 Seq Length : 1
Episode : 81 Seq Length : 1
Episode : 82 Seq Length : 1
Episode : 83 Seq Length : 1
Episode : 84 Seq Length : 1
Episode : 85 Seq Length : 1
Episode : 86 Seq Length : 1
Episode : 87 Seq Length : 2
Episode : 88 Seq Length : 1
Episode : 89 Seq Length : 1
Episode : 90 Seq Length : 1
Episode : 91 Seq Length : 1
Episode : 92 Seq Length : 1
Episode : 93 Seq Length : 1
Episode : 94 Seq Length : 1
Episode : 95 Seq Length : 1
Episode : 96 Seq Length : 1
Episode : 97 Seq Length : 1
Episode : 98 Seq Length : 2
Episode : 99 Seq Length : 1
Episode : 100 Seq Length : 1
Episode : 101 Seq Length : 2
Episode : 102 Seq Length : 1
Episode : 103 Seq Length : 1
Episode : 104 Seq Length : 1
Episode : 105 Seq Length : 1
Episode : 106 Seq Length : 1
Episode : 107 Seq Length : 1
Episode : 108 Seq Length : 1
Episode : 109 Seq Length : 1
Episode : 110 Seq Length : 1
Episode : 111 Seq Length : 1
Episode : 112 Seq Length : 2
Episode : 113 Seq Length : 1
Episode : 114 Seq Length : 1
Episode : 115 Seq Length : 1
Episode : 116 Seq Length : 1
Episode : 117 Seq Length : 1
Episode : 118 Seq Length : 1
Episode : 119 Seq Length : 1
Episode : 120 Seq Length : 1
Episode : 121 Seq Length : 1
Episode : 122 Seq Length : 1
Episode : 123 Seq Length : 1
Episode : 124 Seq Length : 1
Episode : 125 Seq Length : 1
Episode : 126 Seq Length : 1
Episode : 127 Seq Length : 1
Episode : 128 Seq Length : 1
Episode : 129 Seq Length : 1
Episode : 130 Seq Length : 1
Episode : 131 Seq Length : 1
Episode : 132 Seq Length : 1
Episode : 133 Seq Length : 4
Episode : 134 Seq Length : 3
Episode : 135 Seq Length : 1
Episode : 136 Seq Length : 1
Episode : 137 Seq Length : 2
Episode : 138 Seq Length : 1
Episode : 139 Seq Length : 1
Episode : 140 Seq Length : 1
Episode : 141 Seq Length : 1
Episode : 142 Seq Length : 1
Episode : 143 Seq Length : 1
Episode : 144 Seq Length : 2
Episode : 145 Seq Length : 1
Episode : 146 Seq Length : 1
Episode : 147 Seq Length : 2
Episode : 148 Seq Length : 1
Episode : 149 Seq Length : 2
Episode : 150 Seq Length : 1
Episode : 151 Seq Length : 1
Episode : 152 Seq Length : 1
Episode : 153 Seq Length : 1
Episode : 154 Seq Length : 2
Episode : 155 Seq Length : 1
Episode : 156 Seq Length : 1
Episode : 157 Seq Length : 1
Episode : 158 Seq Length : 1
Episode : 159 Seq Length : 3
Episode : 160 Seq Length : 1
Episode : 161 Seq Length : 2
Episode : 162 Seq Length : 1
Episode : 163 Seq Length : 1
Episode : 164 Seq Length : 1
Episode : 165 Seq Length : 1
Episode : 166 Seq Length : 1
Episode : 167 Seq Length : 1
Episode : 168 Seq Length : 2
Episode : 169 Seq Length : 1
Episode : 170 Seq Length : 1
Episode : 171 Seq Length : 1
Episode : 172 Seq Length : 1
Episode : 173 Seq Length : 1
Episode : 174 Seq Length : 1
Episode : 175 Seq Length : 1
Episode : 176 Seq Length : 2
Episode : 177 Seq Length : 1
Episode : 178 Seq Length : 1
Episode : 179 Seq Length : 2
Episode : 180 Seq Length : 2
Episode : 181 Seq Length : 1
Episode : 182 Seq Length : 1
Episode : 183 Seq Length : 1
Episode : 184 Seq Length : 1
Episode : 185 Seq Length : 1
Episode : 186 Seq Length : 1
Episode : 187 Seq Length : 1
Episode : 188 Seq Length : 1
Episode : 189 Seq Length : 1
Episode : 190 Seq Length : 1
Episode : 191 Seq Length : 1
Episode : 192 Seq Length : 2
Episode : 193 Seq Length : 1
Episode : 194 Seq Length : 3
Episode : 195 Seq Length : 1
Episode : 196 Seq Length : 1
Episode : 197 Seq Length : 1
Episode : 198 Seq Length : 1
Episode : 199 Seq Length : 1
Time Elapsed for  i2c.aig  :  368.2884261608124 seconds

Running Reinforce on int2float.aig.....
Time  01/26/2021, 10:21:09

###################################

Baseline Time Taken 0.074194997549057  Baseline Nodes  209 Baseline Level  15  Total Reward  0.8298076923076927
Input Feat Dim of Graph :  18  Output Channel Dim of Graph :  13
Episode : 0 Seq Length : 2
Episode : 1 Seq Length : 1
Episode : 2 Seq Length : 2
Episode : 3 Seq Length : 1
Episode : 4 Seq Length : 1
Episode : 5 Seq Length : 1
Episode : 6 Seq Length : 1
Episode : 7 Seq Length : 1
Episode : 8 Seq Length : 1
Episode : 9 Seq Length : 1
Episode : 10 Seq Length : 1
Episode : 11 Seq Length : 1
Episode : 12 Seq Length : 1
Episode : 13 Seq Length : 1
Episode : 14 Seq Length : 1
Episode : 15 Seq Length : 1
Episode : 16 Seq Length : 1
Episode : 17 Seq Length : 1
Episode : 18 Seq Length : 1
Episode : 19 Seq Length : 1
Episode : 20 Seq Length : 1
Episode : 21 Seq Length : 2
Episode : 22 Seq Length : 3
Episode : 23 Seq Length : 1
Episode : 24 Seq Length : 1
Episode : 25 Seq Length : 1
Episode : 26 Seq Length : 1
Episode : 27 Seq Length : 1
Episode : 28 Seq Length : 1
Episode : 29 Seq Length : 1
Episode : 30 Seq Length : 2
Episode : 31 Seq Length : 1
Episode : 32 Seq Length : 1
Episode : 33 Seq Length : 1
Episode : 34 Seq Length : 1
Episode : 35 Seq Length : 1
Episode : 36 Seq Length : 1
Episode : 37 Seq Length : 1
Episode : 38 Seq Length : 1
Episode : 39 Seq Length : 1
Episode : 40 Seq Length : 1
Episode : 41 Seq Length : 1
Episode : 42 Seq Length : 1
Episode : 43 Seq Length : 1
Episode : 44 Seq Length : 1
Episode : 45 Seq Length : 1
Episode : 46 Seq Length : 1
Episode : 47 Seq Length : 2
Episode : 48 Seq Length : 1
Episode : 49 Seq Length : 1
Episode : 50 Seq Length : 1
Episode : 51 Seq Length : 1
Episode : 52 Seq Length : 1
Episode : 53 Seq Length : 1
Episode : 54 Seq Length : 1
Episode : 55 Seq Length : 1
Episode : 56 Seq Length : 1
Episode : 57 Seq Length : 1
Episode : 58 Seq Length : 1
Episode : 59 Seq Length : 1
Episode : 60 Seq Length : 1
Episode : 61 Seq Length : 1
Episode : 62 Seq Length : 2
Episode : 63 Seq Length : 1
Episode : 64 Seq Length : 1
Episode : 65 Seq Length : 1
Episode : 66 Seq Length : 1
Episode : 67 Seq Length : 1
Episode : 68 Seq Length : 1
Episode : 69 Seq Length : 1
Episode : 70 Seq Length : 1
Episode : 71 Seq Length : 1
Episode : 72 Seq Length : 1
Episode : 73 Seq Length : 1
Episode : 74 Seq Length : 1
Episode : 75 Seq Length : 1
Episode : 76 Seq Length : 2
Episode : 77 Seq Length : 6
Episode : 78 Seq Length : 1
Episode : 79 Seq Length : 2
Episode : 80 Seq Length : 2
Episode : 81 Seq Length : 1
Episode : 82 Seq Length : 2
Episode : 83 Seq Length : 1
Episode : 84 Seq Length : 1
Episode : 85 Seq Length : 1
Episode : 86 Seq Length : 1
Episode : 87 Seq Length : 1
Episode : 88 Seq Length : 1
Episode : 89 Seq Length : 1
Episode : 90 Seq Length : 1
Episode : 91 Seq Length : 1
Episode : 92 Seq Length : 1
Episode : 93 Seq Length : 1
Episode : 94 Seq Length : 1
Episode : 95 Seq Length : 1
Episode : 96 Seq Length : 1
Episode : 97 Seq Length : 1
Episode : 98 Seq Length : 1
Episode : 99 Seq Length : 1
Episode : 100 Seq Length : 1
Episode : 101 Seq Length : 1
Episode : 102 Seq Length : 1
Episode : 103 Seq Length : 3
Episode : 104 Seq Length : 1
Episode : 105 Seq Length : 1
Episode : 106 Seq Length : 2
Episode : 107 Seq Length : 1
Episode : 108 Seq Length : 5
Episode : 109 Seq Length : 1
Episode : 110 Seq Length : 1
Episode : 111 Seq Length : 1
Episode : 112 Seq Length : 1
Episode : 113 Seq Length : 2
Episode : 114 Seq Length : 1
Episode : 115 Seq Length : 1
Episode : 116 Seq Length : 1
Episode : 117 Seq Length : 1
Episode : 118 Seq Length : 3
Episode : 119 Seq Length : 2
Episode : 120 Seq Length : 1
Episode : 121 Seq Length : 1
Episode : 122 Seq Length : 1
Episode : 123 Seq Length : 2
Episode : 124 Seq Length : 2
Episode : 125 Seq Length : 4
Episode : 126 Seq Length : 1
Episode : 127 Seq Length : 1
Episode : 128 Seq Length : 4
Episode : 129 Seq Length : 4
Episode : 130 Seq Length : 9
Episode : 131 Seq Length : 1
Episode : 132 Seq Length : 1
Episode : 133 Seq Length : 5
Episode : 134 Seq Length : 6
Episode : 135 Seq Length : 2
Episode : 136 Seq Length : 1
Episode : 137 Seq Length : 1
Episode : 138 Seq Length : 1
Episode : 139 Seq Length : 3
Episode : 140 Seq Length : 8
Episode : 141 Seq Length : 3
Episode : 142 Seq Length : 11
Episode : 143 Seq Length : 7
Episode : 144 Seq Length : 2
Episode : 145 Seq Length : 11
Episode : 146 Seq Length : 2
Episode : 147 Seq Length : 7
Episode : 148 Seq Length : 6
Episode : 149 Seq Length : 3
Episode : 150 Seq Length : 3
Episode : 151 Seq Length : 2
Episode : 152 Seq Length : 6
Episode : 153 Seq Length : 3
Episode : 154 Seq Length : 9
Episode : 155 Seq Length : 8
Episode : 156 Seq Length : 4
Episode : 157 Seq Length : 14
Episode : 158 Seq Length : 18
Episode : 159 Seq Length : 2
Episode : 160 Seq Length : 11
Episode : 161 Seq Length : 6
Episode : 162 Seq Length : 17
Episode : 163 Seq Length : 10
Episode : 164 Seq Length : 15
Episode : 165 Seq Length : 17
Episode : 166 Seq Length : 7
Episode : 167 Seq Length : 3
Episode : 168 Seq Length : 16
Episode : 169 Seq Length : 20
Episode : 170 Seq Length : 3
Episode : 171 Seq Length : 12
Episode : 172 Seq Length : 9
Episode : 173 Seq Length : 3
Episode : 174 Seq Length : 5
Episode : 175 Seq Length : 10
Episode : 176 Seq Length : 6
Episode : 177 Seq Length : 3
Episode : 178 Seq Length : 12
Episode : 179 Seq Length : 2
Episode : 180 Seq Length : 16
Episode : 181 Seq Length : 46
Episode : 182 Seq Length : 9
Episode : 183 Seq Length : 4
Episode : 184 Seq Length : 15
Episode : 185 Seq Length : 10
Episode : 186 Seq Length : 4
Episode : 187 Seq Length : 9
Episode : 188 Seq Length : 15
Episode : 189 Seq Length : 18
Episode : 190 Seq Length : 18
Episode : 191 Seq Length : 10
Episode : 192 Seq Length : 19
Episode : 193 Seq Length : 26
Episode : 194 Seq Length : 15
Episode : 195 Seq Length : 4
Episode : 196 Seq Length : 17
Episode : 197 Seq Length : 5
Episode : 198 Seq Length : 5
Episode : 199 Seq Length : 4
Time Elapsed for  int2float.aig  :  139.49818778038025 seconds

Running Reinforce on max.aig.....
Time  01/26/2021, 10:23:29

###################################

Baseline Time Taken 0.41190898418426514  Baseline Nodes  2832 Baseline Level  206  Total Reward  1.9986464053122202
Input Feat Dim of Graph :  18  Output Channel Dim of Graph :  13
Episode : 0 Seq Length : 1
Episode : 1 Seq Length : 2
Episode : 2 Seq Length : 1
Episode : 3 Seq Length : 1
Episode : 4 Seq Length : 1
Episode : 5 Seq Length : 1
Episode : 6 Seq Length : 1
Episode : 7 Seq Length : 1
Episode : 8 Seq Length : 1
Episode : 9 Seq Length : 1
Episode : 10 Seq Length : 1
Episode : 11 Seq Length : 1
Episode : 12 Seq Length : 1
Episode : 13 Seq Length : 3
Episode : 14 Seq Length : 1
Episode : 15 Seq Length : 1
Episode : 16 Seq Length : 1
Episode : 17 Seq Length : 1
Episode : 18 Seq Length : 1
Episode : 19 Seq Length : 1
Episode : 20 Seq Length : 1
Episode : 21 Seq Length : 1
Episode : 22 Seq Length : 1
Episode : 23 Seq Length : 1
Episode : 24 Seq Length : 1
Episode : 25 Seq Length : 1
Episode : 26 Seq Length : 1
Episode : 27 Seq Length : 1
Episode : 28 Seq Length : 1
Episode : 29 Seq Length : 3
Episode : 30 Seq Length : 1
Episode : 31 Seq Length : 1
Episode : 32 Seq Length : 1
Episode : 33 Seq Length : 1
Episode : 34 Seq Length : 1
Episode : 35 Seq Length : 1
Episode : 36 Seq Length : 1
Episode : 37 Seq Length : 1
Episode : 38 Seq Length : 1
Episode : 39 Seq Length : 2
Episode : 40 Seq Length : 1
Episode : 41 Seq Length : 1
Episode : 42 Seq Length : 2
Episode : 43 Seq Length : 2
Episode : 44 Seq Length : 1
Episode : 45 Seq Length : 1
Episode : 46 Seq Length : 1
Episode : 47 Seq Length : 1
Episode : 48 Seq Length : 1
Episode : 49 Seq Length : 1
Episode : 50 Seq Length : 1
Episode : 51 Seq Length : 1
Episode : 52 Seq Length : 1
Episode : 53 Seq Length : 1
Episode : 54 Seq Length : 1
Episode : 55 Seq Length : 1
Episode : 56 Seq Length : 1
Episode : 57 Seq Length : 1
Episode : 58 Seq Length : 1
Episode : 59 Seq Length : 1
Episode : 60 Seq Length : 2
Episode : 61 Seq Length : 1
Episode : 62 Seq Length : 1
Episode : 63 Seq Length : 1
Episode : 64 Seq Length : 1
Episode : 65 Seq Length : 1
Episode : 66 Seq Length : 1
Episode : 67 Seq Length : 1
Episode : 68 Seq Length : 1
Episode : 69 Seq Length : 1
Episode : 70 Seq Length : 1
Episode : 71 Seq Length : 1
Episode : 72 Seq Length : 1
Episode : 73 Seq Length : 1
Episode : 74 Seq Length : 1
Episode : 75 Seq Length : 1
Episode : 76 Seq Length : 1
Episode : 77 Seq Length : 2
Episode : 78 Seq Length : 1
Episode : 79 Seq Length : 2
Episode : 80 Seq Length : 1
Episode : 81 Seq Length : 1
Episode : 82 Seq Length : 1
Episode : 83 Seq Length : 1
Episode : 84 Seq Length : 2
Episode : 85 Seq Length : 1
Episode : 86 Seq Length : 1
Episode : 87 Seq Length : 1
Episode : 88 Seq Length : 1
Episode : 89 Seq Length : 1
Episode : 90 Seq Length : 1
Episode : 91 Seq Length : 2
Episode : 92 Seq Length : 2
Episode : 93 Seq Length : 1
Episode : 94 Seq Length : 1
Episode : 95 Seq Length : 1
Episode : 96 Seq Length : 1
Episode : 97 Seq Length : 1
Episode : 98 Seq Length : 3
Episode : 99 Seq Length : 1
Episode : 100 Seq Length : 1
Episode : 101 Seq Length : 1
Episode : 102 Seq Length : 1
Episode : 103 Seq Length : 1
Episode : 104 Seq Length : 1
Episode : 105 Seq Length : 1
Episode : 106 Seq Length : 1
Episode : 107 Seq Length : 1
Episode : 108 Seq Length : 1
Episode : 109 Seq Length : 1
Episode : 110 Seq Length : 1
Episode : 111 Seq Length : 1
Episode : 112 Seq Length : 1
Episode : 113 Seq Length : 1
Episode : 114 Seq Length : 2
Episode : 115 Seq Length : 1
Episode : 116 Seq Length : 1
Episode : 117 Seq Length : 2
Episode : 118 Seq Length : 2
Episode : 119 Seq Length : 2
Episode : 120 Seq Length : 1
Episode : 121 Seq Length : 1
Episode : 122 Seq Length : 1
Episode : 123 Seq Length : 1
Episode : 124 Seq Length : 1
Episode : 125 Seq Length : 1
Episode : 126 Seq Length : 1
Episode : 127 Seq Length : 1
Episode : 128 Seq Length : 1
Episode : 129 Seq Length : 1
Episode : 130 Seq Length : 1
Episode : 131 Seq Length : 1
Episode : 132 Seq Length : 2
Episode : 133 Seq Length : 1
Episode : 134 Seq Length : 1
Episode : 135 Seq Length : 1
Episode : 136 Seq Length : 1
Episode : 137 Seq Length : 1
Episode : 138 Seq Length : 1
Episode : 139 Seq Length : 1
Episode : 140 Seq Length : 2
Episode : 141 Seq Length : 1
Episode : 142 Seq Length : 2
Episode : 143 Seq Length : 1
Episode : 144 Seq Length : 2
Episode : 145 Seq Length : 1
Episode : 146 Seq Length : 2
Episode : 147 Seq Length : 1
Episode : 148 Seq Length : 1
Episode : 149 Seq Length : 1
Episode : 150 Seq Length : 4
Episode : 151 Seq Length : 2
Episode : 152 Seq Length : 1
Episode : 153 Seq Length : 3
Episode : 154 Seq Length : 1
Episode : 155 Seq Length : 1
Episode : 156 Seq Length : 1
Episode : 157 Seq Length : 1
Episode : 158 Seq Length : 2
Episode : 159 Seq Length : 1
Episode : 160 Seq Length : 1
Episode : 161 Seq Length : 7
Episode : 162 Seq Length : 1
Episode : 163 Seq Length : 3
Episode : 164 Seq Length : 2
Episode : 165 Seq Length : 1
Episode : 166 Seq Length : 1
Episode : 167 Seq Length : 1
Episode : 168 Seq Length : 1
Episode : 169 Seq Length : 2
Episode : 170 Seq Length : 1
Episode : 171 Seq Length : 1
Episode : 172 Seq Length : 1
Episode : 173 Seq Length : 3
Episode : 174 Seq Length : 3
Episode : 175 Seq Length : 1
Episode : 176 Seq Length : 3
Episode : 177 Seq Length : 1
Episode : 178 Seq Length : 1
Episode : 179 Seq Length : 1
Episode : 180 Seq Length : 3
Episode : 181 Seq Length : 2
Episode : 182 Seq Length : 4
Episode : 183 Seq Length : 8
Episode : 184 Seq Length : 2
Episode : 185 Seq Length : 5
Episode : 186 Seq Length : 1
Episode : 187 Seq Length : 4
Episode : 188 Seq Length : 2
Episode : 189 Seq Length : 2
Episode : 190 Seq Length : 3
Episode : 191 Seq Length : 1
Episode : 192 Seq Length : 3
Episode : 193 Seq Length : 1
Episode : 194 Seq Length : 4
Episode : 195 Seq Length : 2
Episode : 196 Seq Length : 1
Episode : 197 Seq Length : 1
Episode : 198 Seq Length : 3
Episode : 199 Seq Length : 2
Time Elapsed for  max.aig  :  910.1169884204865 seconds

Running Reinforce on priority.aig.....
Time  01/26/2021, 10:38:39

###################################

Baseline Time Taken 0.13798299431800842  Baseline Nodes  466 Baseline Level  95  Total Reward  5.387034764826176
Input Feat Dim of Graph :  18  Output Channel Dim of Graph :  13
Episode : 0 Seq Length : 2
Episode : 1 Seq Length : 1
Episode : 2 Seq Length : 1
Episode : 3 Seq Length : 1
Episode : 4 Seq Length : 1
Episode : 5 Seq Length : 1
Episode : 6 Seq Length : 1
Episode : 7 Seq Length : 1
Episode : 8 Seq Length : 1
Episode : 9 Seq Length : 2
Episode : 10 Seq Length : 1
Episode : 11 Seq Length : 1
Episode : 12 Seq Length : 1
Episode : 13 Seq Length : 1
Episode : 14 Seq Length : 1
Episode : 15 Seq Length : 1
Episode : 16 Seq Length : 2
Episode : 17 Seq Length : 1
Episode : 18 Seq Length : 1
Episode : 19 Seq Length : 1
Episode : 20 Seq Length : 1
Episode : 21 Seq Length : 1
Episode : 22 Seq Length : 1
Episode : 23 Seq Length : 5
Episode : 24 Seq Length : 1
Episode : 25 Seq Length : 1
Episode : 26 Seq Length : 1
Episode : 27 Seq Length : 1
Episode : 28 Seq Length : 1
Episode : 29 Seq Length : 2
Episode : 30 Seq Length : 1
Episode : 31 Seq Length : 1
Episode : 32 Seq Length : 1
Episode : 33 Seq Length : 1
Episode : 34 Seq Length : 1
Episode : 35 Seq Length : 1
Episode : 36 Seq Length : 1
Episode : 37 Seq Length : 1
Episode : 38 Seq Length : 1
Episode : 39 Seq Length : 1
Episode : 40 Seq Length : 1
Episode : 41 Seq Length : 2
Episode : 42 Seq Length : 1
Episode : 43 Seq Length : 1
Episode : 44 Seq Length : 1
Episode : 45 Seq Length : 2
Episode : 46 Seq Length : 1
Episode : 47 Seq Length : 1
Episode : 48 Seq Length : 1
Episode : 49 Seq Length : 1
Episode : 50 Seq Length : 1
Episode : 51 Seq Length : 2
Episode : 52 Seq Length : 1
Episode : 53 Seq Length : 1
Episode : 54 Seq Length : 1
Episode : 55 Seq Length : 1
Episode : 56 Seq Length : 1
Episode : 57 Seq Length : 1
Episode : 58 Seq Length : 1
Episode : 59 Seq Length : 1
Episode : 60 Seq Length : 1
Episode : 61 Seq Length : 1
Episode : 62 Seq Length : 1
Episode : 63 Seq Length : 1
Episode : 64 Seq Length : 1
Episode : 65 Seq Length : 1
Episode : 66 Seq Length : 1
Episode : 67 Seq Length : 1
Episode : 68 Seq Length : 1
Episode : 69 Seq Length : 1
Episode : 70 Seq Length : 1
Episode : 71 Seq Length : 1
Episode : 72 Seq Length : 1
Episode : 73 Seq Length : 1
Episode : 74 Seq Length : 1
Episode : 75 Seq Length : 2
Episode : 76 Seq Length : 1
Episode : 77 Seq Length : 1
Episode : 78 Seq Length : 2
Episode : 79 Seq Length : 2
Episode : 80 Seq Length : 1
Episode : 81 Seq Length : 2
Episode : 82 Seq Length : 2
Episode : 83 Seq Length : 1
Episode : 84 Seq Length : 1
Episode : 85 Seq Length : 1
Episode : 86 Seq Length : 1
Episode : 87 Seq Length : 1
Episode : 88 Seq Length : 1
Episode : 89 Seq Length : 2
Episode : 90 Seq Length : 1
Episode : 91 Seq Length : 2
Episode : 92 Seq Length : 1
Episode : 93 Seq Length : 1
Episode : 94 Seq Length : 1
Episode : 95 Seq Length : 1
Episode : 96 Seq Length : 1
Episode : 97 Seq Length : 2
Episode : 98 Seq Length : 1
Episode : 99 Seq Length : 1
Episode : 100 Seq Length : 1
Episode : 101 Seq Length : 2
Episode : 102 Seq Length : 2
Episode : 103 Seq Length : 1
Episode : 104 Seq Length : 1
Episode : 105 Seq Length : 2
Episode : 106 Seq Length : 2
Episode : 107 Seq Length : 1
Episode : 108 Seq Length : 1
Episode : 109 Seq Length : 1
Episode : 110 Seq Length : 1
Episode : 111 Seq Length : 1
Episode : 112 Seq Length : 2
Episode : 113 Seq Length : 3
Episode : 114 Seq Length : 2
Episode : 115 Seq Length : 1
Episode : 116 Seq Length : 1
Episode : 117 Seq Length : 1
Episode : 118 Seq Length : 1
Episode : 119 Seq Length : 1
Episode : 120 Seq Length : 3
Episode : 121 Seq Length : 1
Episode : 122 Seq Length : 1
Episode : 123 Seq Length : 1
Episode : 124 Seq Length : 1
Episode : 125 Seq Length : 1
Episode : 126 Seq Length : 1
Episode : 127 Seq Length : 1
Episode : 128 Seq Length : 1
Episode : 129 Seq Length : 1
Episode : 130 Seq Length : 1
Episode : 131 Seq Length : 1
Episode : 132 Seq Length : 1
Episode : 133 Seq Length : 1
Episode : 134 Seq Length : 1
Episode : 135 Seq Length : 1
Episode : 136 Seq Length : 2
Episode : 137 Seq Length : 1
Episode : 138 Seq Length : 3
Episode : 139 Seq Length : 1
Episode : 140 Seq Length : 1
Episode : 141 Seq Length : 1
Episode : 142 Seq Length : 2
Episode : 143 Seq Length : 1
Episode : 144 Seq Length : 1
Episode : 145 Seq Length : 2
Episode : 146 Seq Length : 1
Episode : 147 Seq Length : 1
Episode : 148 Seq Length : 4
Episode : 149 Seq Length : 2
Episode : 150 Seq Length : 1
Episode : 151 Seq Length : 1
Episode : 152 Seq Length : 1
Episode : 153 Seq Length : 1
Episode : 154 Seq Length : 1
Episode : 155 Seq Length : 1
Episode : 156 Seq Length : 1
Episode : 157 Seq Length : 1
Episode : 158 Seq Length : 1
Episode : 159 Seq Length : 1
Episode : 160 Seq Length : 2
Episode : 161 Seq Length : 2
Episode : 162 Seq Length : 1
Episode : 163 Seq Length : 1
Episode : 164 Seq Length : 1
Episode : 165 Seq Length : 3
Episode : 166 Seq Length : 1
Episode : 167 Seq Length : 1
Episode : 168 Seq Length : 1
Episode : 169 Seq Length : 1
Episode : 170 Seq Length : 1
Episode : 171 Seq Length : 1
Episode : 172 Seq Length : 1
Episode : 173 Seq Length : 1
Episode : 174 Seq Length : 2
Episode : 175 Seq Length : 2
Episode : 176 Seq Length : 1
Episode : 177 Seq Length : 1
Episode : 178 Seq Length : 2
Episode : 179 Seq Length : 1
Episode : 180 Seq Length : 1
Episode : 181 Seq Length : 1
Episode : 182 Seq Length : 1
Episode : 183 Seq Length : 1
Episode : 184 Seq Length : 1
Episode : 185 Seq Length : 1
Episode : 186 Seq Length : 1
Episode : 187 Seq Length : 1
Episode : 188 Seq Length : 1
Episode : 189 Seq Length : 1
Episode : 190 Seq Length : 1
Episode : 191 Seq Length : 1
Episode : 192 Seq Length : 1
Episode : 193 Seq Length : 1
Episode : 194 Seq Length : 1
Episode : 195 Seq Length : 1
Episode : 196 Seq Length : 1
Episode : 197 Seq Length : 1
Episode : 198 Seq Length : 1
Episode : 199 Seq Length : 2
Time Elapsed for  priority.aig  :  267.79246973991394 seconds

Running Reinforce on router.aig.....
Time  01/26/2021, 10:43:07

###################################

Baseline Time Taken 0.08450300246477127  Baseline Nodes  183 Baseline Level  22  Total Reward  4.7240236345294715
Input Feat Dim of Graph :  18  Output Channel Dim of Graph :  13
Episode : 0 Seq Length : 1
Episode : 1 Seq Length : 1
Episode : 2 Seq Length : 1
Episode : 3 Seq Length : 3
Episode : 4 Seq Length : 1
Episode : 5 Seq Length : 1
Episode : 6 Seq Length : 1
Episode : 7 Seq Length : 1
Episode : 8 Seq Length : 2
Episode : 9 Seq Length : 1
Episode : 10 Seq Length : 2
Episode : 11 Seq Length : 1
Episode : 12 Seq Length : 1
Episode : 13 Seq Length : 1
Episode : 14 Seq Length : 1
Episode : 15 Seq Length : 1
Episode : 16 Seq Length : 1
Episode : 17 Seq Length : 1
Episode : 18 Seq Length : 1
Episode : 19 Seq Length : 2
Episode : 20 Seq Length : 1
Episode : 21 Seq Length : 3
Episode : 22 Seq Length : 1
Episode : 23 Seq Length : 1
Episode : 24 Seq Length : 1
Episode : 25 Seq Length : 1
Episode : 26 Seq Length : 1
Episode : 27 Seq Length : 1
Episode : 28 Seq Length : 1
Episode : 29 Seq Length : 1
Episode : 30 Seq Length : 1
Episode : 31 Seq Length : 1
Episode : 32 Seq Length : 3
Episode : 33 Seq Length : 2
Episode : 34 Seq Length : 1
Episode : 35 Seq Length : 2
Episode : 36 Seq Length : 2
Episode : 37 Seq Length : 1
Episode : 38 Seq Length : 1
Episode : 39 Seq Length : 1
Episode : 40 Seq Length : 1
Episode : 41 Seq Length : 1
Episode : 42 Seq Length : 1
Episode : 43 Seq Length : 2
Episode : 44 Seq Length : 1
Episode : 45 Seq Length : 1
Episode : 46 Seq Length : 1
Episode : 47 Seq Length : 1
Episode : 48 Seq Length : 1
Episode : 49 Seq Length : 1
Episode : 50 Seq Length : 1
Episode : 51 Seq Length : 1
Episode : 52 Seq Length : 1
Episode : 53 Seq Length : 1
Episode : 54 Seq Length : 1
Episode : 55 Seq Length : 1
Episode : 56 Seq Length : 1
Episode : 57 Seq Length : 3
Episode : 58 Seq Length : 1
Episode : 59 Seq Length : 1
Episode : 60 Seq Length : 1
Episode : 61 Seq Length : 2
Episode : 62 Seq Length : 1
Episode : 63 Seq Length : 1
Episode : 64 Seq Length : 2
Episode : 65 Seq Length : 1
Episode : 66 Seq Length : 1
Episode : 67 Seq Length : 1
Episode : 68 Seq Length : 2
Episode : 69 Seq Length : 2
Episode : 70 Seq Length : 1
Episode : 71 Seq Length : 1
Episode : 72 Seq Length : 1
Episode : 73 Seq Length : 1
Episode : 74 Seq Length : 2
Episode : 75 Seq Length : 1
Episode : 76 Seq Length : 1
Episode : 77 Seq Length : 2
Episode : 78 Seq Length : 1
Episode : 79 Seq Length : 1
Episode : 80 Seq Length : 1
Episode : 81 Seq Length : 1
Episode : 82 Seq Length : 1
Episode : 83 Seq Length : 1
Episode : 84 Seq Length : 1
Episode : 85 Seq Length : 1
Episode : 86 Seq Length : 1
Episode : 87 Seq Length : 1
Episode : 88 Seq Length : 1
Episode : 89 Seq Length : 2
Episode : 90 Seq Length : 1
Episode : 91 Seq Length : 1
Episode : 92 Seq Length : 1
Episode : 93 Seq Length : 2
Episode : 94 Seq Length : 1
Episode : 95 Seq Length : 1
Episode : 96 Seq Length : 1
Episode : 97 Seq Length : 1
Episode : 98 Seq Length : 1
Episode : 99 Seq Length : 1
Episode : 100 Seq Length : 1
Episode : 101 Seq Length : 1
Episode : 102 Seq Length : 1
Episode : 103 Seq Length : 1
Episode : 104 Seq Length : 1
Episode : 105 Seq Length : 1
Episode : 106 Seq Length : 1
Episode : 107 Seq Length : 1
Episode : 108 Seq Length : 3
Episode : 109 Seq Length : 1
Episode : 110 Seq Length : 1
Episode : 111 Seq Length : 2
Episode : 112 Seq Length : 1
Episode : 113 Seq Length : 1
Episode : 114 Seq Length : 1
Episode : 115 Seq Length : 1
Episode : 116 Seq Length : 1
Episode : 117 Seq Length : 2
Episode : 118 Seq Length : 2
Episode : 119 Seq Length : 1
Episode : 120 Seq Length : 1
Episode : 121 Seq Length : 4
Episode : 122 Seq Length : 1
Episode : 123 Seq Length : 2
Episode : 124 Seq Length : 1
Episode : 125 Seq Length : 1
Episode : 126 Seq Length : 1
Episode : 127 Seq Length : 1
Episode : 128 Seq Length : 2
Episode : 129 Seq Length : 1
Episode : 130 Seq Length : 1
Episode : 131 Seq Length : 1
Episode : 132 Seq Length : 1
Episode : 133 Seq Length : 1
Episode : 134 Seq Length : 1
Episode : 135 Seq Length : 3
Episode : 136 Seq Length : 2
Episode : 137 Seq Length : 1
Episode : 138 Seq Length : 1
Episode : 139 Seq Length : 1
Episode : 140 Seq Length : 2
Episode : 141 Seq Length : 1
Episode : 142 Seq Length : 1
Episode : 143 Seq Length : 2
Episode : 144 Seq Length : 1
Episode : 145 Seq Length : 1
Episode : 146 Seq Length : 2
Episode : 147 Seq Length : 2
Episode : 148 Seq Length : 1
Episode : 149 Seq Length : 1
Episode : 150 Seq Length : 1
Episode : 151 Seq Length : 1
Episode : 152 Seq Length : 2
Episode : 153 Seq Length : 5
Episode : 154 Seq Length : 1
Episode : 155 Seq Length : 1
Episode : 156 Seq Length : 1
Episode : 157 Seq Length : 1
Episode : 158 Seq Length : 1
Episode : 159 Seq Length : 1
Episode : 160 Seq Length : 2
Episode : 161 Seq Length : 1
Episode : 162 Seq Length : 2
Episode : 163 Seq Length : 1
Episode : 164 Seq Length : 1
Episode : 165 Seq Length : 1
Episode : 166 Seq Length : 1
Episode : 167 Seq Length : 3
Episode : 168 Seq Length : 1
Episode : 169 Seq Length : 1
Episode : 170 Seq Length : 2
Episode : 171 Seq Length : 1
Episode : 172 Seq Length : 2
Episode : 173 Seq Length : 1
Episode : 174 Seq Length : 1
Episode : 175 Seq Length : 3
Episode : 176 Seq Length : 2
Episode : 177 Seq Length : 4
Episode : 178 Seq Length : 7
Episode : 179 Seq Length : 2
Episode : 180 Seq Length : 1
Episode : 181 Seq Length : 6
Episode : 182 Seq Length : 4
Episode : 183 Seq Length : 4
Episode : 184 Seq Length : 6
Episode : 185 Seq Length : 3
Episode : 186 Seq Length : 9
Episode : 187 Seq Length : 8
Episode : 188 Seq Length : 7
Episode : 189 Seq Length : 5
Episode : 190 Seq Length : 9
Episode : 191 Seq Length : 4
Episode : 192 Seq Length : 6
Episode : 193 Seq Length : 2
Episode : 194 Seq Length : 7
Episode : 195 Seq Length : 4
Episode : 196 Seq Length : 2
Episode : 197 Seq Length : 7
Episode : 198 Seq Length : 3
Episode : 199 Seq Length : 22
Time Elapsed for  router.aig  :  100.20700001716614 seconds

Running Reinforce on sin.aig.....
Time  01/26/2021, 10:44:47

###################################

Baseline Time Taken 1.5537890195846558  Baseline Nodes  5019 Baseline Level  180  Total Reward  1.5466026587887738
Input Feat Dim of Graph :  18  Output Channel Dim of Graph :  13
Episode : 0 Seq Length : 2
Episode : 1 Seq Length : 2
Episode : 2 Seq Length : 3
Episode : 3 Seq Length : 2
Episode : 4 Seq Length : 3
Episode : 5 Seq Length : 2
Episode : 6 Seq Length : 2
Episode : 7 Seq Length : 2
Episode : 8 Seq Length : 2
Episode : 9 Seq Length : 2
Episode : 10 Seq Length : 2
Episode : 11 Seq Length : 3
Episode : 12 Seq Length : 2
Episode : 13 Seq Length : 2
Episode : 14 Seq Length : 3
Episode : 15 Seq Length : 2
Episode : 16 Seq Length : 2
Episode : 17 Seq Length : 2
Episode : 18 Seq Length : 2
Episode : 19 Seq Length : 2
Episode : 20 Seq Length : 2
Episode : 21 Seq Length : 2
Episode : 22 Seq Length : 3
Episode : 23 Seq Length : 2
Episode : 24 Seq Length : 2
Episode : 25 Seq Length : 2
Episode : 26 Seq Length : 3
Episode : 27 Seq Length : 2
Episode : 28 Seq Length : 2
Episode : 29 Seq Length : 3
Episode : 30 Seq Length : 3
Episode : 31 Seq Length : 3
Episode : 32 Seq Length : 3
Episode : 33 Seq Length : 3
Episode : 34 Seq Length : 2
Episode : 35 Seq Length : 2
Episode : 36 Seq Length : 3
Episode : 37 Seq Length : 2
Episode : 38 Seq Length : 2
Episode : 39 Seq Length : 3
Episode : 40 Seq Length : 3
Episode : 41 Seq Length : 2
Episode : 42 Seq Length : 2
Episode : 43 Seq Length : 2
Episode : 44 Seq Length : 4
Episode : 45 Seq Length : 2
Episode : 46 Seq Length : 2
Episode : 47 Seq Length : 3
Episode : 48 Seq Length : 3
Episode : 49 Seq Length : 3
Episode : 50 Seq Length : 2
Episode : 51 Seq Length : 2
Episode : 52 Seq Length : 2
Episode : 53 Seq Length : 2
Episode : 54 Seq Length : 2
Episode : 55 Seq Length : 2
Episode : 56 Seq Length : 2
Episode : 57 Seq Length : 3
Episode : 58 Seq Length : 2
Episode : 59 Seq Length : 2
Episode : 60 Seq Length : 2
Episode : 61 Seq Length : 3
Episode : 62 Seq Length : 2
Episode : 63 Seq Length : 3
Episode : 64 Seq Length : 2
Episode : 65 Seq Length : 2
Episode : 66 Seq Length : 2
Episode : 67 Seq Length : 2
Episode : 68 Seq Length : 3
Episode : 69 Seq Length : 2
Episode : 70 Seq Length : 3
Episode : 71 Seq Length : 2
Episode : 72 Seq Length : 3
Episode : 73 Seq Length : 3
Episode : 74 Seq Length : 3
Episode : 75 Seq Length : 2
Episode : 76 Seq Length : 3
Episode : 77 Seq Length : 2
Episode : 78 Seq Length : 3
Episode : 79 Seq Length : 2
Episode : 80 Seq Length : 4
Episode : 81 Seq Length : 2
Episode : 82 Seq Length : 3
Episode : 83 Seq Length : 4
Episode : 84 Seq Length : 3
Episode : 85 Seq Length : 2
Episode : 86 Seq Length : 3
Episode : 87 Seq Length : 4
Episode : 88 Seq Length : 2
Episode : 89 Seq Length : 7
Episode : 90 Seq Length : 5
Episode : 91 Seq Length : 2
Episode : 92 Seq Length : 3
Episode : 93 Seq Length : 3
Episode : 94 Seq Length : 3
Episode : 95 Seq Length : 2
Episode : 96 Seq Length : 3
Episode : 97 Seq Length : 2
Episode : 98 Seq Length : 4
Episode : 99 Seq Length : 6
Episode : 100 Seq Length : 3
Episode : 101 Seq Length : 4
Episode : 102 Seq Length : 5
Episode : 103 Seq Length : 6
Episode : 104 Seq Length : 3
Episode : 105 Seq Length : 3
Episode : 106 Seq Length : 3
Episode : 107 Seq Length : 2
Episode : 108 Seq Length : 3
Episode : 109 Seq Length : 6
Episode : 110 Seq Length : 4
Episode : 111 Seq Length : 4
Episode : 112 Seq Length : 4
Episode : 113 Seq Length : 6
Episode : 114 Seq Length : 5
Episode : 115 Seq Length : 4
Episode : 116 Seq Length : 3
Episode : 117 Seq Length : 4
Episode : 118 Seq Length : 3
Episode : 119 Seq Length : 4
Episode : 120 Seq Length : 3
Episode : 121 Seq Length : 5
Episode : 122 Seq Length : 15
Episode : 123 Seq Length : 3
Episode : 124 Seq Length : 4
Episode : 125 Seq Length : 3
Episode : 126 Seq Length : 4
Episode : 127 Seq Length : 3
Episode : 128 Seq Length : 3
Episode : 129 Seq Length : 5
Episode : 130 Seq Length : 3
Episode : 131 Seq Length : 3
Episode : 132 Seq Length : 2
Episode : 133 Seq Length : 3
Episode : 134 Seq Length : 2
Episode : 135 Seq Length : 3
Episode : 136 Seq Length : 6
Episode : 137 Seq Length : 5
Episode : 138 Seq Length : 15
Episode : 139 Seq Length : 4
Episode : 140 Seq Length : 3
Episode : 141 Seq Length : 7
Episode : 142 Seq Length : 6
Episode : 143 Seq Length : 4
Episode : 144 Seq Length : 6
Episode : 145 Seq Length : 3
Episode : 146 Seq Length : 7
Episode : 147 Seq Length : 5
Episode : 148 Seq Length : 5
Episode : 149 Seq Length : 4
Episode : 150 Seq Length : 2
Episode : 151 Seq Length : 3
Episode : 152 Seq Length : 3
Episode : 153 Seq Length : 4
Episode : 154 Seq Length : 3
Episode : 155 Seq Length : 11
Episode : 156 Seq Length : 2
Episode : 157 Seq Length : 5
Episode : 158 Seq Length : 4
Episode : 159 Seq Length : 6
Episode : 160 Seq Length : 3
Episode : 161 Seq Length : 5
Episode : 162 Seq Length : 4
Episode : 163 Seq Length : 6
Episode : 164 Seq Length : 4
Episode : 165 Seq Length : 4
Episode : 166 Seq Length : 5
Episode : 167 Seq Length : 4
Episode : 168 Seq Length : 9
Episode : 169 Seq Length : 6
Episode : 170 Seq Length : 10
Episode : 171 Seq Length : 11
Episode : 172 Seq Length : 6
Episode : 173 Seq Length : 4
Episode : 174 Seq Length : 5
Episode : 175 Seq Length : 4
Episode : 176 Seq Length : 4
Episode : 177 Seq Length : 2
Episode : 178 Seq Length : 6
Episode : 179 Seq Length : 7
Episode : 180 Seq Length : 5
Episode : 181 Seq Length : 7
Episode : 182 Seq Length : 4
Episode : 183 Seq Length : 3
Episode : 184 Seq Length : 4
Episode : 185 Seq Length : 5
Episode : 186 Seq Length : 4
Episode : 187 Seq Length : 4
Episode : 188 Seq Length : 4
Episode : 189 Seq Length : 7
Episode : 190 Seq Length : 4
Episode : 191 Seq Length : 9
Episode : 192 Seq Length : 5
Episode : 193 Seq Length : 5
Episode : 194 Seq Length : 4
Episode : 195 Seq Length : 6
Episode : 196 Seq Length : 4
Episode : 197 Seq Length : 8
Episode : 198 Seq Length : 4
Episode : 199 Seq Length : 4
Time Elapsed for  sin.aig  :  2923.1941797733307 seconds

Running Reinforce on square.aig.....
Time  01/26/2021, 11:33:30

###################################

Baseline Time Taken 3.954498052597046  Baseline Nodes  15891 Baseline Level  248  Total Reward  0.33656697684483916
Input Feat Dim of Graph :  18  Output Channel Dim of Graph :  13
Episode : 0 Seq Length : 4
Episode : 1 Seq Length : 4
Episode : 2 Seq Length : 4
Episode : 3 Seq Length : 5
Episode : 4 Seq Length : 4
Episode : 5 Seq Length : 5
Episode : 6 Seq Length : 4
Episode : 7 Seq Length : 4
Episode : 8 Seq Length : 4
Episode : 9 Seq Length : 4
Episode : 10 Seq Length : 5
Episode : 11 Seq Length : 5
Episode : 12 Seq Length : 5
Episode : 13 Seq Length : 4
Episode : 14 Seq Length : 6
Episode : 15 Seq Length : 5
Episode : 16 Seq Length : 4
Episode : 17 Seq Length : 5
Episode : 18 Seq Length : 5
Episode : 19 Seq Length : 5
Episode : 20 Seq Length : 4
Episode : 21 Seq Length : 4
Episode : 22 Seq Length : 4
Episode : 23 Seq Length : 5
Episode : 24 Seq Length : 4
Episode : 25 Seq Length : 5
Episode : 26 Seq Length : 4
Episode : 27 Seq Length : 4
Episode : 28 Seq Length : 4
Episode : 29 Seq Length : 4
Episode : 30 Seq Length : 6
Episode : 31 Seq Length : 4
Episode : 32 Seq Length : 5
Episode : 33 Seq Length : 5
Episode : 34 Seq Length : 4
Episode : 35 Seq Length : 5
Episode : 36 Seq Length : 5
Episode : 37 Seq Length : 6
Episode : 38 Seq Length : 4
Episode : 39 Seq Length : 4
Episode : 40 Seq Length : 4
Episode : 41 Seq Length : 4
Episode : 42 Seq Length : 4
Episode : 43 Seq Length : 4
Episode : 44 Seq Length : 4
Episode : 45 Seq Length : 4
Episode : 46 Seq Length : 5
Episode : 47 Seq Length : 5
Episode : 48 Seq Length : 4
Episode : 49 Seq Length : 4
Episode : 50 Seq Length : 4
Episode : 51 Seq Length : 5
Episode : 52 Seq Length : 5
Episode : 53 Seq Length : 4
Episode : 54 Seq Length : 4
Episode : 55 Seq Length : 5
Episode : 56 Seq Length : 5
Episode : 57 Seq Length : 4
Episode : 58 Seq Length : 4
Episode : 59 Seq Length : 5
Episode : 60 Seq Length : 4
Episode : 61 Seq Length : 5
Episode : 62 Seq Length : 4
Episode : 63 Seq Length : 5
Episode : 64 Seq Length : 6
Episode : 65 Seq Length : 4
Episode : 66 Seq Length : 5
Episode : 67 Seq Length : 4
Episode : 68 Seq Length : 4
Episode : 69 Seq Length : 4
Episode : 70 Seq Length : 4
Episode : 71 Seq Length : 5
Episode : 72 Seq Length : 5
Episode : 73 Seq Length : 5
Episode : 74 Seq Length : 4
Episode : 75 Seq Length : 6
Episode : 76 Seq Length : 6
Episode : 77 Seq Length : 5
Episode : 78 Seq Length : 5
Episode : 79 Seq Length : 5
Episode : 80 Seq Length : 7
Episode : 81 Seq Length : 4
Episode : 82 Seq Length : 5
Episode : 83 Seq Length : 4
Episode : 84 Seq Length : 5
Episode : 85 Seq Length : 4
Episode : 86 Seq Length : 4
Episode : 87 Seq Length : 4
Episode : 88 Seq Length : 4
Episode : 89 Seq Length : 4
Episode : 90 Seq Length : 6
Episode : 91 Seq Length : 4
Episode : 92 Seq Length : 4
Episode : 93 Seq Length : 4
Episode : 94 Seq Length : 4
Episode : 95 Seq Length : 5
Episode : 96 Seq Length : 5
Episode : 97 Seq Length : 4
Episode : 98 Seq Length : 5
Episode : 99 Seq Length : 4
Episode : 100 Seq Length : 4
Episode : 101 Seq Length : 4
Episode : 102 Seq Length : 4
Episode : 103 Seq Length : 5
Episode : 104 Seq Length : 4
Episode : 105 Seq Length : 5
Episode : 106 Seq Length : 4
Episode : 107 Seq Length : 4
Episode : 108 Seq Length : 4
Episode : 109 Seq Length : 5
Episode : 110 Seq Length : 5
Episode : 111 Seq Length : 4
Episode : 112 Seq Length : 4
Episode : 113 Seq Length : 4
Episode : 114 Seq Length : 5
Episode : 115 Seq Length : 4
Episode : 116 Seq Length : 4
Episode : 117 Seq Length : 4
Episode : 118 Seq Length : 5
Episode : 119 Seq Length : 4
Episode : 120 Seq Length : 4
Episode : 121 Seq Length : 4
Episode : 122 Seq Length : 4
Episode : 123 Seq Length : 4
Episode : 124 Seq Length : 4
Episode : 125 Seq Length : 4
Episode : 126 Seq Length : 4
Episode : 127 Seq Length : 4
Episode : 128 Seq Length : 4
Episode : 129 Seq Length : 5
Episode : 130 Seq Length : 4
Episode : 131 Seq Length : 4
Episode : 132 Seq Length : 4
Episode : 133 Seq Length : 4
Episode : 134 Seq Length : 4
Episode : 135 Seq Length : 4
Episode : 136 Seq Length : 4
Episode : 137 Seq Length : 5
Episode : 138 Seq Length : 4
Episode : 139 Seq Length : 4
Episode : 140 Seq Length : 4
Episode : 141 Seq Length : 4
Episode : 142 Seq Length : 4
Episode : 143 Seq Length : 4
Episode : 144 Seq Length : 5
Episode : 145 Seq Length : 4
Episode : 146 Seq Length : 5
Episode : 147 Seq Length : 4
Episode : 148 Seq Length : 5
Episode : 149 Seq Length : 4
Episode : 150 Seq Length : 4
Episode : 151 Seq Length : 4
Episode : 152 Seq Length : 5
Episode : 153 Seq Length : 6
Episode : 154 Seq Length : 4
Episode : 155 Seq Length : 4
Episode : 156 Seq Length : 4
Episode : 157 Seq Length : 4
Episode : 158 Seq Length : 4
Episode : 159 Seq Length : 4
Episode : 160 Seq Length : 4
Episode : 161 Seq Length : 4
Episode : 162 Seq Length : 5
Episode : 163 Seq Length : 5
Episode : 164 Seq Length : 5
Episode : 165 Seq Length : 4
Episode : 166 Seq Length : 5
Episode : 167 Seq Length : 5
Episode : 168 Seq Length : 4
Episode : 169 Seq Length : 5
Episode : 170 Seq Length : 5
Episode : 171 Seq Length : 4
Episode : 172 Seq Length : 4
Episode : 173 Seq Length : 5
Episode : 174 Seq Length : 4
Episode : 175 Seq Length : 4
Episode : 176 Seq Length : 4
Episode : 177 Seq Length : 4
Episode : 178 Seq Length : 4
Episode : 179 Seq Length : 5
Episode : 180 Seq Length : 4
Episode : 181 Seq Length : 4
Episode : 182 Seq Length : 4
Episode : 183 Seq Length : 4
Episode : 184 Seq Length : 5
Episode : 185 Seq Length : 4
Episode : 186 Seq Length : 4
Episode : 187 Seq Length : 4
Episode : 188 Seq Length : 4
Episode : 189 Seq Length : 4
Episode : 190 Seq Length : 4
Episode : 191 Seq Length : 4
Episode : 192 Seq Length : 4
Episode : 193 Seq Length : 4
Episode : 194 Seq Length : 4
Episode : 195 Seq Length : 4
Episode : 196 Seq Length : 5
Episode : 197 Seq Length : 4
Episode : 198 Seq Length : 4
Episode : 199 Seq Length : 4
Time Elapsed for  square.aig  :  12726.987971782684 seconds

Running Reinforce on voter.aig.....
Time  01/26/2021, 15:05:37

###################################

Baseline Time Taken 2.0283820629119873  Baseline Nodes  7946 Baseline Level  62  Total Reward  1.644890245675244
Input Feat Dim of Graph :  18  Output Channel Dim of Graph :  13
Episode : 0 Seq Length : 3
Episode : 1 Seq Length : 2
Episode : 2 Seq Length : 3
Episode : 3 Seq Length : 4
Episode : 4 Seq Length : 2
Episode : 5 Seq Length : 3
Episode : 6 Seq Length : 2
Episode : 7 Seq Length : 3
Episode : 8 Seq Length : 3
Episode : 9 Seq Length : 2
Episode : 10 Seq Length : 4
Episode : 11 Seq Length : 2
Episode : 12 Seq Length : 2
Episode : 13 Seq Length : 2
Episode : 14 Seq Length : 3
Episode : 15 Seq Length : 3
Episode : 16 Seq Length : 2
Episode : 17 Seq Length : 2
Episode : 18 Seq Length : 3
Episode : 19 Seq Length : 2
Episode : 20 Seq Length : 2
Episode : 21 Seq Length : 2
Episode : 22 Seq Length : 2
Episode : 23 Seq Length : 2
Episode : 24 Seq Length : 2
Episode : 25 Seq Length : 2
Episode : 26 Seq Length : 2
Episode : 27 Seq Length : 3
Episode : 28 Seq Length : 2
Episode : 29 Seq Length : 3
Episode : 30 Seq Length : 2
Episode : 31 Seq Length : 2
Episode : 32 Seq Length : 4
Episode : 33 Seq Length : 2
Episode : 34 Seq Length : 4
Episode : 35 Seq Length : 2
Episode : 36 Seq Length : 2
Episode : 37 Seq Length : 2
Episode : 38 Seq Length : 4
Episode : 39 Seq Length : 2
Episode : 40 Seq Length : 2
Episode : 41 Seq Length : 2
Episode : 42 Seq Length : 3
Episode : 43 Seq Length : 2
Episode : 44 Seq Length : 3
Episode : 45 Seq Length : 2
Episode : 46 Seq Length : 2
Episode : 47 Seq Length : 2
Episode : 48 Seq Length : 2
Episode : 49 Seq Length : 2
Episode : 50 Seq Length : 2
Episode : 51 Seq Length : 3
Episode : 52 Seq Length : 4
Episode : 53 Seq Length : 4
Episode : 54 Seq Length : 2
Episode : 55 Seq Length : 2
Episode : 56 Seq Length : 2
Episode : 57 Seq Length : 4
Episode : 58 Seq Length : 3
Episode : 59 Seq Length : 2
Episode : 60 Seq Length : 2
Episode : 61 Seq Length : 2
Episode : 62 Seq Length : 2
Episode : 63 Seq Length : 4
Episode : 64 Seq Length : 3
Episode : 65 Seq Length : 2
Episode : 66 Seq Length : 2
Episode : 67 Seq Length : 3
Episode : 68 Seq Length : 3
Episode : 69 Seq Length : 2
Episode : 70 Seq Length : 2
Episode : 71 Seq Length : 2
Episode : 72 Seq Length : 2
Episode : 73 Seq Length : 3
Episode : 74 Seq Length : 2
Episode : 75 Seq Length : 2
Episode : 76 Seq Length : 2
Episode : 77 Seq Length : 2
Episode : 78 Seq Length : 2
Episode : 79 Seq Length : 2
Episode : 80 Seq Length : 2
Episode : 81 Seq Length : 2
Episode : 82 Seq Length : 3
Episode : 83 Seq Length : 2
Episode : 84 Seq Length : 3
Episode : 85 Seq Length : 2
Episode : 86 Seq Length : 2
Episode : 87 Seq Length : 3
Episode : 88 Seq Length : 2
Episode : 89 Seq Length : 2
Episode : 90 Seq Length : 3
Episode : 91 Seq Length : 2
Episode : 92 Seq Length : 3
Episode : 93 Seq Length : 2
Episode : 94 Seq Length : 2
Episode : 95 Seq Length : 2
Episode : 96 Seq Length : 2
Episode : 97 Seq Length : 3
Episode : 98 Seq Length : 2
Episode : 99 Seq Length : 2
Episode : 100 Seq Length : 2
Episode : 101 Seq Length : 2
Episode : 102 Seq Length : 3
Episode : 103 Seq Length : 3
Episode : 104 Seq Length : 2
Episode : 105 Seq Length : 2
Episode : 106 Seq Length : 3
Episode : 107 Seq Length : 2
Episode : 108 Seq Length : 2
Episode : 109 Seq Length : 2
Episode : 110 Seq Length : 2
Episode : 111 Seq Length : 3
Episode : 112 Seq Length : 2
Episode : 113 Seq Length : 2
Episode : 114 Seq Length : 2
Episode : 115 Seq Length : 2
Episode : 116 Seq Length : 2
Episode : 117 Seq Length : 2
Episode : 118 Seq Length : 2
Episode : 119 Seq Length : 2
Episode : 120 Seq Length : 2
Episode : 121 Seq Length : 2
Episode : 122 Seq Length : 2
Episode : 123 Seq Length : 2
Episode : 124 Seq Length : 2
Episode : 125 Seq Length : 2
Episode : 126 Seq Length : 2
Episode : 127 Seq Length : 2
Episode : 128 Seq Length : 4
Episode : 129 Seq Length : 2
Episode : 130 Seq Length : 2
Episode : 131 Seq Length : 3
Episode : 132 Seq Length : 2
Episode : 133 Seq Length : 3
Episode : 134 Seq Length : 2
Episode : 135 Seq Length : 4
Episode : 136 Seq Length : 2
Episode : 137 Seq Length : 2
Episode : 138 Seq Length : 3
Episode : 139 Seq Length : 3
Episode : 140 Seq Length : 2
Episode : 141 Seq Length : 2
Episode : 142 Seq Length : 3
Episode : 143 Seq Length : 2
Episode : 144 Seq Length : 2
Episode : 145 Seq Length : 2
Episode : 146 Seq Length : 2
Episode : 147 Seq Length : 3
Episode : 148 Seq Length : 3
Episode : 149 Seq Length : 3
Episode : 150 Seq Length : 3
Episode : 151 Seq Length : 2
Episode : 152 Seq Length : 2
Episode : 153 Seq Length : 2
Episode : 154 Seq Length : 3
Episode : 155 Seq Length : 2
Episode : 156 Seq Length : 2
Episode : 157 Seq Length : 2
Episode : 158 Seq Length : 2
Episode : 159 Seq Length : 2
Episode : 160 Seq Length : 2
Episode : 161 Seq Length : 2
Episode : 162 Seq Length : 2
Episode : 163 Seq Length : 2
Episode : 164 Seq Length : 3
Episode : 165 Seq Length : 2
Episode : 166 Seq Length : 2
Episode : 167 Seq Length : 2
Episode : 168 Seq Length : 3
Episode : 169 Seq Length : 2
Episode : 170 Seq Length : 3
Episode : 171 Seq Length : 2
Episode : 172 Seq Length : 2
Episode : 173 Seq Length : 2
Episode : 174 Seq Length : 2
Episode : 175 Seq Length : 2
Episode : 176 Seq Length : 2
Episode : 177 Seq Length : 2
Episode : 178 Seq Length : 2
Episode : 179 Seq Length : 2
Episode : 180 Seq Length : 2
Episode : 181 Seq Length : 2
Episode : 182 Seq Length : 2
Episode : 183 Seq Length : 2
Episode : 184 Seq Length : 2
Episode : 185 Seq Length : 2
Episode : 186 Seq Length : 2
Episode : 187 Seq Length : 3
Episode : 188 Seq Length : 2
Episode : 189 Seq Length : 2
Episode : 190 Seq Length : 2
Episode : 191 Seq Length : 3
Episode : 192 Seq Length : 2
Episode : 193 Seq Length : 3
Episode : 194 Seq Length : 2
Episode : 195 Seq Length : 2
Episode : 196 Seq Length : 2
Episode : 197 Seq Length : 2
Episode : 198 Seq Length : 2
Episode : 199 Seq Length : 2
Time Elapsed for  voter.aig  :  5506.1323046684265 seconds

