Running Reinforce on arbiter.aig.....
Time  01/27/2021, 13:02:04

###################################

Baseline Time Taken 2.5791549682617188  Baseline Nodes  11839 Baseline Level  87  Total Reward  0.0
Input Feat Dim of Graph :  18  Output Channel Dim of Graph :  13
Episode : 0 Seq Length : 3
Episode : 10 Seq Length : 2
Episode : 20 Seq Length : 2
Episode : 30 Seq Length : 2
Episode : 40 Seq Length : 3
Episode : 50 Seq Length : 4
Episode : 60 Seq Length : 3
Episode : 70 Seq Length : 4
Episode : 80 Seq Length : 3
Episode : 90 Seq Length : 2
Episode : 100 Seq Length : 3
Episode : 110 Seq Length : 3
Episode : 120 Seq Length : 2
Episode : 130 Seq Length : 3
Episode : 140 Seq Length : 2
Episode : 150 Seq Length : 3
Episode : 160 Seq Length : 3
Episode : 170 Seq Length : 4
Episode : 180 Seq Length : 2
Episode : 190 Seq Length : 2
Time Elapsed for  arbiter.aig  :  5642.488682746887 seconds

Running Reinforce on bar.aig.....
Time  01/27/2021, 14:36:06

###################################

Baseline Time Taken 0.5627049803733826  Baseline Nodes  3141 Baseline Level  12  Total Reward  0.11690647482014427
Input Feat Dim of Graph :  18  Output Channel Dim of Graph :  13
Episode : 0 Seq Length : 1
Episode : 10 Seq Length : 1
Episode : 20 Seq Length : 1
Episode : 30 Seq Length : 1
Episode : 40 Seq Length : 1
Episode : 50 Seq Length : 1
Episode : 60 Seq Length : 1
Episode : 70 Seq Length : 1
Episode : 80 Seq Length : 1
Episode : 90 Seq Length : 1
Episode : 100 Seq Length : 1
Episode : 110 Seq Length : 1
Episode : 120 Seq Length : 1
Episode : 130 Seq Length : 1
Episode : 140 Seq Length : 1
Episode : 150 Seq Length : 1
Episode : 160 Seq Length : 1
Episode : 170 Seq Length : 1
Episode : 180 Seq Length : 1
Episode : 190 Seq Length : 1
Time Elapsed for  bar.aig  :  994.6427848339081 seconds

Running Reinforce on cavlc.aig.....
Time  01/27/2021, 14:52:41

###################################

Baseline Time Taken 0.7656760215759277  Baseline Nodes  635 Baseline Level  17  Total Reward  -0.3951118326118319
Input Feat Dim of Graph :  18  Output Channel Dim of Graph :  13
Episode : 0 Seq Length : 4
Episode : 10 Seq Length : 1
Episode : 20 Seq Length : 1
Episode : 30 Seq Length : 1
Episode : 40 Seq Length : 2
Episode : 50 Seq Length : 1
Episode : 60 Seq Length : 1
Episode : 70 Seq Length : 2
Episode : 80 Seq Length : 2
Episode : 90 Seq Length : 2
Episode : 100 Seq Length : 1
Episode : 110 Seq Length : 3
Episode : 120 Seq Length : 1
Episode : 130 Seq Length : 3
Episode : 140 Seq Length : 1
Episode : 150 Seq Length : 2
Episode : 160 Seq Length : 2
Episode : 170 Seq Length : 1
Episode : 180 Seq Length : 4
Episode : 190 Seq Length : 1
Time Elapsed for  cavlc.aig  :  289.55609345436096 seconds

Running Reinforce on ctrl.aig.....
Time  01/27/2021, 14:57:30

###################################

Baseline Time Taken 0.053686998784542084  Baseline Nodes  90 Baseline Level  10  Total Reward  0.9655172413793096
Input Feat Dim of Graph :  18  Output Channel Dim of Graph :  13
Episode : 0 Seq Length : 2
Episode : 10 Seq Length : 1
Episode : 20 Seq Length : 1
Episode : 30 Seq Length : 2
Episode : 40 Seq Length : 1
Episode : 50 Seq Length : 1
Episode : 60 Seq Length : 1
Episode : 70 Seq Length : 1
Episode : 80 Seq Length : 1
Episode : 90 Seq Length : 1
Episode : 100 Seq Length : 2
Episode : 110 Seq Length : 1
Episode : 120 Seq Length : 1
Episode : 130 Seq Length : 1
Episode : 140 Seq Length : 1
Episode : 150 Seq Length : 1
Episode : 160 Seq Length : 1
Episode : 170 Seq Length : 2
Episode : 180 Seq Length : 1
Episode : 190 Seq Length : 1
Time Elapsed for  ctrl.aig  :  59.01645517349243 seconds

Running Reinforce on dec.aig.....
Time  01/27/2021, 14:58:29

###################################

Baseline Time Taken 0.5352349877357483  Baseline Nodes  304 Baseline Level  3  Total Reward  0.0
Input Feat Dim of Graph :  18  Output Channel Dim of Graph :  13
Episode : 0 Seq Length : 4
Episode : 10 Seq Length : 2
Episode : 20 Seq Length : 2
Episode : 30 Seq Length : 2
Episode : 40 Seq Length : 2
Episode : 50 Seq Length : 1
Episode : 60 Seq Length : 4
Episode : 70 Seq Length : 1
Episode : 80 Seq Length : 2
Episode : 90 Seq Length : 3
Episode : 100 Seq Length : 3
Episode : 110 Seq Length : 2
Episode : 120 Seq Length : 6
Episode : 130 Seq Length : 2
Episode : 140 Seq Length : 1
Episode : 150 Seq Length : 1
Episode : 160 Seq Length : 4
Episode : 170 Seq Length : 1
Episode : 180 Seq Length : 6
Episode : 190 Seq Length : 1
Time Elapsed for  dec.aig  :  188.2432518005371 seconds

Running Reinforce on i10.aig.....
Time  01/27/2021, 15:01:38

###################################

Baseline Time Taken 0.4503520131111145  Baseline Nodes  1741 Baseline Level  37  Total Reward  3.038317757009345
Input Feat Dim of Graph :  18  Output Channel Dim of Graph :  13
Episode : 0 Seq Length : 2
Episode : 10 Seq Length : 1
Episode : 20 Seq Length : 1
Episode : 30 Seq Length : 1
Episode : 40 Seq Length : 1
Episode : 50 Seq Length : 1
Episode : 60 Seq Length : 2
Episode : 70 Seq Length : 1
Episode : 80 Seq Length : 2
Episode : 90 Seq Length : 2
Episode : 100 Seq Length : 1
Episode : 110 Seq Length : 1
Episode : 120 Seq Length : 1
Episode : 130 Seq Length : 4
Episode : 140 Seq Length : 1
Episode : 150 Seq Length : 1
Episode : 160 Seq Length : 2
Episode : 170 Seq Length : 2
Episode : 180 Seq Length : 6
Episode : 190 Seq Length : 5
Time Elapsed for  i10.aig  :  1025.4121935367584 seconds

Running Reinforce on i2c.aig.....
Time  01/27/2021, 15:18:43

###################################

Baseline Time Taken 0.22975300252437592  Baseline Nodes  1069 Baseline Level  15  Total Reward  2.6568554396423245
Input Feat Dim of Graph :  18  Output Channel Dim of Graph :  13
Episode : 0 Seq Length : 2
Episode : 10 Seq Length : 2
Episode : 20 Seq Length : 1
Episode : 30 Seq Length : 1
Episode : 40 Seq Length : 1
Episode : 50 Seq Length : 1
Episode : 60 Seq Length : 2
Episode : 70 Seq Length : 1
Episode : 80 Seq Length : 4
Episode : 90 Seq Length : 1
Episode : 100 Seq Length : 1
Episode : 110 Seq Length : 1
Episode : 120 Seq Length : 1
Episode : 130 Seq Length : 1
Episode : 140 Seq Length : 2
Episode : 150 Seq Length : 1
Episode : 160 Seq Length : 2
Episode : 170 Seq Length : 1
Episode : 180 Seq Length : 1
Episode : 190 Seq Length : 2
Time Elapsed for  i2c.aig  :  479.5288836956024 seconds

Running Reinforce on int2float.aig.....
Time  01/27/2021, 15:26:43

###################################

Baseline Time Taken 0.0815889984369278  Baseline Nodes  209 Baseline Level  15  Total Reward  0.9548076923076927
Input Feat Dim of Graph :  18  Output Channel Dim of Graph :  13
Episode : 0 Seq Length : 1
Episode : 10 Seq Length : 1
Episode : 20 Seq Length : 1
Episode : 30 Seq Length : 1
Episode : 40 Seq Length : 1
Episode : 50 Seq Length : 1
Episode : 60 Seq Length : 1
Episode : 70 Seq Length : 1
Episode : 80 Seq Length : 1
Episode : 90 Seq Length : 2
Episode : 100 Seq Length : 2
Episode : 110 Seq Length : 2
Episode : 120 Seq Length : 2
Episode : 130 Seq Length : 1
Episode : 140 Seq Length : 4
Episode : 150 Seq Length : 3
Episode : 160 Seq Length : 7
Episode : 170 Seq Length : 7
Episode : 180 Seq Length : 2
Episode : 190 Seq Length : 9
Time Elapsed for  int2float.aig  :  123.75423097610474 seconds

Running Reinforce on max.aig.....
Time  01/27/2021, 15:28:46

###################################

Baseline Time Taken 0.4538770020008087  Baseline Nodes  2832 Baseline Level  206  Total Reward  2.5631063356258093
Input Feat Dim of Graph :  18  Output Channel Dim of Graph :  13
Episode : 0 Seq Length : 2
Episode : 10 Seq Length : 1
Episode : 20 Seq Length : 1
Episode : 30 Seq Length : 2
Episode : 40 Seq Length : 1
Episode : 50 Seq Length : 1
Episode : 60 Seq Length : 1
Episode : 70 Seq Length : 1
Episode : 80 Seq Length : 1
Episode : 90 Seq Length : 1
Episode : 100 Seq Length : 3
Episode : 110 Seq Length : 1
Episode : 120 Seq Length : 2
Episode : 130 Seq Length : 2
Episode : 140 Seq Length : 1
Episode : 150 Seq Length : 3
Episode : 160 Seq Length : 3
Episode : 170 Seq Length : 6
Episode : 180 Seq Length : 5
Episode : 190 Seq Length : 4
Time Elapsed for  max.aig  :  1067.6861033439636 seconds

Running Reinforce on priority.aig.....
Time  01/27/2021, 15:46:34

###################################

Baseline Time Taken 0.1282929927110672  Baseline Nodes  466 Baseline Level  95  Total Reward  6.627034764826176
Input Feat Dim of Graph :  18  Output Channel Dim of Graph :  13
Episode : 0 Seq Length : 1
Episode : 10 Seq Length : 1
Episode : 20 Seq Length : 1
Episode : 30 Seq Length : 2
Episode : 40 Seq Length : 1
Episode : 50 Seq Length : 1
Episode : 60 Seq Length : 1
Episode : 70 Seq Length : 2
Episode : 80 Seq Length : 1
Episode : 90 Seq Length : 1
Episode : 100 Seq Length : 1
Episode : 110 Seq Length : 1
Episode : 120 Seq Length : 1
Episode : 130 Seq Length : 2
Episode : 140 Seq Length : 1
Episode : 150 Seq Length : 5
Episode : 160 Seq Length : 1
Episode : 170 Seq Length : 1
Episode : 180 Seq Length : 1
Episode : 190 Seq Length : 1
Time Elapsed for  priority.aig  :  302.6539800167084 seconds

Running Reinforce on router.aig.....
Time  01/27/2021, 15:51:37

###################################

Baseline Time Taken 0.06960800290107727  Baseline Nodes  183 Baseline Level  22  Total Reward  5.909208819714657
Input Feat Dim of Graph :  18  Output Channel Dim of Graph :  13
Episode : 0 Seq Length : 2
Episode : 10 Seq Length : 1
Episode : 20 Seq Length : 1
Episode : 30 Seq Length : 1
Episode : 40 Seq Length : 1
Episode : 50 Seq Length : 1
Episode : 60 Seq Length : 1
Episode : 70 Seq Length : 3
Episode : 80 Seq Length : 1
Episode : 90 Seq Length : 3
Episode : 100 Seq Length : 1
Episode : 110 Seq Length : 1
Episode : 120 Seq Length : 1
Episode : 130 Seq Length : 1
Episode : 140 Seq Length : 1
Episode : 150 Seq Length : 1
Episode : 160 Seq Length : 2
Episode : 170 Seq Length : 1
Episode : 180 Seq Length : 4
Episode : 190 Seq Length : 4
Time Elapsed for  router.aig  :  114.58429503440857 seconds

Running Reinforce on sin.aig.....
Time  01/27/2021, 15:53:31

###################################

Baseline Time Taken 2.009648084640503  Baseline Nodes  5019 Baseline Level  180  Total Reward  1.9466026587887733
Input Feat Dim of Graph :  18  Output Channel Dim of Graph :  13
Episode : 0 Seq Length : 2
Episode : 10 Seq Length : 2
Episode : 20 Seq Length : 3
Episode : 30 Seq Length : 2
Episode : 40 Seq Length : 2
Episode : 50 Seq Length : 5
Episode : 60 Seq Length : 2
Episode : 70 Seq Length : 2
Episode : 80 Seq Length : 3
Episode : 90 Seq Length : 2
Episode : 100 Seq Length : 2
Episode : 110 Seq Length : 7
Episode : 120 Seq Length : 4
Episode : 130 Seq Length : 12
Episode : 140 Seq Length : 6
Episode : 150 Seq Length : 9
Episode : 160 Seq Length : 8
Episode : 170 Seq Length : 2
Episode : 180 Seq Length : 4
Episode : 190 Seq Length : 3
Time Elapsed for  sin.aig  :  3403.689751148224 seconds

Running Reinforce on square.aig.....
Time  01/27/2021, 16:50:15

###################################

Baseline Time Taken 4.472874164581299  Baseline Nodes  15891 Baseline Level  248  Total Reward  0.3525669768448374
Input Feat Dim of Graph :  18  Output Channel Dim of Graph :  13
Episode : 0 Seq Length : 4
Episode : 10 Seq Length : 5
Episode : 20 Seq Length : 5
Episode : 30 Seq Length : 5
Episode : 40 Seq Length : 4
Episode : 50 Seq Length : 6
Episode : 60 Seq Length : 4
Episode : 70 Seq Length : 5
Episode : 80 Seq Length : 5
Episode : 90 Seq Length : 5
Episode : 100 Seq Length : 4
Episode : 110 Seq Length : 4
Episode : 120 Seq Length : 4
Episode : 130 Seq Length : 5
Episode : 140 Seq Length : 4
Episode : 150 Seq Length : 6
Episode : 160 Seq Length : 4
Episode : 170 Seq Length : 7
Episode : 180 Seq Length : 4
Episode : 190 Seq Length : 6
Time Elapsed for  square.aig  :  14536.72298526764 seconds

Running Reinforce on voter.aig.....
Time  01/27/2021, 20:52:32

###################################

Baseline Time Taken 2.239140033721924  Baseline Nodes  7946 Baseline Level  62  Total Reward  1.8734616742466716
Input Feat Dim of Graph :  18  Output Channel Dim of Graph :  13
Episode : 0 Seq Length : 2
Episode : 10 Seq Length : 2
Episode : 20 Seq Length : 2
Episode : 30 Seq Length : 3
Episode : 40 Seq Length : 3
Episode : 50 Seq Length : 2
Episode : 60 Seq Length : 2
Episode : 70 Seq Length : 2
Episode : 80 Seq Length : 2
Episode : 90 Seq Length : 3
Episode : 100 Seq Length : 4
Episode : 110 Seq Length : 2
Episode : 120 Seq Length : 3
Episode : 130 Seq Length : 2
Episode : 140 Seq Length : 2
Episode : 150 Seq Length : 2
Episode : 160 Seq Length : 2
Episode : 170 Seq Length : 2
Episode : 180 Seq Length : 2
Episode : 190 Seq Length : 2
Time Elapsed for  voter.aig  :  5698.358450889587 seconds

