Running Reinforce on router.aig.....
Time  02/23/2021, 19:57:27

###################################

Baseline Time Taken 0.06477700173854828  Baseline Nodes  183 Baseline Level  22  Total Reward  0.28793774319066145
Input Feat Dim of Graph :  20  Output Channel Dim of Graph :  15
Episode : 0 Seq Length : 1
Episode : 10 Seq Length : 1
Episode : 20 Seq Length : 3
Episode : 30 Seq Length : 5
Episode : 40 Seq Length : 4
Episode : 50 Seq Length : 3
Episode : 60 Seq Length : 1
Episode : 70 Seq Length : 3
Episode : 80 Seq Length : 2
Episode : 90 Seq Length : 4
Episode : 100 Seq Length : 4
Episode : 110 Seq Length : 4
Episode : 120 Seq Length : 3
Episode : 130 Seq Length : 2
Episode : 140 Seq Length : 1
Episode : 150 Seq Length : 5
Episode : 160 Seq Length : 13
Episode : 170 Seq Length : 10
Episode : 180 Seq Length : 21
Episode : 190 Seq Length : 14

 balance -l; balance -l; refactor -z -l; balance -l; refactor -z -l; balance -l; balance -l; refactor -z -l; balance -l; refactor -z -l; refactor -z -l; balance -l; refactor -z -l; balance -l;  

Time Elapsed for  router.aig  :  208.36134815216064 seconds

Running Reinforce on priority.aig.....
Time  02/23/2021, 20:00:56

###################################

Baseline Time Taken 0.1294970065355301  Baseline Nodes  466 Baseline Level  95  Total Reward  0.5235173824130879
Input Feat Dim of Graph :  20  Output Channel Dim of Graph :  15
Episode : 0 Seq Length : 6
Episode : 10 Seq Length : 18
Episode : 20 Seq Length : 9
Episode : 30 Seq Length : 19
Episode : 40 Seq Length : 17
Episode : 50 Seq Length : 10
Episode : 60 Seq Length : 18
Episode : 70 Seq Length : 18
Episode : 80 Seq Length : 9
Episode : 90 Seq Length : 47
Episode : 100 Seq Length : 12
Episode : 110 Seq Length : 19
Episode : 120 Seq Length : 29
Episode : 130 Seq Length : 12
Episode : 140 Seq Length : 13
Episode : 150 Seq Length : 17
Episode : 160 Seq Length : 92
Episode : 170 Seq Length : 83
Episode : 180 Seq Length : 10
Episode : 190 Seq Length : 12

 balance -l; balance -l; balance -l; resub -K 12 -N 2 -l; balance -l; refactor -z -l; balance -l; balance -l; resub -K 8 -l;  

Time Elapsed for  priority.aig  :  2133.569572210312 seconds

Running Reinforce on square.aig.....
Time  02/23/2021, 20:36:29

###################################

Baseline Time Taken 4.342915058135986  Baseline Nodes  15891 Baseline Level  248  Total Reward  0.14028348842241944
Input Feat Dim of Graph :  20  Output Channel Dim of Graph :  15
Episode : 0 Seq Length : 29
Episode : 10 Seq Length : 13
Episode : 20 Seq Length : 20
Episode : 30 Seq Length : 23
Episode : 40 Seq Length : 14
Episode : 50 Seq Length : 17
Episode : 60 Seq Length : 20
Episode : 70 Seq Length : 23
Episode : 80 Seq Length : 24
Episode : 90 Seq Length : 24
Episode : 100 Seq Length : 32
Episode : 110 Seq Length : 16
Episode : 120 Seq Length : 21
Episode : 130 Seq Length : 14
Episode : 140 Seq Length : 20
Episode : 150 Seq Length : 21
Episode : 160 Seq Length : 13
Episode : 170 Seq Length : 19
Episode : 180 Seq Length : 20
Episode : 190 Seq Length : 19

 balance -l; resub -K 12 -N 2 -l; rewrite -z -l; balance -l; resub -K 12 -N 2 -l; refactor -z -l; refactor -z -l; rewrite -l; balance -l; refactor -z -l; resub -K 6 -N 2 -l; resub -K 8 -l; balance -l; refactor -z -l;  

Time Elapsed for  square.aig  :  44713.62547326088 seconds

Running Reinforce on sin.aig.....
Time  02/24/2021, 09:01:43

###################################

Baseline Time Taken 1.6340409517288208  Baseline Nodes  5019 Baseline Level  180  Total Reward  0.07330132939438705
Input Feat Dim of Graph :  20  Output Channel Dim of Graph :  15
Episode : 0 Seq Length : 17
Episode : 10 Seq Length : 24
Episode : 20 Seq Length : 15
Episode : 30 Seq Length : 28
Episode : 40 Seq Length : 17
Episode : 50 Seq Length : 30
Episode : 60 Seq Length : 27
Episode : 70 Seq Length : 38
Episode : 80 Seq Length : 44
Episode : 90 Seq Length : 42
Episode : 100 Seq Length : 43
Episode : 110 Seq Length : 16
Episode : 120 Seq Length : 36
Episode : 130 Seq Length : 34
Episode : 140 Seq Length : 44
Episode : 150 Seq Length : 55
Episode : 160 Seq Length : 38
Episode : 170 Seq Length : 27
Episode : 180 Seq Length : 34
Episode : 190 Seq Length : 23

 balance -l; balance -l; balance -l; rewrite -z -l; rewrite -l; refactor -z -l; balance -l; balance -l; balance -l; resub -K 8 -l; refactor -z -l; balance -l; balance -l; refactor -z -l; balance -l; balance -l; resub -K 12 -N 2 -l; balance -l; rewrite -z -l; balance -l; balance -l; balance -l; balance -l; balance -l; balance -l; resub -K 10 -N 2 -l;  

Time Elapsed for  sin.aig  :  19361.79845547676 seconds

Running Reinforce on max.aig.....
Time  02/24/2021, 14:24:25

###################################

Baseline Time Taken 0.43144500255584717  Baseline Nodes  2832 Baseline Level  206  Total Reward  0.011518324607329822
Input Feat Dim of Graph :  20  Output Channel Dim of Graph :  15
Episode : 0 Seq Length : 19
Episode : 10 Seq Length : 33
Episode : 20 Seq Length : 25
Episode : 30 Seq Length : 26
Episode : 40 Seq Length : 26
Episode : 50 Seq Length : 14
Episode : 60 Seq Length : 20
Episode : 70 Seq Length : 19
Episode : 80 Seq Length : 16
Episode : 90 Seq Length : 14
Episode : 100 Seq Length : 12
Episode : 110 Seq Length : 7
Episode : 120 Seq Length : 9
Episode : 130 Seq Length : 8
Episode : 140 Seq Length : 5
Episode : 150 Seq Length : 6
Episode : 160 Seq Length : 8
Episode : 170 Seq Length : 12
Episode : 180 Seq Length : 8
Episode : 190 Seq Length : 9

 balance -l; balance -l; refactor -z -l; balance -l; rewrite -z -l; rewrite -z -l; refactor -z -l; rewrite -z -l; balance -l; balance -l;  

Time Elapsed for  max.aig  :  5180.508428573608 seconds

Running Reinforce on voter.aig.....
Time  02/24/2021, 15:50:45

###################################

Baseline Time Taken 2.2941179275512695  Baseline Nodes  7946 Baseline Level  62  Total Reward  0.4224451228376217
Input Feat Dim of Graph :  20  Output Channel Dim of Graph :  15
Episode : 0 Seq Length : 10
Episode : 10 Seq Length : 24
Episode : 20 Seq Length : 12
Episode : 30 Seq Length : 14
Episode : 40 Seq Length : 15
Episode : 50 Seq Length : 12
Episode : 60 Seq Length : 10
Episode : 70 Seq Length : 14
Episode : 80 Seq Length : 14
Episode : 90 Seq Length : 15
Episode : 100 Seq Length : 14
Episode : 110 Seq Length : 16
Episode : 120 Seq Length : 11
Episode : 130 Seq Length : 12
Episode : 140 Seq Length : 5
Episode : 150 Seq Length : 18
Episode : 160 Seq Length : 14
Episode : 170 Seq Length : 16
Episode : 180 Seq Length : 12
Episode : 190 Seq Length : 13

 balance -l; balance -l; refactor -z -l; resub -K 6 -N 2 -l; resub -K 12 -N 2 -l; balance -l; resub -K 10 -l; balance -l; resub -K 6 -N 2 -l; resub -K 12 -l; refactor -l; balance -l; resub -K 6 -l; resub -K 16 -N 2 -l; resub -K 12 -l; balance -l; balance -l; rewrite -z -l;  

Time Elapsed for  voter.aig  :  17949.36146044731 seconds

Running Reinforce on i10.aig.....
Time  02/24/2021, 20:49:54

###################################

Baseline Time Taken 0.4694119989871979  Baseline Nodes  1741 Baseline Level  37  Total Reward  0.34915887850467286
Input Feat Dim of Graph :  20  Output Channel Dim of Graph :  15
Episode : 0 Seq Length : 13
Episode : 10 Seq Length : 11
Episode : 20 Seq Length : 8
Episode : 30 Seq Length : 17
Episode : 40 Seq Length : 17
Episode : 50 Seq Length : 16
Episode : 60 Seq Length : 15
Episode : 70 Seq Length : 15
Episode : 80 Seq Length : 10
Episode : 90 Seq Length : 11
Episode : 100 Seq Length : 11
Episode : 110 Seq Length : 12
Episode : 120 Seq Length : 15
Episode : 130 Seq Length : 12
Episode : 140 Seq Length : 14
Episode : 150 Seq Length : 11
Episode : 160 Seq Length : 12
Episode : 170 Seq Length : 19
Episode : 180 Seq Length : 18
Episode : 190 Seq Length : 21

 balance -l; balance -l; balance -l; refactor -z -l; refactor -z -l; balance -l; balance -l; balance -l; refactor -z -l; balance -l; balance -l; balance -l; refactor -z -l; balance -l; balance -l; refactor -z -l; refactor -z -l; balance -l; balance -l; resub -K 10 -N 2 -l;  

Time Elapsed for  i10.aig  :  3748.1613914966583 seconds

Running Reinforce on i2c.aig.....
Time  02/24/2021, 21:52:23

###################################

Baseline Time Taken 0.23916199803352356  Baseline Nodes  1069 Baseline Level  15  Total Reward  0.20342771982116248
Input Feat Dim of Graph :  20  Output Channel Dim of Graph :  15
Episode : 0 Seq Length : 13
Episode : 10 Seq Length : 13
Episode : 20 Seq Length : 16
Episode : 30 Seq Length : 7
Episode : 40 Seq Length : 11
Episode : 50 Seq Length : 10
Episode : 60 Seq Length : 12
Episode : 70 Seq Length : 10
Episode : 80 Seq Length : 13
Episode : 90 Seq Length : 7
Episode : 100 Seq Length : 10
Episode : 110 Seq Length : 9
Episode : 120 Seq Length : 10
Episode : 130 Seq Length : 10
Episode : 140 Seq Length : 7
Episode : 150 Seq Length : 10
Episode : 160 Seq Length : 9
Episode : 170 Seq Length : 10
Episode : 180 Seq Length : 9
Episode : 190 Seq Length : 13

 balance -l; rewrite -z -l; balance -l; refactor -z -l; balance -l; refactor -z -l; balance -l; rewrite -z -l; refactor -z -l;  

Time Elapsed for  i2c.aig  :  1547.384979724884 seconds

Running Reinforce on int2float.aig.....
Time  02/24/2021, 22:18:10

###################################

Baseline Time Taken 0.0577160008251667  Baseline Nodes  209 Baseline Level  15  Total Reward  0.19615384615384612
Input Feat Dim of Graph :  20  Output Channel Dim of Graph :  15
Episode : 0 Seq Length : 3
Episode : 10 Seq Length : 12
Episode : 20 Seq Length : 13
Episode : 30 Seq Length : 10
Episode : 40 Seq Length : 8
Episode : 50 Seq Length : 9
Episode : 60 Seq Length : 7
Episode : 70 Seq Length : 9
Episode : 80 Seq Length : 8
Episode : 90 Seq Length : 12
Episode : 100 Seq Length : 19
Episode : 110 Seq Length : 11
Episode : 120 Seq Length : 15
Episode : 130 Seq Length : 12
Episode : 140 Seq Length : 11
Episode : 150 Seq Length : 9
Episode : 160 Seq Length : 12
Episode : 170 Seq Length : 16
Episode : 180 Seq Length : 12
Episode : 190 Seq Length : 16

 balance -l; balance -l; refactor -z -l; refactor -z -l; balance -l; balance -l; refactor -z -l; refactor -z -l; balance -l; balance -l; refactor -z -l; refactor -z -l;  

Time Elapsed for  int2float.aig  :  359.92667961120605 seconds

Running Reinforce on bar.aig.....
Time  02/24/2021, 22:24:10

###################################

Baseline Time Taken 0.5814909934997559  Baseline Nodes  3141 Baseline Level  12  Total Reward  0.05845323741007191
Input Feat Dim of Graph :  20  Output Channel Dim of Graph :  15
Episode : 0 Seq Length : 16
Episode : 10 Seq Length : 25
Episode : 20 Seq Length : 18
Episode : 30 Seq Length : 19
Episode : 40 Seq Length : 19
Episode : 50 Seq Length : 17
Episode : 60 Seq Length : 19
Episode : 70 Seq Length : 18
Episode : 80 Seq Length : 19
Episode : 90 Seq Length : 19
Episode : 100 Seq Length : 19
Episode : 110 Seq Length : 19
Episode : 120 Seq Length : 16
Episode : 130 Seq Length : 16
Episode : 140 Seq Length : 16
Episode : 150 Seq Length : 19
Episode : 160 Seq Length : 16
Episode : 170 Seq Length : 16
Episode : 180 Seq Length : 19
Episode : 190 Seq Length : 18

 balance -l; balance -l; refactor -z -l; refactor -z -l; balance -l; balance -l; refactor -z -l; refactor -z -l; balance -l; balance -l; refactor -z -l; refactor -z -l; balance -l; balance -l; refactor -z -l; refactor -z -l; balance -l; balance -l; refactor -z -l;  

Time Elapsed for  bar.aig  :  6431.7368013858795 seconds

Running Reinforce on ctrl.aig.....
Time  02/25/2021, 00:11:22

###################################

Baseline Time Taken 0.04973800107836723  Baseline Nodes  90 Baseline Level  10  Total Reward  0.48275862068965514
Input Feat Dim of Graph :  20  Output Channel Dim of Graph :  15
Episode : 0 Seq Length : 23
Episode : 10 Seq Length : 15
Episode : 20 Seq Length : 16
Episode : 30 Seq Length : 34
Episode : 40 Seq Length : 18
Episode : 50 Seq Length : 18
Episode : 60 Seq Length : 14
Episode : 70 Seq Length : 22
Episode : 80 Seq Length : 26
Episode : 90 Seq Length : 12
Episode : 100 Seq Length : 14
Episode : 110 Seq Length : 18
Episode : 120 Seq Length : 11
Episode : 130 Seq Length : 8
Episode : 140 Seq Length : 11
Episode : 150 Seq Length : 15
Episode : 160 Seq Length : 18
Episode : 170 Seq Length : 16
Episode : 180 Seq Length : 19
Episode : 190 Seq Length : 19

 balance -l; refactor -z -l; refactor -z -l; refactor -z -l; balance -l; refactor -z -l; refactor -z -l; refactor -z -l; balance -l; balance -l; refactor -z -l; refactor -z -l; refactor -z -l; balance -l; refactor -z -l; refactor -z -l; refactor -z -l; balance -l; refactor -z -l; refactor -z -l; refactor -z -l; balance -l; refactor -z -l; refactor -z -l; refactor -z -l; balance -l;  

Time Elapsed for  ctrl.aig  :  378.5028522014618 seconds

Running Reinforce on cavlc.aig.....
Time  02/25/2021, 00:17:40

###################################

Baseline Time Taken 0.26209598779678345  Baseline Nodes  635 Baseline Level  17  Total Reward  0.08369408369408371
Input Feat Dim of Graph :  20  Output Channel Dim of Graph :  15
Episode : 0 Seq Length : 14
Episode : 10 Seq Length : 14
Episode : 20 Seq Length : 14
Episode : 30 Seq Length : 13
Episode : 40 Seq Length : 14
Episode : 50 Seq Length : 12
Episode : 60 Seq Length : 14
Episode : 70 Seq Length : 14
Episode : 80 Seq Length : 15
Episode : 90 Seq Length : 14
Episode : 100 Seq Length : 15
Episode : 110 Seq Length : 14
Episode : 120 Seq Length : 14
Episode : 130 Seq Length : 15
Episode : 140 Seq Length : 14
Episode : 150 Seq Length : 15
Episode : 160 Seq Length : 12
Episode : 170 Seq Length : 14
Episode : 180 Seq Length : 14
Episode : 190 Seq Length : 15

 balance -l; refactor -z -l; refactor -z -l; refactor -z -l; balance -l; refactor -z -l; refactor -z -l; refactor -z -l; balance -l; refactor -z -l; refactor -z -l; refactor -z -l; balance -l;  

Time Elapsed for  cavlc.aig  :  1118.370237827301 seconds

Total time taken is :  103131.30881214142
