Running Reinforce on router.aig.....
Time  02/23/2021, 07:27:25

###################################

0.0 1.0
Baseline Time Taken 0.10623099654912949  Baseline Nodes  183 Baseline Level  22  Total Reward  0.5925925925925926


Found pre-existing Model


Input Feat Dim of Graph :  20  Output Channel Dim of Graph :  15
Seq Length : 16
Command : balance -l; balance -l; balance -l; balance -l; balance -l; resub -K 12 -N 2 -l; balance -l; balance -l; balance -l; resub -K 6 -l; balance -l; balance -l; balance -l; balance -l; balance -l; rewrite -z -l; 

Seq Length : 175
Command : balance -l; balance -l; balance -l; balance -l; balance -l; balance -l; balance -l; balance -l; balance -l; balance -l; balance -l; balance -l; balance -l; balance -l; balance -l; balance -l; balance -l; balance -l; balance -l; balance -l; balance -l; balance -l; balance -l; balance -l; balance -l; balance -l; balance -l; balance -l; balance -l; balance -l; balance -l; balance -l; balance -l; balance -l; balance -l; balance -l; balance -l; balance -l; balance -l; balance -l; balance -l; balance -l; balance -l; balance -l; balance -l; balance -l; balance -l; balance -l; balance -l; balance -l; balance -l; balance -l; balance -l; balance -l; balance -l; balance -l; balance -l; balance -l; balance -l; balance -l; balance -l; balance -l; balance -l; balance -l; balance -l; balance -l; balance -l; balance -l; balance -l; balance -l; balance -l; balance -l; balance -l; balance -l; balance -l; balance -l; balance -l; balance -l; balance -l; balance -l; balance -l; balance -l; balance -l; balance -l; balance -l; balance -l; balance -l; balance -l; balance -l; balance -l; balance -l; balance -l; balance -l; balance -l; balance -l; balance -l; balance -l; balance -l; balance -l; balance -l; balance -l; balance -l; balance -l; balance -l; balance -l; balance -l; balance -l; balance -l; balance -l; balance -l; balance -l; balance -l; balance -l; balance -l; balance -l; balance -l; balance -l; balance -l; balance -l; balance -l; balance -l; balance -l; balance -l; balance -l; balance -l; balance -l; balance -l; balance -l; balance -l; balance -l; balance -l; balance -l; balance -l; balance -l; balance -l; balance -l; balance -l; balance -l; balance -l; balance -l; balance -l; balance -l; balance -l; balance -l; balance -l; balance -l; balance -l; balance -l; balance -l; balance -l; balance -l; balance -l; balance -l; balance -l; balance -l; balance -l; balance -l; balance -l; balance -l; balance -l; balance -l; balance -l; balance -l; balance -l; balance -l; balance -l; balance -l; balance -l; balance -l; balance -l; balance -l; balance -l; balance -l; balance -l; rewrite -z -l; 

Seq Length : 139
Command : balance -l; balance -l; balance -l; balance -l; balance -l; balance -l; balance -l; balance -l; balance -l; balance -l; balance -l; balance -l; balance -l; balance -l; balance -l; balance -l; balance -l; balance -l; balance -l; balance -l; balance -l; balance -l; balance -l; balance -l; balance -l; balance -l; balance -l; balance -l; balance -l; balance -l; balance -l; balance -l; balance -l; balance -l; balance -l; balance -l; balance -l; balance -l; balance -l; balance -l; balance -l; balance -l; balance -l; balance -l; balance -l; balance -l; balance -l; balance -l; balance -l; balance -l; balance -l; balance -l; balance -l; balance -l; balance -l; balance -l; balance -l; balance -l; balance -l; balance -l; balance -l; balance -l; balance -l; balance -l; balance -l; balance -l; balance -l; balance -l; balance -l; balance -l; balance -l; balance -l; balance -l; balance -l; balance -l; balance -l; balance -l; balance -l; balance -l; balance -l; balance -l; balance -l; balance -l; balance -l; balance -l; balance -l; balance -l; balance -l; balance -l; balance -l; balance -l; balance -l; balance -l; balance -l; balance -l; balance -l; balance -l; balance -l; balance -l; balance -l; balance -l; balance -l; balance -l; balance -l; balance -l; balance -l; balance -l; balance -l; balance -l; balance -l; balance -l; balance -l; balance -l; balance -l; balance -l; balance -l; balance -l; balance -l; balance -l; balance -l; balance -l; balance -l; balance -l; balance -l; balance -l; balance -l; balance -l; balance -l; balance -l; balance -l; balance -l; balance -l; balance -l; balance -l; balance -l; balance -l; balance -l; balance -l; balance -l; 

Time Elapsed for  router.aig  :  48.09651589393616 seconds
Command : balance -l; balance -l; balance -l; balance -l; balance -l; balance -l; balance -l; balance -l; balance -l; balance -l; balance -l; balance -l; balance -l; balance -l; balance -l; balance -l; balance -l; balance -l; balance -l; balance -l; balance -l; balance -l; balance -l; balance -l; balance -l; balance -l; balance -l; balance -l; balance -l; balance -l; balance -l; balance -l; balance -l; balance -l; balance -l; balance -l; balance -l; balance -l; balance -l; balance -l; balance -l; balance -l; balance -l; balance -l; balance -l; balance -l; balance -l; balance -l; balance -l; balance -l; balance -l; balance -l; balance -l; balance -l; balance -l; balance -l; balance -l; balance -l; balance -l; balance -l; balance -l; balance -l; balance -l; balance -l; balance -l; balance -l; balance -l; balance -l; balance -l; balance -l; balance -l; balance -l; balance -l; balance -l; balance -l; balance -l; balance -l; balance -l; balance -l; balance -l; balance -l; balance -l; balance -l; balance -l; balance -l; balance -l; balance -l; balance -l; balance -l; balance -l; balance -l; balance -l; balance -l; balance -l; balance -l; balance -l; balance -l; balance -l; balance -l; balance -l; balance -l; balance -l; balance -l; balance -l; balance -l; balance -l; balance -l; balance -l; balance -l; balance -l; balance -l; balance -l; balance -l; balance -l; balance -l; balance -l; balance -l; balance -l; balance -l; balance -l; balance -l; balance -l; balance -l; balance -l; balance -l; balance -l; balance -l; balance -l; balance -l; balance -l; balance -l; balance -l; balance -l; balance -l; balance -l; balance -l; balance -l; balance -l; balance -l;  


Running Reinforce on priority.aig.....
Time  02/23/2021, 07:28:13

###################################

0.0 1.0
Baseline Time Taken 0.13597500324249268  Baseline Nodes  466 Baseline Level  95  Total Reward  0.62


Found pre-existing Model


Input Feat Dim of Graph :  20  Output Channel Dim of Graph :  15
Seq Length : 11
Command : balance -l; balance -l; balance -l; resub -K 12 -N 2 -l; balance -l; balance -l; balance -l; resub -K 6 -N 2 -l; balance -l; balance -l; resub -K 12 -N 2 -l; 

Seq Length : 54
Command : balance -l; balance -l; balance -l; balance -l; balance -l; balance -l; balance -l; balance -l; balance -l; balance -l; balance -l; balance -l; balance -l; balance -l; rewrite -z -l; balance -l; balance -l; balance -l; balance -l; balance -l; balance -l; balance -l; balance -l; balance -l; balance -l; balance -l; balance -l; balance -l; balance -l; balance -l; balance -l; balance -l; balance -l; balance -l; balance -l; balance -l; balance -l; balance -l; balance -l; balance -l; balance -l; balance -l; balance -l; balance -l; balance -l; balance -l; balance -l; balance -l; balance -l; balance -l; balance -l; balance -l; balance -l; rewrite -z -l; 

Seq Length : 136
Command : balance -l; balance -l; balance -l; balance -l; balance -l; balance -l; balance -l; balance -l; balance -l; balance -l; balance -l; balance -l; balance -l; balance -l; balance -l; balance -l; balance -l; balance -l; balance -l; balance -l; balance -l; balance -l; balance -l; balance -l; balance -l; balance -l; balance -l; balance -l; balance -l; balance -l; balance -l; balance -l; balance -l; balance -l; balance -l; balance -l; balance -l; balance -l; balance -l; balance -l; balance -l; balance -l; balance -l; balance -l; balance -l; balance -l; balance -l; balance -l; balance -l; balance -l; balance -l; balance -l; balance -l; balance -l; balance -l; balance -l; balance -l; balance -l; balance -l; balance -l; balance -l; balance -l; balance -l; balance -l; balance -l; balance -l; balance -l; balance -l; balance -l; balance -l; balance -l; balance -l; balance -l; balance -l; balance -l; balance -l; balance -l; balance -l; balance -l; balance -l; balance -l; balance -l; balance -l; balance -l; balance -l; balance -l; balance -l; balance -l; balance -l; balance -l; balance -l; balance -l; balance -l; balance -l; balance -l; balance -l; balance -l; balance -l; balance -l; balance -l; balance -l; balance -l; balance -l; balance -l; balance -l; balance -l; balance -l; balance -l; balance -l; balance -l; balance -l; balance -l; balance -l; balance -l; balance -l; balance -l; balance -l; balance -l; balance -l; balance -l; balance -l; balance -l; balance -l; balance -l; balance -l; balance -l; balance -l; balance -l; balance -l; balance -l; balance -l; balance -l; balance -l; balance -l; balance -l; balance -l; 

Time Elapsed for  priority.aig  :  85.76203060150146 seconds
Command : balance -l; balance -l; balance -l; resub -K 12 -N 2 -l; balance -l; balance -l; balance -l; resub -K 6 -N 2 -l; balance -l; balance -l; resub -K 12 -N 2 -l;  


Running Reinforce on square.aig.....
Time  02/23/2021, 07:29:39

###################################

0.0 1.0
Baseline Time Taken 4.340951919555664  Baseline Nodes  15891 Baseline Level  248  Total Reward  0.008000000000000007


Found pre-existing Model


Input Feat Dim of Graph :  20  Output Channel Dim of Graph :  15
Seq Length : 158
Command : balance -l; balance -l; balance -l; balance -l; balance -l; balance -l; balance -l; balance -l; balance -l; balance -l; balance -l; balance -l; balance -l; balance -l; balance -l; balance -l; balance -l; balance -l; balance -l; balance -l; balance -l; balance -l; balance -l; balance -l; balance -l; balance -l; balance -l; balance -l; balance -l; balance -l; balance -l; balance -l; balance -l; balance -l; balance -l; balance -l; balance -l; balance -l; balance -l; balance -l; balance -l; balance -l; balance -l; balance -l; balance -l; balance -l; balance -l; balance -l; balance -l; balance -l; balance -l; balance -l; balance -l; balance -l; balance -l; balance -l; balance -l; balance -l; balance -l; balance -l; balance -l; balance -l; balance -l; balance -l; balance -l; balance -l; balance -l; balance -l; balance -l; balance -l; balance -l; balance -l; balance -l; balance -l; balance -l; balance -l; balance -l; balance -l; balance -l; balance -l; balance -l; balance -l; balance -l; balance -l; balance -l; balance -l; balance -l; balance -l; balance -l; balance -l; balance -l; balance -l; balance -l; balance -l; balance -l; balance -l; balance -l; balance -l; balance -l; balance -l; balance -l; balance -l; balance -l; balance -l; resub -K 12 -l; balance -l; balance -l; balance -l; balance -l; balance -l; balance -l; balance -l; balance -l; balance -l; balance -l; balance -l; balance -l; balance -l; balance -l; balance -l; balance -l; balance -l; balance -l; balance -l; balance -l; balance -l; balance -l; balance -l; balance -l; balance -l; balance -l; balance -l; resub -K 6 -l; balance -l; balance -l; balance -l; balance -l; balance -l; balance -l; balance -l; balance -l; resub -K 12 -N 2 -l; balance -l; balance -l; balance -l; balance -l; balance -l; resub -K 6 -l; balance -l; balance -l; balance -l; balance -l; balance -l; rewrite -z -l; balance -l; balance -l; balance -l; rewrite -z -l; 

Seq Length : 137
Command : balance -l; balance -l; balance -l; balance -l; balance -l; balance -l; balance -l; balance -l; balance -l; balance -l; balance -l; balance -l; balance -l; balance -l; balance -l; balance -l; balance -l; balance -l; balance -l; balance -l; balance -l; balance -l; balance -l; balance -l; balance -l; balance -l; balance -l; balance -l; balance -l; balance -l; balance -l; balance -l; balance -l; balance -l; balance -l; balance -l; balance -l; balance -l; balance -l; balance -l; balance -l; balance -l; balance -l; balance -l; balance -l; balance -l; balance -l; balance -l; balance -l; balance -l; balance -l; balance -l; balance -l; balance -l; balance -l; balance -l; balance -l; balance -l; balance -l; balance -l; balance -l; balance -l; balance -l; balance -l; balance -l; balance -l; balance -l; balance -l; balance -l; balance -l; balance -l; balance -l; balance -l; balance -l; balance -l; balance -l; balance -l; balance -l; balance -l; balance -l; balance -l; balance -l; balance -l; balance -l; balance -l; balance -l; balance -l; balance -l; balance -l; balance -l; balance -l; balance -l; balance -l; balance -l; balance -l; balance -l; balance -l; balance -l; balance -l; balance -l; balance -l; balance -l; balance -l; balance -l; balance -l; balance -l; balance -l; balance -l; balance -l; balance -l; balance -l; balance -l; balance -l; rewrite -z -l; balance -l; balance -l; balance -l; balance -l; balance -l; rewrite -z -l; balance -l; balance -l; balance -l; balance -l; rewrite -z -l; balance -l; balance -l; balance -l; balance -l; resub -K 12 -N 2 -l; balance -l; balance -l; balance -l; balance -l; balance -l; balance -l; resub -K 12 -l; 

Seq Length : 75
Command : balance -l; balance -l; balance -l; balance -l; balance -l; balance -l; balance -l; balance -l; balance -l; balance -l; balance -l; balance -l; balance -l; balance -l; balance -l; balance -l; balance -l; balance -l; balance -l; balance -l; balance -l; balance -l; balance -l; balance -l; balance -l; balance -l; balance -l; rewrite -z -l; balance -l; balance -l; balance -l; rewrite -z -l; balance -l; balance -l; balance -l; balance -l; balance -l; balance -l; balance -l; resub -K 12 -N 2 -l; balance -l; balance -l; balance -l; balance -l; balance -l; rewrite -z -l; balance -l; balance -l; balance -l; balance -l; balance -l; balance -l; balance -l; resub -K 6 -N 2 -l; balance -l; balance -l; balance -l; balance -l; resub -K 12 -N 2 -l; balance -l; balance -l; balance -l; balance -l; balance -l; balance -l; balance -l; rewrite -z -l; balance -l; balance -l; balance -l; rewrite -z -l; balance -l; balance -l; balance -l; rewrite -z -l; 

Time Elapsed for  square.aig  :  3591.8663268089294 seconds
Command : balance -l; balance -l; balance -l; balance -l; balance -l; balance -l; balance -l; balance -l; balance -l; balance -l; balance -l; balance -l; balance -l; balance -l; balance -l; balance -l; balance -l; balance -l; balance -l; balance -l; balance -l; balance -l; balance -l; balance -l; balance -l; balance -l; balance -l; rewrite -z -l; balance -l; balance -l; balance -l; rewrite -z -l; balance -l; balance -l; balance -l; balance -l; balance -l; balance -l; balance -l; resub -K 12 -N 2 -l; balance -l; balance -l; balance -l; balance -l; balance -l; rewrite -z -l; balance -l; balance -l; balance -l; balance -l; balance -l; balance -l; balance -l; resub -K 6 -N 2 -l; balance -l; balance -l; balance -l; balance -l; resub -K 12 -N 2 -l; balance -l; balance -l; balance -l; balance -l; balance -l; balance -l; balance -l; rewrite -z -l; balance -l; balance -l; balance -l; rewrite -z -l; balance -l; balance -l; balance -l; rewrite -z -l;  


Running Reinforce on bar.aig.....
Time  02/23/2021, 08:29:31

###################################

0.0 1.0
Baseline Time Taken 0.5486869812011719  Baseline Nodes  3141 Baseline Level  12  Total Reward  0.0


Found pre-existing Model


Input Feat Dim of Graph :  20  Output Channel Dim of Graph :  15
Seq Length : 85
Command : balance -l; balance -l; balance -l; balance -l; balance -l; balance -l; balance -l; balance -l; balance -l; balance -l; balance -l; balance -l; balance -l; balance -l; balance -l; balance -l; balance -l; balance -l; balance -l; balance -l; balance -l; balance -l; balance -l; balance -l; balance -l; balance -l; balance -l; balance -l; balance -l; balance -l; balance -l; balance -l; balance -l; balance -l; balance -l; balance -l; balance -l; balance -l; balance -l; balance -l; balance -l; balance -l; balance -l; balance -l; balance -l; balance -l; balance -l; balance -l; balance -l; balance -l; balance -l; balance -l; balance -l; balance -l; balance -l; balance -l; balance -l; balance -l; balance -l; balance -l; balance -l; balance -l; balance -l; balance -l; balance -l; balance -l; balance -l; rewrite -z -l; balance -l; balance -l; balance -l; balance -l; balance -l; balance -l; rewrite -z -l; balance -l; balance -l; balance -l; balance -l; balance -l; balance -l; balance -l; balance -l; balance -l; resub -K 12 -N 2 -l; 

Seq Length : 69
Command : balance -l; balance -l; balance -l; balance -l; balance -l; balance -l; balance -l; balance -l; balance -l; balance -l; balance -l; balance -l; balance -l; balance -l; balance -l; balance -l; balance -l; balance -l; balance -l; balance -l; balance -l; balance -l; balance -l; balance -l; balance -l; balance -l; balance -l; balance -l; balance -l; balance -l; balance -l; balance -l; balance -l; balance -l; balance -l; balance -l; balance -l; balance -l; rewrite -z -l; balance -l; balance -l; balance -l; balance -l; balance -l; rewrite -z -l; balance -l; balance -l; balance -l; balance -l; balance -l; balance -l; balance -l; balance -l; balance -l; rewrite -z -l; balance -l; balance -l; balance -l; balance -l; balance -l; balance -l; balance -l; balance -l; resub -K 12 -l; balance -l; balance -l; balance -l; balance -l; resub -K 6 -l; 

Seq Length : 42
Command : balance -l; balance -l; balance -l; balance -l; rewrite -z -l; balance -l; balance -l; balance -l; balance -l; balance -l; balance -l; balance -l; balance -l; rewrite -z -l; balance -l; balance -l; balance -l; balance -l; balance -l; balance -l; balance -l; balance -l; balance -l; balance -l; balance -l; balance -l; balance -l; balance -l; balance -l; resub -K 12 -l; balance -l; balance -l; balance -l; balance -l; balance -l; rewrite -z -l; balance -l; balance -l; balance -l; balance -l; balance -l; resub -K 12 -N 2 -l; 

Time Elapsed for  bar.aig  :  328.11802220344543 seconds
Command : balance -l; balance -l; balance -l; balance -l; balance -l; balance -l; balance -l; balance -l; balance -l; balance -l; balance -l; balance -l; balance -l; balance -l; balance -l; balance -l; balance -l; balance -l; balance -l; balance -l; balance -l; balance -l; balance -l; balance -l; balance -l; balance -l; balance -l; balance -l; balance -l; balance -l; balance -l; balance -l; balance -l; balance -l; balance -l; balance -l; balance -l; balance -l; balance -l; balance -l; balance -l; balance -l; balance -l; balance -l; balance -l; balance -l; balance -l; balance -l; balance -l; balance -l; balance -l; balance -l; balance -l; balance -l; balance -l; balance -l; balance -l; balance -l; balance -l; balance -l; balance -l; balance -l; balance -l; balance -l; balance -l; balance -l; balance -l; rewrite -z -l; balance -l; balance -l; balance -l; balance -l; balance -l; balance -l; rewrite -z -l; balance -l; balance -l; balance -l; balance -l; balance -l; balance -l; balance -l; balance -l; balance -l; resub -K 12 -N 2 -l;  


Running Reinforce on sin.aig.....
Time  02/23/2021, 08:34:59

###################################

0.0 1.0
Baseline Time Taken 1.6177170276641846  Baseline Nodes  5019 Baseline Level  180  Total Reward  0.19999999999999996


Found pre-existing Model


Input Feat Dim of Graph :  20  Output Channel Dim of Graph :  15
Seq Length : 111
Command : balance -l; balance -l; balance -l; balance -l; balance -l; balance -l; balance -l; balance -l; balance -l; balance -l; balance -l; balance -l; balance -l; balance -l; balance -l; balance -l; balance -l; balance -l; balance -l; balance -l; balance -l; balance -l; balance -l; balance -l; balance -l; balance -l; balance -l; balance -l; balance -l; balance -l; balance -l; balance -l; balance -l; balance -l; balance -l; balance -l; balance -l; balance -l; balance -l; balance -l; balance -l; balance -l; balance -l; balance -l; balance -l; balance -l; balance -l; balance -l; balance -l; balance -l; balance -l; balance -l; balance -l; balance -l; balance -l; balance -l; balance -l; balance -l; balance -l; balance -l; balance -l; balance -l; balance -l; balance -l; balance -l; balance -l; resub -K 6 -l; balance -l; balance -l; balance -l; balance -l; balance -l; balance -l; balance -l; balance -l; balance -l; balance -l; balance -l; balance -l; balance -l; balance -l; balance -l; balance -l; balance -l; balance -l; balance -l; balance -l; balance -l; balance -l; balance -l; balance -l; resub -K 12 -N 2 -l; balance -l; balance -l; balance -l; balance -l; resub -K 12 -N 2 -l; balance -l; balance -l; balance -l; balance -l; balance -l; resub -K 6 -l; balance -l; balance -l; balance -l; balance -l; balance -l; balance -l; balance -l; rewrite -z -l; 

Seq Length : 74
Command : balance -l; balance -l; balance -l; balance -l; balance -l; balance -l; balance -l; resub -K 6 -l; balance -l; balance -l; balance -l; balance -l; balance -l; balance -l; balance -l; balance -l; balance -l; balance -l; balance -l; balance -l; balance -l; balance -l; balance -l; balance -l; balance -l; balance -l; balance -l; balance -l; balance -l; balance -l; balance -l; balance -l; balance -l; balance -l; balance -l; balance -l; balance -l; balance -l; balance -l; balance -l; balance -l; balance -l; balance -l; balance -l; balance -l; balance -l; balance -l; balance -l; balance -l; balance -l; balance -l; balance -l; balance -l; balance -l; balance -l; balance -l; balance -l; balance -l; balance -l; balance -l; balance -l; resub -K 6 -l; balance -l; balance -l; balance -l; balance -l; balance -l; resub -K 12 -N 2 -l; balance -l; resub -K 12 -N 2 -l; balance -l; balance -l; balance -l; resub -K 12 -N 2 -l; 

Seq Length : 85
Command : balance -l; balance -l; balance -l; balance -l; balance -l; balance -l; balance -l; balance -l; balance -l; balance -l; balance -l; balance -l; balance -l; balance -l; balance -l; balance -l; balance -l; balance -l; balance -l; balance -l; balance -l; balance -l; balance -l; balance -l; balance -l; balance -l; balance -l; balance -l; balance -l; balance -l; balance -l; balance -l; balance -l; balance -l; balance -l; rewrite -z -l; balance -l; balance -l; balance -l; balance -l; balance -l; balance -l; balance -l; balance -l; balance -l; balance -l; balance -l; balance -l; balance -l; balance -l; balance -l; balance -l; balance -l; balance -l; balance -l; balance -l; balance -l; balance -l; balance -l; balance -l; balance -l; balance -l; balance -l; balance -l; balance -l; balance -l; balance -l; balance -l; rewrite -z -l; balance -l; balance -l; balance -l; balance -l; balance -l; balance -l; rewrite -z -l; balance -l; balance -l; balance -l; rewrite -z -l; balance -l; balance -l; balance -l; resub -K 12 -N 2 -l; balance -l; 

Time Elapsed for  sin.aig  :  730.2073197364807 seconds
Command : balance -l; balance -l; balance -l; balance -l; balance -l; balance -l; balance -l; balance -l; balance -l; balance -l; balance -l; balance -l; balance -l; balance -l; balance -l; balance -l; balance -l; balance -l; balance -l; balance -l; balance -l; balance -l; balance -l; balance -l; balance -l; balance -l; balance -l; balance -l; balance -l; balance -l; balance -l; balance -l; balance -l; balance -l; balance -l; rewrite -z -l; balance -l; balance -l; balance -l; balance -l; balance -l; balance -l; balance -l; balance -l; balance -l; balance -l; balance -l; balance -l; balance -l; balance -l; balance -l; balance -l; balance -l; balance -l; balance -l; balance -l; balance -l; balance -l; balance -l; balance -l; balance -l; balance -l; balance -l; balance -l; balance -l; balance -l; balance -l; balance -l; rewrite -z -l; balance -l; balance -l; balance -l; balance -l; balance -l; balance -l; rewrite -z -l; balance -l; balance -l; balance -l; rewrite -z -l; balance -l; balance -l; balance -l; resub -K 12 -N 2 -l; balance -l;  


Running Reinforce on max.aig.....
Time  02/23/2021, 08:47:09

###################################

0.0 1.0
Baseline Time Taken 0.4175179898738861  Baseline Nodes  2832 Baseline Level  206  Total Reward  0.28222996515679444


Found pre-existing Model


Input Feat Dim of Graph :  20  Output Channel Dim of Graph :  15
Seq Length : 45
Command : balance -l; balance -l; balance -l; balance -l; balance -l; balance -l; balance -l; balance -l; balance -l; balance -l; balance -l; balance -l; balance -l; balance -l; balance -l; balance -l; balance -l; balance -l; balance -l; balance -l; balance -l; rewrite -z -l; balance -l; balance -l; balance -l; balance -l; balance -l; balance -l; balance -l; balance -l; balance -l; balance -l; balance -l; balance -l; balance -l; rewrite -z -l; balance -l; balance -l; balance -l; rewrite -z -l; balance -l; balance -l; balance -l; balance -l; rewrite -z -l; 

Seq Length : 35
Command : balance -l; balance -l; balance -l; balance -l; balance -l; balance -l; balance -l; balance -l; balance -l; balance -l; balance -l; balance -l; balance -l; rewrite -z -l; balance -l; balance -l; balance -l; balance -l; balance -l; balance -l; balance -l; balance -l; rewrite -z -l; balance -l; balance -l; balance -l; resub -K 12 -l; balance -l; balance -l; balance -l; resub -K 12 -l; balance -l; balance -l; balance -l; rewrite -z -l; 

Seq Length : 16
Command : balance -l; balance -l; balance -l; balance -l; balance -l; balance -l; rewrite -z -l; balance -l; rewrite -z -l; balance -l; balance -l; rewrite -z -l; balance -l; balance -l; rewrite -z -l; rewrite -z -l; 

Time Elapsed for  max.aig  :  146.5289876461029 seconds
Command : balance -l; balance -l; balance -l; balance -l; balance -l; balance -l; balance -l; balance -l; balance -l; balance -l; balance -l; balance -l; balance -l; balance -l; balance -l; balance -l; balance -l; balance -l; balance -l; balance -l; balance -l; rewrite -z -l; balance -l; balance -l; balance -l; balance -l; balance -l; balance -l; balance -l; balance -l; balance -l; balance -l; balance -l; balance -l; balance -l; rewrite -z -l; balance -l; balance -l; balance -l; rewrite -z -l; balance -l; balance -l; balance -l; balance -l; rewrite -z -l;  


Running Reinforce on mem_ctrl.aig.....
Time  02/23/2021, 08:49:35

###################################

0.0 1.0
Baseline Time Taken 9.726993560791016  Baseline Nodes  43924 Baseline Level  112  Total Reward  0.01754385964912286


Found pre-existing Model


Input Feat Dim of Graph :  20  Output Channel Dim of Graph :  15
Seq Length : 117
Command : balance -l; balance -l; balance -l; balance -l; balance -l; balance -l; balance -l; balance -l; balance -l; balance -l; balance -l; balance -l; balance -l; balance -l; balance -l; balance -l; balance -l; balance -l; balance -l; balance -l; balance -l; balance -l; balance -l; balance -l; balance -l; balance -l; balance -l; balance -l; balance -l; balance -l; balance -l; balance -l; balance -l; balance -l; balance -l; balance -l; balance -l; balance -l; balance -l; balance -l; balance -l; balance -l; balance -l; balance -l; balance -l; balance -l; balance -l; balance -l; balance -l; balance -l; balance -l; balance -l; balance -l; balance -l; balance -l; balance -l; balance -l; balance -l; balance -l; resub -K 6 -l; balance -l; balance -l; balance -l; balance -l; balance -l; balance -l; balance -l; balance -l; balance -l; balance -l; balance -l; balance -l; balance -l; balance -l; balance -l; balance -l; balance -l; balance -l; balance -l; balance -l; balance -l; balance -l; balance -l; balance -l; balance -l; balance -l; balance -l; balance -l; rewrite -z -l; balance -l; balance -l; balance -l; balance -l; balance -l; balance -l; balance -l; balance -l; balance -l; balance -l; balance -l; balance -l; balance -l; balance -l; balance -l; rewrite -z -l; balance -l; balance -l; balance -l; balance -l; rewrite -z -l; balance -l; balance -l; balance -l; balance -l; balance -l; balance -l; resub -K 6 -l; 

Seq Length : 115
Command : balance -l; balance -l; balance -l; balance -l; balance -l; balance -l; balance -l; balance -l; balance -l; balance -l; balance -l; balance -l; balance -l; balance -l; rewrite -z -l; balance -l; balance -l; balance -l; balance -l; balance -l; balance -l; balance -l; balance -l; balance -l; balance -l; balance -l; balance -l; balance -l; balance -l; balance -l; balance -l; balance -l; balance -l; balance -l; balance -l; balance -l; balance -l; balance -l; balance -l; balance -l; balance -l; balance -l; balance -l; balance -l; balance -l; balance -l; balance -l; balance -l; balance -l; balance -l; balance -l; balance -l; balance -l; balance -l; balance -l; balance -l; balance -l; balance -l; balance -l; balance -l; balance -l; balance -l; balance -l; balance -l; balance -l; balance -l; balance -l; balance -l; balance -l; balance -l; balance -l; balance -l; balance -l; balance -l; balance -l; balance -l; balance -l; balance -l; rewrite -z -l; balance -l; balance -l; balance -l; balance -l; balance -l; balance -l; balance -l; balance -l; balance -l; balance -l; balance -l; balance -l; balance -l; balance -l; balance -l; balance -l; balance -l; balance -l; rewrite -z -l; balance -l; balance -l; balance -l; rewrite -z -l; balance -l; balance -l; balance -l; balance -l; balance -l; balance -l; balance -l; balance -l; balance -l; balance -l; balance -l; balance -l; rewrite -z -l; 

Seq Length : 115
Command : balance -l; balance -l; balance -l; balance -l; balance -l; balance -l; balance -l; balance -l; balance -l; balance -l; balance -l; balance -l; balance -l; balance -l; balance -l; balance -l; balance -l; balance -l; balance -l; balance -l; balance -l; balance -l; balance -l; balance -l; balance -l; balance -l; balance -l; balance -l; balance -l; balance -l; balance -l; balance -l; balance -l; balance -l; balance -l; balance -l; balance -l; balance -l; balance -l; balance -l; balance -l; balance -l; balance -l; balance -l; balance -l; balance -l; balance -l; balance -l; balance -l; balance -l; balance -l; balance -l; balance -l; balance -l; balance -l; rewrite -z -l; balance -l; balance -l; balance -l; balance -l; balance -l; balance -l; balance -l; balance -l; balance -l; balance -l; balance -l; balance -l; balance -l; balance -l; balance -l; balance -l; balance -l; balance -l; balance -l; balance -l; balance -l; balance -l; balance -l; balance -l; balance -l; balance -l; balance -l; balance -l; balance -l; balance -l; balance -l; resub -K 6 -l; balance -l; balance -l; balance -l; balance -l; resub -K 6 -l; balance -l; balance -l; balance -l; balance -l; balance -l; balance -l; balance -l; balance -l; balance -l; balance -l; balance -l; balance -l; balance -l; rewrite -z -l; balance -l; balance -l; balance -l; balance -l; balance -l; balance -l; rewrite -z -l; balance -l; 

Time Elapsed for  mem_ctrl.aig  :  11064.111425638199 seconds
Command : balance -l; balance -l; balance -l; balance -l; balance -l; balance -l; balance -l; balance -l; balance -l; balance -l; balance -l; balance -l; balance -l; balance -l; balance -l; balance -l; balance -l; balance -l; balance -l; balance -l; balance -l; balance -l; balance -l; balance -l; balance -l; balance -l; balance -l; balance -l; balance -l; balance -l; balance -l; balance -l; balance -l; balance -l; balance -l; balance -l; balance -l; balance -l; balance -l; balance -l; balance -l; balance -l; balance -l; balance -l; balance -l; balance -l; balance -l; balance -l; balance -l; balance -l; balance -l; balance -l; balance -l; balance -l; balance -l; rewrite -z -l; balance -l; balance -l; balance -l; balance -l; balance -l; balance -l; balance -l; balance -l; balance -l; balance -l; balance -l; balance -l; balance -l; balance -l; balance -l; balance -l; balance -l; balance -l; balance -l; balance -l; balance -l; balance -l; balance -l; balance -l; balance -l; balance -l; balance -l; balance -l; balance -l; balance -l; balance -l; resub -K 6 -l; balance -l; balance -l; balance -l; balance -l; resub -K 6 -l; balance -l; balance -l; balance -l; balance -l; balance -l; balance -l; balance -l; balance -l; balance -l; balance -l; balance -l; balance -l; balance -l; rewrite -z -l; balance -l; balance -l; balance -l; balance -l; balance -l; balance -l; rewrite -z -l; balance -l;  


Running Reinforce on ctrl.aig.....
Time  02/23/2021, 11:54:00

###################################

0.0 1.0
Baseline Time Taken 0.02403699979186058  Baseline Nodes  90 Baseline Level  10  Total Reward  0.0


Found pre-existing Model


Input Feat Dim of Graph :  20  Output Channel Dim of Graph :  15
Seq Length : 37
Command : balance -l; balance -l; balance -l; balance -l; balance -l; balance -l; balance -l; balance -l; balance -l; balance -l; balance -l; balance -l; balance -l; balance -l; balance -l; balance -l; balance -l; balance -l; balance -l; balance -l; balance -l; balance -l; balance -l; balance -l; balance -l; balance -l; balance -l; balance -l; balance -l; balance -l; balance -l; balance -l; balance -l; balance -l; balance -l; balance -l; resub -K 12 -N 2 -l; 

Seq Length : 43
Command : balance -l; balance -l; balance -l; balance -l; balance -l; balance -l; balance -l; balance -l; balance -l; balance -l; balance -l; balance -l; balance -l; balance -l; balance -l; balance -l; balance -l; balance -l; balance -l; balance -l; balance -l; balance -l; balance -l; balance -l; balance -l; balance -l; balance -l; balance -l; balance -l; balance -l; balance -l; balance -l; balance -l; balance -l; balance -l; balance -l; balance -l; balance -l; balance -l; balance -l; balance -l; balance -l; rewrite -z -l; 

Seq Length : 48
Command : balance -l; balance -l; balance -l; balance -l; balance -l; balance -l; balance -l; balance -l; balance -l; balance -l; balance -l; balance -l; balance -l; balance -l; balance -l; balance -l; balance -l; balance -l; balance -l; balance -l; balance -l; balance -l; balance -l; balance -l; balance -l; balance -l; balance -l; balance -l; balance -l; balance -l; balance -l; balance -l; balance -l; balance -l; balance -l; balance -l; balance -l; balance -l; balance -l; balance -l; balance -l; balance -l; balance -l; balance -l; balance -l; resub -K 6 -l; balance -l; resub -K 12 -N 2 -l; 

Time Elapsed for  ctrl.aig  :  13.577949285507202 seconds
Command : balance -l; balance -l; balance -l; balance -l; balance -l; balance -l; balance -l; balance -l; balance -l; balance -l; balance -l; balance -l; balance -l; balance -l; balance -l; balance -l; balance -l; balance -l; balance -l; balance -l; balance -l; balance -l; balance -l; balance -l; balance -l; balance -l; balance -l; balance -l; balance -l; balance -l; balance -l; balance -l; balance -l; balance -l; balance -l; balance -l; balance -l; balance -l; balance -l; balance -l; balance -l; balance -l; balance -l; balance -l; balance -l; resub -K 6 -l; balance -l; resub -K 12 -N 2 -l;  


Running Reinforce on cavlc.aig.....
Time  02/23/2021, 11:54:13

###################################

0.0 1.0
Baseline Time Taken 0.28002500534057617  Baseline Nodes  635 Baseline Level  17  Total Reward  -0.0625


Found pre-existing Model


Input Feat Dim of Graph :  20  Output Channel Dim of Graph :  15
Seq Length : 79
Command : balance -l; balance -l; balance -l; balance -l; balance -l; balance -l; rewrite -z -l; balance -l; balance -l; balance -l; balance -l; balance -l; balance -l; balance -l; balance -l; balance -l; balance -l; balance -l; balance -l; balance -l; balance -l; balance -l; balance -l; balance -l; balance -l; balance -l; balance -l; balance -l; balance -l; balance -l; balance -l; balance -l; balance -l; balance -l; balance -l; balance -l; balance -l; balance -l; balance -l; balance -l; balance -l; balance -l; balance -l; balance -l; balance -l; balance -l; balance -l; balance -l; balance -l; balance -l; balance -l; balance -l; balance -l; balance -l; balance -l; balance -l; balance -l; balance -l; balance -l; balance -l; balance -l; balance -l; balance -l; balance -l; balance -l; balance -l; balance -l; resub -K 12 -N 2 -l; balance -l; balance -l; balance -l; balance -l; balance -l; balance -l; balance -l; balance -l; balance -l; balance -l; resub -K 12 -N 2 -l; 

Seq Length : 6
Command : balance -l; resub -K 12 -N 2 -l; rewrite -z -l; rewrite -z -l; rewrite -z -l; resub -K 12 -N 2 -l; 

Seq Length : 5
Command : balance -l; balance -l; resub -K 12 -N 2 -l; resub -K 12 -N 2 -l; resub -K 12 -N 2 -l; 

Time Elapsed for  cavlc.aig  :  33.18769836425781 seconds
Command : balance -l; balance -l; balance -l; balance -l; balance -l; balance -l; rewrite -z -l; balance -l; balance -l; balance -l; balance -l; balance -l; balance -l; balance -l; balance -l; balance -l; balance -l; balance -l; balance -l; balance -l; balance -l; balance -l; balance -l; balance -l; balance -l; balance -l; balance -l; balance -l; balance -l; balance -l; balance -l; balance -l; balance -l; balance -l; balance -l; balance -l; balance -l; balance -l; balance -l; balance -l; balance -l; balance -l; balance -l; balance -l; balance -l; balance -l; balance -l; balance -l; balance -l; balance -l; balance -l; balance -l; balance -l; balance -l; balance -l; balance -l; balance -l; balance -l; balance -l; balance -l; balance -l; balance -l; balance -l; balance -l; balance -l; balance -l; balance -l; resub -K 12 -N 2 -l; balance -l; balance -l; balance -l; balance -l; balance -l; balance -l; balance -l; balance -l; balance -l; balance -l; resub -K 12 -N 2 -l;  


Running Reinforce on sqrt.aig.....
Time  02/23/2021, 11:54:46

###################################

0.0 1.0
Baseline Time Taken 4.785860061645508  Baseline Nodes  18255 Baseline Level  6046  Total Reward  -0.19533412415974682


Found pre-existing Model


Input Feat Dim of Graph :  20  Output Channel Dim of Graph :  15
Seq Length : 156
Command : balance -l; balance -l; balance -l; balance -l; balance -l; balance -l; balance -l; balance -l; balance -l; balance -l; balance -l; balance -l; balance -l; balance -l; balance -l; balance -l; balance -l; balance -l; balance -l; balance -l; balance -l; balance -l; balance -l; balance -l; balance -l; balance -l; balance -l; balance -l; balance -l; balance -l; balance -l; balance -l; balance -l; balance -l; balance -l; balance -l; balance -l; balance -l; balance -l; balance -l; balance -l; balance -l; balance -l; balance -l; balance -l; balance -l; balance -l; balance -l; balance -l; balance -l; balance -l; balance -l; balance -l; balance -l; balance -l; balance -l; balance -l; balance -l; balance -l; balance -l; balance -l; balance -l; balance -l; balance -l; balance -l; balance -l; balance -l; balance -l; balance -l; balance -l; balance -l; balance -l; balance -l; balance -l; balance -l; balance -l; balance -l; balance -l; balance -l; balance -l; balance -l; balance -l; balance -l; balance -l; balance -l; balance -l; balance -l; balance -l; balance -l; balance -l; balance -l; balance -l; balance -l; balance -l; balance -l; balance -l; balance -l; balance -l; balance -l; balance -l; balance -l; balance -l; balance -l; resub -K 12 -N 2 -l; balance -l; balance -l; balance -l; balance -l; balance -l; balance -l; balance -l; resub -K 6 -l; balance -l; balance -l; balance -l; balance -l; balance -l; balance -l; balance -l; balance -l; balance -l; balance -l; balance -l; balance -l; balance -l; balance -l; balance -l; balance -l; balance -l; balance -l; balance -l; balance -l; balance -l; balance -l; balance -l; balance -l; rewrite -z -l; balance -l; balance -l; balance -l; balance -l; balance -l; balance -l; balance -l; balance -l; balance -l; balance -l; balance -l; balance -l; balance -l; balance -l; balance -l; balance -l; balance -l; balance -l; balance -l; 

Seq Length : 149
Command : balance -l; balance -l; balance -l; balance -l; balance -l; balance -l; balance -l; balance -l; balance -l; balance -l; balance -l; balance -l; balance -l; balance -l; balance -l; balance -l; balance -l; balance -l; balance -l; balance -l; balance -l; balance -l; balance -l; balance -l; balance -l; balance -l; balance -l; balance -l; balance -l; balance -l; balance -l; balance -l; balance -l; balance -l; balance -l; balance -l; balance -l; balance -l; balance -l; balance -l; balance -l; balance -l; balance -l; balance -l; balance -l; balance -l; balance -l; balance -l; balance -l; balance -l; balance -l; balance -l; balance -l; balance -l; balance -l; balance -l; balance -l; balance -l; balance -l; balance -l; balance -l; balance -l; balance -l; balance -l; balance -l; balance -l; balance -l; balance -l; balance -l; balance -l; balance -l; balance -l; balance -l; balance -l; balance -l; balance -l; balance -l; balance -l; balance -l; balance -l; balance -l; balance -l; balance -l; balance -l; balance -l; balance -l; balance -l; balance -l; balance -l; balance -l; balance -l; balance -l; balance -l; balance -l; balance -l; balance -l; balance -l; balance -l; balance -l; balance -l; balance -l; balance -l; balance -l; balance -l; balance -l; balance -l; balance -l; balance -l; balance -l; balance -l; balance -l; balance -l; balance -l; balance -l; balance -l; balance -l; balance -l; balance -l; balance -l; balance -l; balance -l; balance -l; balance -l; balance -l; balance -l; balance -l; resub -K 6 -l; balance -l; balance -l; balance -l; balance -l; balance -l; balance -l; balance -l; balance -l; balance -l; balance -l; rewrite -z -l; balance -l; balance -l; balance -l; balance -l; balance -l; balance -l; balance -l; balance -l; balance -l; balance -l; rewrite -z -l; 

Seq Length : 74
Command : balance -l; balance -l; balance -l; balance -l; balance -l; balance -l; balance -l; balance -l; balance -l; balance -l; balance -l; balance -l; balance -l; balance -l; rewrite -z -l; balance -l; balance -l; balance -l; balance -l; balance -l; balance -l; balance -l; balance -l; balance -l; balance -l; balance -l; balance -l; balance -l; rewrite -z -l; balance -l; balance -l; balance -l; balance -l; balance -l; balance -l; balance -l; balance -l; balance -l; balance -l; balance -l; balance -l; balance -l; balance -l; balance -l; balance -l; balance -l; balance -l; balance -l; balance -l; balance -l; balance -l; balance -l; balance -l; balance -l; balance -l; balance -l; balance -l; balance -l; balance -l; balance -l; resub -K 12 -N 2 -l; balance -l; balance -l; balance -l; rewrite -z -l; balance -l; balance -l; balance -l; resub -K 12 -N 2 -l; resub -K 6 -l; balance -l; balance -l; balance -l; rewrite -z -l; 

Time Elapsed for  sqrt.aig  :  4875.057769060135 seconds
Command : balance -l; balance -l; balance -l; balance -l; balance -l; balance -l; balance -l; balance -l; balance -l; balance -l; balance -l; balance -l; balance -l; balance -l; balance -l; balance -l; balance -l; balance -l; balance -l; balance -l; balance -l; balance -l; balance -l; balance -l; balance -l; balance -l; balance -l; balance -l; balance -l; balance -l; balance -l; balance -l; balance -l; balance -l; balance -l; balance -l; balance -l; balance -l; balance -l; balance -l; balance -l; balance -l; balance -l; balance -l; balance -l; balance -l; balance -l; balance -l; balance -l; balance -l; balance -l; balance -l; balance -l; balance -l; balance -l; balance -l; balance -l; balance -l; balance -l; balance -l; balance -l; balance -l; balance -l; balance -l; balance -l; balance -l; balance -l; balance -l; balance -l; balance -l; balance -l; balance -l; balance -l; balance -l; balance -l; balance -l; balance -l; balance -l; balance -l; balance -l; balance -l; balance -l; balance -l; balance -l; balance -l; balance -l; balance -l; balance -l; balance -l; balance -l; balance -l; balance -l; balance -l; balance -l; balance -l; balance -l; balance -l; balance -l; balance -l; balance -l; balance -l; balance -l; balance -l; balance -l; balance -l; balance -l; balance -l; balance -l; balance -l; balance -l; balance -l; balance -l; balance -l; balance -l; balance -l; balance -l; balance -l; balance -l; balance -l; balance -l; balance -l; balance -l; balance -l; balance -l; balance -l; balance -l; resub -K 6 -l; balance -l; balance -l; balance -l; balance -l; balance -l; balance -l; balance -l; balance -l; balance -l; balance -l; rewrite -z -l; balance -l; balance -l; balance -l; balance -l; balance -l; balance -l; balance -l; balance -l; balance -l; balance -l; rewrite -z -l;  


Running Reinforce on voter.aig.....
Time  02/23/2021, 13:16:01

###################################

0.0 1.0
Baseline Time Taken 2.276679039001465  Baseline Nodes  7946 Baseline Level  62  Total Reward  0.11428571428571432


Found pre-existing Model


Input Feat Dim of Graph :  20  Output Channel Dim of Graph :  15
Seq Length : 76
Command : balance -l; balance -l; balance -l; balance -l; balance -l; balance -l; balance -l; balance -l; balance -l; balance -l; balance -l; balance -l; balance -l; balance -l; balance -l; balance -l; balance -l; balance -l; balance -l; balance -l; balance -l; balance -l; balance -l; balance -l; balance -l; balance -l; balance -l; balance -l; balance -l; balance -l; balance -l; balance -l; balance -l; balance -l; balance -l; balance -l; balance -l; balance -l; balance -l; balance -l; balance -l; balance -l; balance -l; balance -l; balance -l; rewrite -z -l; balance -l; balance -l; balance -l; balance -l; rewrite -z -l; balance -l; balance -l; balance -l; balance -l; resub -K 6 -l; balance -l; balance -l; balance -l; resub -K 12 -l; balance -l; balance -l; balance -l; balance -l; balance -l; balance -l; rewrite -z -l; balance -l; balance -l; balance -l; balance -l; resub -K 12 -l; balance -l; balance -l; balance -l; resub -K 6 -l; 

Seq Length : 80
Command : balance -l; balance -l; balance -l; balance -l; balance -l; balance -l; balance -l; balance -l; balance -l; balance -l; balance -l; balance -l; balance -l; balance -l; balance -l; balance -l; balance -l; balance -l; balance -l; balance -l; balance -l; balance -l; balance -l; balance -l; balance -l; balance -l; balance -l; balance -l; balance -l; balance -l; balance -l; balance -l; balance -l; balance -l; balance -l; balance -l; resub -K 6 -l; balance -l; balance -l; balance -l; balance -l; balance -l; balance -l; balance -l; balance -l; balance -l; balance -l; balance -l; balance -l; balance -l; balance -l; balance -l; balance -l; balance -l; balance -l; balance -l; balance -l; balance -l; balance -l; rewrite -z -l; balance -l; balance -l; balance -l; balance -l; balance -l; rewrite -z -l; balance -l; balance -l; balance -l; balance -l; resub -K 6 -l; balance -l; balance -l; balance -l; rewrite -z -l; balance -l; balance -l; balance -l; balance -l; rewrite -z -l; 

Seq Length : 47
Command : balance -l; balance -l; balance -l; balance -l; balance -l; balance -l; balance -l; balance -l; balance -l; rewrite -z -l; balance -l; balance -l; balance -l; balance -l; balance -l; resub -K 12 -N 2 -l; balance -l; balance -l; balance -l; rewrite -z -l; balance -l; balance -l; balance -l; balance -l; resub -K 12 -N 2 -l; balance -l; balance -l; balance -l; resub -K 6 -l; balance -l; balance -l; balance -l; resub -K 6 -l; balance -l; balance -l; balance -l; resub -K 12 -N 2 -l; balance -l; balance -l; balance -l; balance -l; resub -K 6 -l; resub -K 12 -N 2 -l; balance -l; rewrite -z -l; balance -l; rewrite -z -l; 

Time Elapsed for  voter.aig  :  1166.9831295013428 seconds
Command : balance -l; balance -l; balance -l; balance -l; balance -l; balance -l; balance -l; balance -l; balance -l; balance -l; balance -l; balance -l; balance -l; balance -l; balance -l; balance -l; balance -l; balance -l; balance -l; balance -l; balance -l; balance -l; balance -l; balance -l; balance -l; balance -l; balance -l; balance -l; balance -l; balance -l; balance -l; balance -l; balance -l; balance -l; balance -l; balance -l; resub -K 6 -l; balance -l; balance -l; balance -l; balance -l; balance -l; balance -l; balance -l; balance -l; balance -l; balance -l; balance -l; balance -l; balance -l; balance -l; balance -l; balance -l; balance -l; balance -l; balance -l; balance -l; balance -l; balance -l; rewrite -z -l; balance -l; balance -l; balance -l; balance -l; balance -l; rewrite -z -l; balance -l; balance -l; balance -l; balance -l; resub -K 6 -l; balance -l; balance -l; balance -l; rewrite -z -l; balance -l; balance -l; balance -l; balance -l; rewrite -z -l;  


Running Reinforce on multiplier.aig.....
Time  02/23/2021, 13:35:28

###################################

0.0 1.0
Baseline Time Taken 6.404872894287109  Baseline Nodes  24337 Baseline Level  265  Total Reward  0.03284671532846717


Found pre-existing Model


Input Feat Dim of Graph :  20  Output Channel Dim of Graph :  15
Seq Length : 137
Command : balance -l; balance -l; balance -l; balance -l; balance -l; balance -l; balance -l; balance -l; balance -l; balance -l; balance -l; balance -l; balance -l; balance -l; balance -l; balance -l; balance -l; balance -l; balance -l; balance -l; balance -l; balance -l; balance -l; balance -l; balance -l; balance -l; balance -l; balance -l; balance -l; balance -l; balance -l; balance -l; balance -l; balance -l; balance -l; balance -l; balance -l; balance -l; balance -l; balance -l; balance -l; balance -l; balance -l; balance -l; balance -l; balance -l; balance -l; balance -l; balance -l; balance -l; balance -l; balance -l; balance -l; balance -l; balance -l; balance -l; balance -l; balance -l; balance -l; balance -l; balance -l; balance -l; balance -l; balance -l; balance -l; balance -l; balance -l; balance -l; balance -l; balance -l; balance -l; balance -l; balance -l; balance -l; balance -l; balance -l; balance -l; balance -l; balance -l; balance -l; balance -l; balance -l; balance -l; balance -l; balance -l; balance -l; balance -l; balance -l; balance -l; balance -l; balance -l; balance -l; balance -l; balance -l; balance -l; balance -l; balance -l; balance -l; balance -l; balance -l; balance -l; balance -l; balance -l; balance -l; rewrite -z -l; balance -l; balance -l; balance -l; balance -l; balance -l; balance -l; balance -l; balance -l; balance -l; balance -l; balance -l; balance -l; balance -l; balance -l; balance -l; balance -l; balance -l; rewrite -z -l; balance -l; balance -l; balance -l; balance -l; balance -l; balance -l; rewrite -z -l; resub -K 6 -l; balance -l; balance -l; balance -l; balance -l; balance -l; rewrite -z -l; 

Seq Length : 99
Command : balance -l; balance -l; balance -l; balance -l; balance -l; balance -l; balance -l; balance -l; balance -l; balance -l; balance -l; balance -l; balance -l; balance -l; balance -l; balance -l; balance -l; balance -l; balance -l; balance -l; balance -l; balance -l; balance -l; balance -l; balance -l; balance -l; balance -l; balance -l; balance -l; balance -l; balance -l; balance -l; balance -l; resub -K 12 -N 2 -l; balance -l; balance -l; balance -l; balance -l; balance -l; balance -l; balance -l; balance -l; balance -l; resub -K 6 -l; balance -l; balance -l; balance -l; balance -l; balance -l; balance -l; balance -l; balance -l; balance -l; balance -l; balance -l; balance -l; balance -l; balance -l; balance -l; balance -l; balance -l; balance -l; balance -l; balance -l; balance -l; balance -l; balance -l; balance -l; balance -l; balance -l; balance -l; balance -l; balance -l; balance -l; balance -l; balance -l; balance -l; balance -l; balance -l; balance -l; balance -l; balance -l; resub -K 12 -N 2 -l; balance -l; balance -l; balance -l; balance -l; balance -l; resub -K 12 -N 2 -l; balance -l; balance -l; balance -l; balance -l; resub -K 12 -N 2 -l; balance -l; balance -l; balance -l; rewrite -z -l; rewrite -z -l; 

Seq Length : 73
Command : balance -l; balance -l; balance -l; balance -l; balance -l; balance -l; resub -K 12 -N 2 -l; balance -l; balance -l; balance -l; balance -l; balance -l; rewrite -z -l; balance -l; balance -l; balance -l; balance -l; balance -l; balance -l; balance -l; balance -l; balance -l; balance -l; balance -l; balance -l; balance -l; balance -l; balance -l; balance -l; resub -K 6 -l; balance -l; balance -l; balance -l; balance -l; balance -l; balance -l; balance -l; balance -l; balance -l; balance -l; balance -l; balance -l; resub -K 6 -l; balance -l; balance -l; balance -l; rewrite -z -l; balance -l; balance -l; balance -l; balance -l; balance -l; balance -l; balance -l; rewrite -z -l; balance -l; balance -l; balance -l; balance -l; balance -l; resub -K 6 -l; balance -l; balance -l; balance -l; resub -K 12 -N 2 -l; balance -l; balance -l; balance -l; rewrite -z -l; balance -l; balance -l; balance -l; rewrite -z -l; 

Time Elapsed for  multiplier.aig  :  4824.837901830673 seconds
Command : balance -l; balance -l; balance -l; balance -l; balance -l; balance -l; resub -K 12 -N 2 -l; balance -l; balance -l; balance -l; balance -l; balance -l; rewrite -z -l; balance -l; balance -l; balance -l; balance -l; balance -l; balance -l; balance -l; balance -l; balance -l; balance -l; balance -l; balance -l; balance -l; balance -l; balance -l; balance -l; resub -K 6 -l; balance -l; balance -l; balance -l; balance -l; balance -l; balance -l; balance -l; balance -l; balance -l; balance -l; balance -l; balance -l; resub -K 6 -l; balance -l; balance -l; balance -l; rewrite -z -l; balance -l; balance -l; balance -l; balance -l; balance -l; balance -l; balance -l; rewrite -z -l; balance -l; balance -l; balance -l; balance -l; balance -l; resub -K 6 -l; balance -l; balance -l; balance -l; resub -K 12 -N 2 -l; balance -l; balance -l; balance -l; rewrite -z -l; balance -l; balance -l; balance -l; rewrite -z -l;  


Running Reinforce on i10.aig.....
Time  02/23/2021, 14:55:53

###################################

0.0 1.0
Baseline Time Taken 0.450547993183136  Baseline Nodes  1741 Baseline Level  37  Total Reward  0.26


Found pre-existing Model


Input Feat Dim of Graph :  20  Output Channel Dim of Graph :  15
Seq Length : 24
Command : balance -l; balance -l; balance -l; balance -l; balance -l; balance -l; rewrite -z -l; balance -l; balance -l; balance -l; balance -l; resub -K 12 -N 2 -l; balance -l; balance -l; balance -l; resub -K 6 -l; balance -l; balance -l; balance -l; resub -K 6 -l; balance -l; balance -l; balance -l; rewrite -z -l; 

Seq Length : 15
Command : balance -l; balance -l; balance -l; balance -l; balance -l; balance -l; rewrite -z -l; balance -l; rewrite -z -l; rewrite -z -l; balance -l; balance -l; balance -l; rewrite -z -l; rewrite -z -l; 

Seq Length : 11
Command : balance -l; balance -l; balance -l; rewrite -z -l; rewrite -z -l; balance -l; balance -l; rewrite -z -l; resub -K 12 -N 2 -l; balance -l; rewrite -z -l; 

Time Elapsed for  i10.aig  :  61.2075400352478 seconds
Command : balance -l; balance -l; balance -l; balance -l; balance -l; balance -l; rewrite -z -l; balance -l; balance -l; balance -l; balance -l; resub -K 12 -N 2 -l; balance -l; balance -l; balance -l; resub -K 6 -l; balance -l; balance -l; balance -l; resub -K 6 -l; balance -l; balance -l; balance -l; rewrite -z -l;  


Running Reinforce on i2c.aig.....
Time  02/23/2021, 14:56:54

###################################

0.0 1.0
Baseline Time Taken 0.23322099447250366  Baseline Nodes  1069 Baseline Level  15  Total Reward  0.25


Found pre-existing Model


Input Feat Dim of Graph :  20  Output Channel Dim of Graph :  15
Seq Length : 28
Command : balance -l; balance -l; balance -l; balance -l; balance -l; balance -l; balance -l; resub -K 12 -N 2 -l; balance -l; balance -l; balance -l; balance -l; balance -l; balance -l; balance -l; balance -l; balance -l; balance -l; balance -l; balance -l; resub -K 6 -l; balance -l; balance -l; balance -l; balance -l; balance -l; resub -K 6 -l; balance -l; 

Seq Length : 52
Command : balance -l; balance -l; balance -l; balance -l; balance -l; balance -l; balance -l; balance -l; balance -l; balance -l; balance -l; balance -l; balance -l; balance -l; balance -l; balance -l; balance -l; balance -l; balance -l; balance -l; balance -l; balance -l; balance -l; balance -l; balance -l; balance -l; balance -l; balance -l; balance -l; balance -l; balance -l; balance -l; balance -l; balance -l; balance -l; balance -l; balance -l; balance -l; balance -l; balance -l; balance -l; balance -l; rewrite -z -l; balance -l; balance -l; balance -l; balance -l; balance -l; balance -l; balance -l; balance -l; resub -K 12 -N 2 -l; 

Seq Length : 88
Command : balance -l; balance -l; balance -l; balance -l; balance -l; balance -l; balance -l; balance -l; balance -l; balance -l; balance -l; balance -l; balance -l; balance -l; balance -l; balance -l; balance -l; balance -l; balance -l; balance -l; balance -l; balance -l; balance -l; balance -l; balance -l; balance -l; balance -l; balance -l; balance -l; balance -l; balance -l; balance -l; balance -l; balance -l; balance -l; balance -l; balance -l; balance -l; balance -l; balance -l; balance -l; balance -l; balance -l; balance -l; balance -l; balance -l; balance -l; balance -l; resub -K 6 -l; balance -l; balance -l; balance -l; balance -l; balance -l; balance -l; balance -l; balance -l; balance -l; balance -l; balance -l; balance -l; balance -l; balance -l; balance -l; balance -l; balance -l; balance -l; balance -l; balance -l; balance -l; balance -l; balance -l; balance -l; balance -l; balance -l; balance -l; balance -l; balance -l; balance -l; balance -l; balance -l; balance -l; balance -l; balance -l; balance -l; balance -l; balance -l; rewrite -z -l; 

Time Elapsed for  i2c.aig  :  112.33262896537781 seconds
Command : balance -l; balance -l; balance -l; balance -l; balance -l; balance -l; balance -l; resub -K 12 -N 2 -l; balance -l; balance -l; balance -l; balance -l; balance -l; balance -l; balance -l; balance -l; balance -l; balance -l; balance -l; balance -l; resub -K 6 -l; balance -l; balance -l; balance -l; balance -l; balance -l; resub -K 6 -l; balance -l;  


Running Reinforce on log2.aig.....
Time  02/23/2021, 14:58:47

###################################

0.0 1.0
Baseline Time Taken 8.82644271850586  Baseline Nodes  29192 Baseline Level  387  Total Reward  0.1283783783783784


Found pre-existing Model


Input Feat Dim of Graph :  20  Output Channel Dim of Graph :  15
Seq Length : 93
Command : balance -l; balance -l; balance -l; balance -l; balance -l; balance -l; balance -l; balance -l; balance -l; balance -l; balance -l; balance -l; balance -l; balance -l; balance -l; balance -l; balance -l; balance -l; balance -l; balance -l; balance -l; balance -l; balance -l; balance -l; balance -l; balance -l; balance -l; balance -l; balance -l; resub -K 6 -l; balance -l; balance -l; balance -l; balance -l; balance -l; balance -l; balance -l; balance -l; balance -l; balance -l; balance -l; balance -l; balance -l; balance -l; balance -l; rewrite -z -l; balance -l; balance -l; balance -l; rewrite -z -l; balance -l; balance -l; balance -l; balance -l; balance -l; balance -l; balance -l; balance -l; balance -l; balance -l; balance -l; balance -l; balance -l; balance -l; balance -l; rewrite -z -l; balance -l; balance -l; balance -l; balance -l; rewrite -z -l; balance -l; balance -l; balance -l; balance -l; balance -l; balance -l; balance -l; balance -l; balance -l; balance -l; balance -l; balance -l; balance -l; balance -l; balance -l; balance -l; balance -l; rewrite -z -l; balance -l; balance -l; balance -l; resub -K 12 -N 2 -l; 

Seq Length : 136
Command : balance -l; balance -l; balance -l; balance -l; balance -l; balance -l; balance -l; balance -l; balance -l; balance -l; balance -l; balance -l; balance -l; balance -l; balance -l; balance -l; balance -l; balance -l; balance -l; balance -l; balance -l; balance -l; balance -l; balance -l; balance -l; balance -l; balance -l; balance -l; balance -l; balance -l; balance -l; balance -l; balance -l; balance -l; balance -l; balance -l; balance -l; balance -l; balance -l; balance -l; balance -l; balance -l; balance -l; balance -l; balance -l; balance -l; balance -l; balance -l; balance -l; balance -l; balance -l; balance -l; balance -l; balance -l; balance -l; balance -l; balance -l; balance -l; balance -l; balance -l; balance -l; balance -l; balance -l; balance -l; balance -l; balance -l; balance -l; balance -l; balance -l; balance -l; balance -l; balance -l; balance -l; balance -l; balance -l; balance -l; balance -l; balance -l; balance -l; balance -l; balance -l; balance -l; balance -l; balance -l; balance -l; balance -l; balance -l; balance -l; balance -l; balance -l; balance -l; balance -l; balance -l; balance -l; balance -l; balance -l; balance -l; balance -l; balance -l; balance -l; resub -K 6 -l; balance -l; balance -l; balance -l; balance -l; balance -l; balance -l; balance -l; balance -l; balance -l; balance -l; balance -l; balance -l; resub -K 12 -N 2 -l; balance -l; balance -l; balance -l; balance -l; balance -l; balance -l; balance -l; balance -l; balance -l; balance -l; balance -l; balance -l; balance -l; resub -K 6 -l; resub -K 12 -N 2 -l; balance -l; balance -l; balance -l; balance -l; balance -l; balance -l; resub -K 6 -N 2 -l; 

Seq Length : 45
Command : balance -l; balance -l; balance -l; balance -l; rewrite -z -l; balance -l; balance -l; balance -l; balance -l; resub -K 12 -l; balance -l; balance -l; balance -l; balance -l; balance -l; balance -l; balance -l; balance -l; balance -l; balance -l; resub -K 12 -N 2 -l; balance -l; balance -l; balance -l; balance -l; balance -l; rewrite -z -l; balance -l; balance -l; balance -l; balance -l; rewrite -z -l; balance -l; balance -l; balance -l; resub -K 12 -N 2 -l; balance -l; balance -l; balance -l; rewrite -z -l; balance -l; balance -l; balance -l; balance -l; rewrite -z -l; 

Time Elapsed for  log2.aig  :  5336.863402843475 seconds
Command : balance -l; balance -l; balance -l; balance -l; balance -l; balance -l; balance -l; balance -l; balance -l; balance -l; balance -l; balance -l; balance -l; balance -l; balance -l; balance -l; balance -l; balance -l; balance -l; balance -l; balance -l; balance -l; balance -l; balance -l; balance -l; balance -l; balance -l; balance -l; balance -l; balance -l; balance -l; balance -l; balance -l; balance -l; balance -l; balance -l; balance -l; balance -l; balance -l; balance -l; balance -l; balance -l; balance -l; balance -l; balance -l; balance -l; balance -l; balance -l; balance -l; balance -l; balance -l; balance -l; balance -l; balance -l; balance -l; balance -l; balance -l; balance -l; balance -l; balance -l; balance -l; balance -l; balance -l; balance -l; balance -l; balance -l; balance -l; balance -l; balance -l; balance -l; balance -l; balance -l; balance -l; balance -l; balance -l; balance -l; balance -l; balance -l; balance -l; balance -l; balance -l; balance -l; balance -l; balance -l; balance -l; balance -l; balance -l; balance -l; balance -l; balance -l; balance -l; balance -l; balance -l; balance -l; balance -l; balance -l; balance -l; balance -l; balance -l; balance -l; resub -K 6 -l; balance -l; balance -l; balance -l; balance -l; balance -l; balance -l; balance -l; balance -l; balance -l; balance -l; balance -l; balance -l; resub -K 12 -N 2 -l; balance -l; balance -l; balance -l; balance -l; balance -l; balance -l; balance -l; balance -l; balance -l; balance -l; balance -l; balance -l; balance -l; resub -K 6 -l; resub -K 12 -N 2 -l; balance -l; balance -l; balance -l; balance -l; balance -l; balance -l; resub -K 6 -N 2 -l;  


Running Reinforce on int2float.aig.....
Time  02/23/2021, 16:27:44

###################################

0.0 1.0
Baseline Time Taken 0.06083900108933449  Baseline Nodes  209 Baseline Level  15  Total Reward  0.0625


Found pre-existing Model


Input Feat Dim of Graph :  20  Output Channel Dim of Graph :  15
Seq Length : 28
Command : balance -l; balance -l; balance -l; balance -l; balance -l; balance -l; balance -l; balance -l; balance -l; balance -l; balance -l; balance -l; balance -l; balance -l; balance -l; balance -l; balance -l; balance -l; balance -l; balance -l; balance -l; balance -l; balance -l; balance -l; balance -l; balance -l; balance -l; rewrite -z -l; 

Seq Length : 4
Command : balance -l; balance -l; balance -l; rewrite -z -l; 

Seq Length : 32
Command : balance -l; balance -l; balance -l; balance -l; balance -l; balance -l; balance -l; balance -l; balance -l; balance -l; balance -l; balance -l; balance -l; balance -l; balance -l; balance -l; balance -l; balance -l; balance -l; balance -l; balance -l; balance -l; balance -l; balance -l; balance -l; balance -l; balance -l; balance -l; balance -l; balance -l; balance -l; rewrite -z -l; 

Time Elapsed for  int2float.aig  :  9.18698763847351 seconds
Command : balance -l; balance -l; balance -l; balance -l; balance -l; balance -l; balance -l; balance -l; balance -l; balance -l; balance -l; balance -l; balance -l; balance -l; balance -l; balance -l; balance -l; balance -l; balance -l; balance -l; balance -l; balance -l; balance -l; balance -l; balance -l; balance -l; balance -l; rewrite -z -l;  



Total time elapsed in0_1_with_balance : 32427.93196439743 seconds

