Running Reinforce on router.aig.....
Time  02/22/2021, 18:22:03

###################################

1.0 1.0
Baseline Time Taken 0.10326399654150009  Baseline Nodes  183 Baseline Level  22  Total Reward  0.8805303357832541


Found pre-existing Model


Input Feat Dim of Graph :  20  Output Channel Dim of Graph :  15
Seq Length : 4
Command : resub -K 10 -N 2 -l; refactor -l; rewrite -z -l; resub -K 12 -N 2 -l; 

Seq Length : 8
Command : refactor -l; refactor -l; refactor -l; resub -K 12 -l; resub -K 8 -N 2 -l; refactor -l; resub -K 12 -l; resub -K 12 -N 2 -l; 

Seq Length : 4
Command : refactor -z -l; resub -K 16 -l; refactor -l; resub -K 16 -l; 

Time Elapsed for  router.aig  :  3.3235905170440674 seconds
Command : refactor -z -l; resub -K 16 -l; refactor -l; resub -K 16 -l;  


Running Reinforce on priority.aig.....
Time  02/22/2021, 18:22:06

###################################

1.0 1.0
Baseline Time Taken 0.16126400232315063  Baseline Nodes  466 Baseline Level  95  Total Reward  1.143517382413088


Found pre-existing Model


Input Feat Dim of Graph :  20  Output Channel Dim of Graph :  15
Seq Length : 3
Command : resub -K 6 -N 2 -l; resub -K 10 -N 2 -l; resub -K 16 -N 2 -l; 

Seq Length : 4
Command : resub -K 8 -N 2 -l; resub -K 12 -l; resub -K 8 -N 2 -l; resub -K 12 -N 2 -l; 

Seq Length : 4
Command : resub -K 8 -N 2 -l; resub -K 12 -l; resub -K 6 -l; resub -K 16 -l; 

Time Elapsed for  priority.aig  :  6.9886462688446045 seconds
Command : resub -K 6 -N 2 -l; resub -K 10 -N 2 -l; resub -K 16 -N 2 -l;  


Running Reinforce on square.aig.....
Time  02/22/2021, 18:22:13

###################################

1.0 1.0
Baseline Time Taken 4.353662014007568  Baseline Nodes  15891 Baseline Level  248  Total Reward  0.14828348842241956


Found pre-existing Model


Input Feat Dim of Graph :  20  Output Channel Dim of Graph :  15
Seq Length : 13
Command : resub -K 12 -l; resub -K 10 -N 2 -l; refactor -l; resub -K 8 -l; resub -K 10 -N 2 -l; refactor -l; rewrite -z -l; refactor -z -l; resub -K 10 -N 2 -l; resub -K 8 -N 2 -l; resub -K 8 -N 2 -l; resub -K 10 -N 2 -l; refactor -l; 

Seq Length : 11
Command : resub -K 8 -l; rewrite -z -l; resub -K 12 -l; resub -K 6 -N 2 -l; refactor -l; resub -K 8 -l; resub -K 12 -l; resub -K 6 -N 2 -l; resub -K 10 -l; resub -K 12 -l; resub -K 16 -l; 

Seq Length : 6
Command : rewrite -l; resub -K 16 -N 2 -l; resub -K 12 -N 2 -l; refactor -l; rewrite -z -l; resub -K 16 -N 2 -l; 

Time Elapsed for  square.aig  :  339.3301000595093 seconds
Command : resub -K 12 -l; resub -K 10 -N 2 -l; refactor -l; resub -K 8 -l; resub -K 10 -N 2 -l; refactor -l; rewrite -z -l; refactor -z -l; resub -K 10 -N 2 -l; resub -K 8 -N 2 -l; resub -K 8 -N 2 -l; resub -K 10 -N 2 -l; refactor -l;  


Running Reinforce on bar.aig.....
Time  02/22/2021, 18:27:53

###################################

1.0 1.0
Baseline Time Taken 0.5680500268936157  Baseline Nodes  3141 Baseline Level  12  Total Reward  0.05845323741007191


Found pre-existing Model


Input Feat Dim of Graph :  20  Output Channel Dim of Graph :  15
Seq Length : 7
Command : resub -K 8 -N 2 -l; resub -K 10 -N 2 -l; rewrite -z -l; resub -K 10 -N 2 -l; resub -K 10 -N 2 -l; resub -K 10 -N 2 -l; resub -K 10 -N 2 -l; 

Seq Length : 6
Command : refactor -l; rewrite -z -l; resub -K 12 -l; resub -K 12 -N 2 -l; rewrite -z -l; refactor -l; 

Seq Length : 6
Command : rewrite -l; resub -K 12 -N 2 -l; refactor -l; refactor -l; resub -K 12 -l; resub -K 6 -N 2 -l; 

Time Elapsed for  bar.aig  :  40.647765159606934 seconds
Command : rewrite -l; resub -K 12 -N 2 -l; refactor -l; refactor -l; resub -K 12 -l; resub -K 6 -N 2 -l;  


Running Reinforce on sin.aig.....
Time  02/22/2021, 18:28:33

###################################

1.0 1.0
Baseline Time Taken 1.6325839757919312  Baseline Nodes  5019 Baseline Level  180  Total Reward  0.2733013293943869


Found pre-existing Model


Input Feat Dim of Graph :  20  Output Channel Dim of Graph :  15
Seq Length : 10
Command : refactor -l; resub -K 10 -N 2 -l; rewrite -z -l; balance -l; resub -K 12 -N 2 -l; refactor -l; resub -K 8 -N 2 -l; refactor -l; resub -K 12 -N 2 -l; resub -K 12 -l; 

Seq Length : 12
Command : resub -K 8 -N 2 -l; refactor -l; refactor -l; refactor -l; resub -K 10 -N 2 -l; rewrite -z -l; resub -K 12 -l; refactor -l; refactor -z -l; resub -K 10 -N 2 -l; resub -K 6 -N 2 -l; resub -K 8 -N 2 -l; 

Seq Length : 12
Command : refactor -l; resub -K 8 -N 2 -l; refactor -l; refactor -l; resub -K 10 -N 2 -l; resub -K 10 -N 2 -l; resub -K 8 -l; refactor -l; resub -K 8 -l; rewrite -l; refactor -l; resub -K 10 -N 2 -l; 

Time Elapsed for  sin.aig  :  107.76968955993652 seconds
Command : refactor -l; resub -K 10 -N 2 -l; rewrite -z -l; balance -l; resub -K 12 -N 2 -l; refactor -l; resub -K 8 -N 2 -l; refactor -l; resub -K 12 -N 2 -l; resub -K 12 -l;  


Running Reinforce on max.aig.....
Time  02/22/2021, 18:30:21

###################################

1.0 1.0
Baseline Time Taken 0.4318540096282959  Baseline Nodes  2832 Baseline Level  206  Total Reward  0.29374828976412415


Found pre-existing Model


Input Feat Dim of Graph :  20  Output Channel Dim of Graph :  15
Seq Length : 6
Command : resub -K 8 -N 2 -l; rewrite -z -l; resub -K 6 -N 2 -l; resub -K 10 -N 2 -l; resub -K 8 -l; resub -K 8 -l; 

Seq Length : 6
Command : refactor -l; resub -K 10 -N 2 -l; resub -K 8 -l; resub -K 8 -N 2 -l; resub -K 12 -l; refactor -l; 

Seq Length : 7
Command : resub -K 8 -l; resub -K 10 -l; refactor -l; resub -K 8 -l; resub -K 8 -l; refactor -l; resub -K 16 -l; 

Time Elapsed for  max.aig  :  36.911229848861694 seconds
Command : refactor -l; resub -K 10 -N 2 -l; resub -K 8 -l; resub -K 8 -N 2 -l; resub -K 12 -l; refactor -l;  


Running Reinforce on mem_ctrl.aig.....
Time  02/22/2021, 18:30:58

###################################

1.0 1.0
Baseline Time Taken 9.799209594726562  Baseline Nodes  43924 Baseline Level  112  Total Reward  0.0797182554130651


Found pre-existing Model


Input Feat Dim of Graph :  20  Output Channel Dim of Graph :  15
Seq Length : 15
Command : resub -K 8 -l; refactor -l; resub -K 10 -N 2 -l; resub -K 6 -N 2 -l; resub -K 8 -N 2 -l; resub -K 12 -l; refactor -z -l; resub -K 8 -l; resub -K 6 -l; refactor -z -l; resub -K 10 -N 2 -l; resub -K 12 -l; resub -K 10 -N 2 -l; resub -K 10 -N 2 -l; resub -K 12 -l; 

Seq Length : 9
Command : resub -K 8 -N 2 -l; rewrite -z -l; resub -K 10 -N 2 -l; resub -K 16 -l; resub -K 10 -N 2 -l; resub -K 6 -N 2 -l; rewrite -z -l; resub -K 8 -l; refactor -l; 

Seq Length : 14
Command : resub -K 10 -N 2 -l; resub -K 10 -N 2 -l; resub -K 10 -N 2 -l; resub -K 12 -l; rewrite -z -l; rewrite -z -l; rewrite -z -l; resub -K 6 -N 2 -l; refactor -l; refactor -l; resub -K 6 -N 2 -l; refactor -z -l; resub -K 12 -l; resub -K 16 -N 2 -l; 

Time Elapsed for  mem_ctrl.aig  :  1373.5056777000427 seconds
Command : resub -K 8 -l; refactor -l; resub -K 10 -N 2 -l; resub -K 6 -N 2 -l; resub -K 8 -N 2 -l; resub -K 12 -l; refactor -z -l; resub -K 8 -l; resub -K 6 -l; refactor -z -l; resub -K 10 -N 2 -l; resub -K 12 -l; resub -K 10 -N 2 -l; resub -K 10 -N 2 -l; resub -K 12 -l;  


Running Reinforce on ctrl.aig.....
Time  02/22/2021, 18:53:52

###################################

1.0 1.0
Baseline Time Taken 0.05843999981880188  Baseline Nodes  90 Baseline Level  10  Total Reward  0.48275862068965525


Found pre-existing Model


Input Feat Dim of Graph :  20  Output Channel Dim of Graph :  15
Seq Length : 5
Command : resub -K 6 -l; resub -K 12 -l; resub -K 6 -N 2 -l; resub -K 12 -N 2 -l; resub -K 10 -N 2 -l; 

Seq Length : 4
Command : resub -K 8 -N 2 -l; resub -K 10 -N 2 -l; balance -l; rewrite -z -l; 

Seq Length : 4
Command : resub -K 8 -N 2 -l; resub -K 8 -N 2 -l; refactor -l; rewrite -z -l; 

Time Elapsed for  ctrl.aig  :  1.4991002082824707 seconds
Command : resub -K 6 -l; resub -K 12 -l; resub -K 6 -N 2 -l; resub -K 12 -N 2 -l; resub -K 10 -N 2 -l;  


Running Reinforce on cavlc.aig.....
Time  02/22/2021, 18:53:53

###################################

1.0 1.0
Baseline Time Taken 0.2629610002040863  Baseline Nodes  635 Baseline Level  17  Total Reward  0.0211940836940836


Found pre-existing Model


Input Feat Dim of Graph :  20  Output Channel Dim of Graph :  15
Seq Length : 6
Command : resub -K 16 -l; refactor -l; refactor -z -l; resub -K 8 -N 2 -l; balance -l; resub -K 10 -N 2 -l; 

Seq Length : 6
Command : refactor -l; refactor -l; resub -K 8 -N 2 -l; resub -K 10 -N 2 -l; refactor -l; resub -K 10 -N 2 -l; 

Seq Length : 5
Command : resub -K 8 -N 2 -l; rewrite -z -l; refactor -l; refactor -z -l; resub -K 12 -l; 

Time Elapsed for  cavlc.aig  :  8.383212089538574 seconds
Command : resub -K 16 -l; refactor -l; refactor -z -l; resub -K 8 -N 2 -l; balance -l; resub -K 10 -N 2 -l;  


Running Reinforce on sqrt.aig.....
Time  02/22/2021, 18:54:02

###################################

1.0 1.0
Baseline Time Taken 4.756147861480713  Baseline Nodes  18255 Baseline Level  6046  Total Reward  0.06313528846516192


Found pre-existing Model


Input Feat Dim of Graph :  20  Output Channel Dim of Graph :  15
Seq Length : 6
Command : resub -K 16 -l; refactor -l; resub -K 12 -N 2 -l; refactor -l; rewrite -z -l; refactor -l; 

Seq Length : 13
Command : resub -K 10 -N 2 -l; resub -K 12 -l; resub -K 6 -N 2 -l; resub -K 8 -N 2 -l; refactor -l; refactor -l; resub -K 8 -N 2 -l; resub -K 10 -N 2 -l; resub -K 10 -N 2 -l; resub -K 8 -l; resub -K 8 -l; refactor -l; refactor -l; 

Seq Length : 15
Command : resub -K 10 -N 2 -l; resub -K 6 -N 2 -l; refactor -l; resub -K 12 -l; resub -K 10 -N 2 -l; resub -K 10 -N 2 -l; resub -K 8 -l; rewrite -z -l; resub -K 8 -l; resub -K 8 -l; resub -K 8 -N 2 -l; resub -K 12 -N 2 -l; resub -K 12 -N 2 -l; resub -K 6 -N 2 -l; resub -K 10 -N 2 -l; 

Time Elapsed for  sqrt.aig  :  441.2844274044037 seconds
Command : resub -K 16 -l; refactor -l; resub -K 12 -N 2 -l; refactor -l; rewrite -z -l; refactor -l;  


Running Reinforce on voter.aig.....
Time  02/22/2021, 19:01:23

###################################

1.0 1.0
Baseline Time Taken 2.2858800888061523  Baseline Nodes  7946 Baseline Level  62  Total Reward  0.5367308371233359


Found pre-existing Model


Input Feat Dim of Graph :  20  Output Channel Dim of Graph :  15
Seq Length : 7
Command : resub -K 6 -N 2 -l; resub -K 10 -N 2 -l; refactor -l; refactor -l; refactor -l; refactor -l; refactor -z -l; 

Seq Length : 10
Command : resub -K 10 -N 2 -l; balance -l; resub -K 6 -N 2 -l; resub -K 10 -l; resub -K 10 -l; refactor -l; refactor -l; resub -K 10 -N 2 -l; resub -K 16 -l; resub -K 16 -N 2 -l; 

Seq Length : 15
Command : resub -K 6 -N 2 -l; resub -K 12 -l; resub -K 10 -N 2 -l; resub -K 12 -l; resub -K 8 -N 2 -l; refactor -l; resub -K 12 -l; resub -K 12 -l; resub -K 10 -N 2 -l; resub -K 12 -N 2 -l; resub -K 10 -N 2 -l; resub -K 8 -l; resub -K 12 -l; resub -K 12 -l; resub -K 12 -l; 

Time Elapsed for  voter.aig  :  186.23330283164978 seconds
Command : resub -K 6 -N 2 -l; resub -K 10 -N 2 -l; refactor -l; refactor -l; refactor -l; refactor -l; refactor -z -l;  


Running Reinforce on multiplier.aig.....
Time  02/22/2021, 19:04:29

###################################

1.0 1.0
Baseline Time Taken 6.370815753936768  Baseline Nodes  24337 Baseline Level  265  Total Reward  0.1335414163852997


Found pre-existing Model


Input Feat Dim of Graph :  20  Output Channel Dim of Graph :  15
Seq Length : 5
Command : resub -K 16 -N 2 -l; resub -K 10 -N 2 -l; resub -K 12 -l; refactor -l; resub -K 16 -N 2 -l; 

Seq Length : 6
Command : refactor -l; resub -K 8 -N 2 -l; resub -K 12 -N 2 -l; resub -K 16 -N 2 -l; resub -K 6 -N 2 -l; resub -K 12 -N 2 -l; 

Seq Length : 4
Command : resub -K 12 -l; rewrite -z -l; resub -K 16 -N 2 -l; refactor -l; 

Time Elapsed for  multiplier.aig  :  346.25806045532227 seconds
Command : resub -K 12 -l; rewrite -z -l; resub -K 16 -N 2 -l; refactor -l;  


Running Reinforce on i10.aig.....
Time  02/22/2021, 19:10:15

###################################

1.0 1.0
Baseline Time Taken 0.4825119972229004  Baseline Nodes  1741 Baseline Level  37  Total Reward  0.6091588785046729


Found pre-existing Model


Input Feat Dim of Graph :  20  Output Channel Dim of Graph :  15
Seq Length : 6
Command : resub -K 8 -l; resub -K 8 -N 2 -l; resub -K 10 -N 2 -l; resub -K 8 -N 2 -l; resub -K 12 -N 2 -l; resub -K 10 -N 2 -l; 

Seq Length : 2
Command : resub -K 10 -N 2 -l; resub -K 16 -N 2 -l; 

Seq Length : 4
Command : resub -K 8 -N 2 -l; resub -K 16 -l; resub -K 8 -N 2 -l; rewrite -z -l; 

Time Elapsed for  i10.aig  :  23.118855237960815 seconds
Command : resub -K 8 -N 2 -l; resub -K 16 -l; resub -K 8 -N 2 -l; rewrite -z -l;  


Running Reinforce on i2c.aig.....
Time  02/22/2021, 19:10:38

###################################

1.0 1.0
Baseline Time Taken 0.23785799741744995  Baseline Nodes  1069 Baseline Level  15  Total Reward  0.4534277198211625


Found pre-existing Model


Input Feat Dim of Graph :  20  Output Channel Dim of Graph :  15
Seq Length : 3
Command : rewrite -z -l; rewrite -z -l; resub -K 16 -N 2 -l; 

Seq Length : 4
Command : resub -K 10 -N 2 -l; rewrite -z -l; resub -K 8 -N 2 -l; resub -K 10 -N 2 -l; 

Seq Length : 5
Command : refactor -l; resub -K 12 -l; resub -K 8 -l; resub -K 12 -l; resub -K 16 -N 2 -l; 

Time Elapsed for  i2c.aig  :  12.869754552841187 seconds
Command : rewrite -z -l; rewrite -z -l; resub -K 16 -N 2 -l;  


Running Reinforce on log2.aig.....
Time  02/22/2021, 19:10:51

###################################

1.0 1.0
Baseline Time Taken 8.875126838684082  Baseline Nodes  29192 Baseline Level  387  Total Reward  0.2178356460015849


Found pre-existing Model


Input Feat Dim of Graph :  20  Output Channel Dim of Graph :  15
Seq Length : 11
Command : resub -K 10 -N 2 -l; resub -K 12 -N 2 -l; refactor -l; resub -K 12 -N 2 -l; resub -K 8 -l; resub -K 8 -l; resub -K 10 -N 2 -l; refactor -l; resub -K 12 -l; resub -K 12 -l; resub -K 16 -N 2 -l; 

Seq Length : 4
Command : resub -K 10 -N 2 -l; resub -K 6 -N 2 -l; resub -K 8 -l; resub -K 16 -N 2 -l; 

Seq Length : 14
Command : resub -K 8 -N 2 -l; resub -K 10 -N 2 -l; refactor -l; resub -K 6 -N 2 -l; resub -K 12 -N 2 -l; refactor -z -l; resub -K 10 -N 2 -l; refactor -l; resub -K 10 -N 2 -l; refactor -l; refactor -l; refactor -z -l; resub -K 6 -N 2 -l; resub -K 6 -N 2 -l; 

Time Elapsed for  log2.aig  :  702.5577626228333 seconds
Command : resub -K 8 -N 2 -l; resub -K 10 -N 2 -l; refactor -l; resub -K 6 -N 2 -l; resub -K 12 -N 2 -l; refactor -z -l; resub -K 10 -N 2 -l; refactor -l; resub -K 10 -N 2 -l; refactor -l; refactor -l; refactor -z -l; resub -K 6 -N 2 -l; resub -K 6 -N 2 -l;  


Running Reinforce on int2float.aig.....
Time  02/22/2021, 19:22:34

###################################

1.0 1.0
Baseline Time Taken 0.10332100093364716  Baseline Nodes  209 Baseline Level  15  Total Reward  0.2586538461538461


Found pre-existing Model


Input Feat Dim of Graph :  20  Output Channel Dim of Graph :  15
Seq Length : 5
Command : rewrite -l; refactor -l; refactor -l; resub -K 8 -l; resub -K 6 -N 2 -l; 

Seq Length : 2
Command : resub -K 16 -l; resub -K 12 -N 2 -l; 

Seq Length : 4
Command : rewrite -z -l; resub -K 6 -N 2 -l; rewrite -l; resub -K 10 -N 2 -l; 

Time Elapsed for  int2float.aig  :  2.4366233348846436 seconds
Command : rewrite -l; refactor -l; refactor -l; resub -K 8 -l; resub -K 6 -N 2 -l;  



Total time elapsed in1_1_with_balance : 3633.1196615695953 seconds

