Running Reinforce on router.aig.....
Time  02/23/2021, 02:00:56

###################################

2.0 5.0
Without Balance Run


Baseline Time Taken 0.10588700324296951  Baseline Nodes  203 Baseline Level  24  Total Reward  0.7535667963683528


Found pre-existing Model


Input Feat Dim of Graph :  19  Output Channel Dim of Graph :  14
Seq Length : 17
Command : refactor -l; refactor -l; refactor -l; refactor -l; refactor -l; refactor -l; refactor -l; resub -K 6 -l; refactor -l; refactor -l; refactor -l; refactor -l; refactor -l; refactor -l; resub -K 6 -l; refactor -l; refactor -l; 

Seq Length : 12
Command : refactor -l; refactor -l; refactor -l; refactor -l; resub -K 6 -l; refactor -l; refactor -l; refactor -l; resub -K 6 -l; refactor -l; refactor -l; refactor -l; 

Seq Length : 17
Command : refactor -l; refactor -l; refactor -l; refactor -l; refactor -l; refactor -l; refactor -l; resub -K 6 -l; refactor -l; refactor -l; refactor -l; refactor -l; resub -K 6 -l; refactor -l; refactor -l; refactor -l; refactor -l; 

Time Elapsed for  router.aig  :  6.538908243179321 seconds
Command : refactor -l; refactor -l; refactor -l; refactor -l; refactor -l; refactor -l; refactor -l; resub -K 6 -l; refactor -l; refactor -l; refactor -l; refactor -l; refactor -l; refactor -l; resub -K 6 -l; refactor -l; refactor -l;  


Running Reinforce on priority.aig.....
Time  02/23/2021, 02:01:03

###################################

2.0 5.0
Without Balance Run


Baseline Time Taken 0.15924300253391266  Baseline Nodes  465 Baseline Level  116  Total Reward  2.4992067915791276


Found pre-existing Model


Input Feat Dim of Graph :  19  Output Channel Dim of Graph :  14
Seq Length : 3
Command : refactor -l; refactor -l; resub -K 16 -l; 

Seq Length : 5
Command : refactor -l; refactor -l; refactor -l; refactor -l; refactor -l; 

Seq Length : 5
Command : refactor -l; refactor -l; refactor -l; refactor -l; resub -K 6 -l; 

Time Elapsed for  priority.aig  :  7.251854419708252 seconds
Command : refactor -l; refactor -l; refactor -l; refactor -l; refactor -l;  


Running Reinforce on square.aig.....
Time  02/23/2021, 02:01:10

###################################

2.0 5.0
Without Balance Run


Baseline Time Taken 4.358822822570801  Baseline Nodes  15938 Baseline Level  249  Total Reward  0.27099830684362836


Found pre-existing Model


Input Feat Dim of Graph :  19  Output Channel Dim of Graph :  14
Seq Length : 10
Command : refactor -l; refactor -l; refactor -l; resub -K 6 -l; refactor -l; refactor -l; refactor -l; refactor -l; refactor -l; refactor -l; 

Seq Length : 10
Command : refactor -l; refactor -l; refactor -l; resub -K 6 -l; refactor -l; refactor -l; refactor -l; refactor -l; resub -K 6 -l; refactor -l; 

Seq Length : 9
Command : refactor -l; refactor -l; refactor -l; refactor -l; refactor -l; refactor -l; refactor -l; refactor -l; refactor -l; 

Time Elapsed for  square.aig  :  344.4759702682495 seconds
Command : refactor -l; refactor -l; refactor -l; resub -K 6 -l; refactor -l; refactor -l; refactor -l; refactor -l; resub -K 6 -l; refactor -l;  


Running Reinforce on bar.aig.....
Time  02/23/2021, 02:06:54

###################################

2.0 5.0
Without Balance Run


Baseline Time Taken 0.5930389761924744  Baseline Nodes  2952 Baseline Level  14  Total Reward  -0.26978417266187016


Found pre-existing Model


Input Feat Dim of Graph :  19  Output Channel Dim of Graph :  14
Seq Length : 9
Command : refactor -l; refactor -l; refactor -l; refactor -l; resub -K 6 -l; refactor -l; refactor -l; refactor -l; refactor -l; 

Seq Length : 9
Command : refactor -l; refactor -l; refactor -l; refactor -l; refactor -l; refactor -l; refactor -l; refactor -l; refactor -l; 

Seq Length : 9
Command : refactor -l; refactor -l; refactor -l; refactor -l; refactor -l; resub -K 6 -l; refactor -l; refactor -l; refactor -l; 

Time Elapsed for  bar.aig  :  53.37854623794556 seconds
Command : refactor -l; refactor -l; refactor -l; refactor -l; resub -K 6 -l; refactor -l; refactor -l; refactor -l; refactor -l;  


Running Reinforce on sin.aig.....
Time  02/23/2021, 02:07:48

###################################

2.0 5.0
Without Balance Run


Baseline Time Taken 1.6413990259170532  Baseline Nodes  5028 Baseline Level  191  Total Reward  0.05402373130845284


Found pre-existing Model


Input Feat Dim of Graph :  19  Output Channel Dim of Graph :  14
Seq Length : 13
Command : refactor -l; refactor -l; refactor -l; refactor -l; refactor -l; refactor -l; refactor -l; refactor -l; refactor -l; refactor -l; resub -K 6 -l; refactor -l; refactor -l; 

Seq Length : 13
Command : refactor -l; refactor -l; refactor -l; refactor -l; refactor -l; resub -K 6 -l; refactor -l; refactor -l; refactor -l; refactor -l; resub -K 6 -l; refactor -l; refactor -l; 

Seq Length : 1
Command : resub -K 16 -N 2 -l; 

Time Elapsed for  sin.aig  :  93.99793648719788 seconds
Command : refactor -l; refactor -l; refactor -l; refactor -l; refactor -l; refactor -l; refactor -l; refactor -l; refactor -l; refactor -l; resub -K 6 -l; refactor -l; refactor -l;  


Running Reinforce on max.aig.....
Time  02/23/2021, 02:09:22

###################################

2.0 5.0
Without Balance Run


Baseline Time Taken 0.4531089961528778  Baseline Nodes  2834 Baseline Level  330  Total Reward  -1.301503616147298


Found pre-existing Model


Input Feat Dim of Graph :  19  Output Channel Dim of Graph :  14
Seq Length : 7
Command : refactor -l; refactor -l; refactor -l; resub -K 6 -l; refactor -l; refactor -l; refactor -l; 

Seq Length : 7
Command : refactor -l; refactor -l; refactor -l; refactor -l; refactor -l; refactor -l; refactor -l; 

Seq Length : 7
Command : refactor -l; refactor -l; refactor -l; resub -K 6 -l; refactor -l; refactor -l; refactor -l; 

Time Elapsed for  max.aig  :  39.69563150405884 seconds
Command : refactor -l; refactor -l; refactor -l; resub -K 6 -l; refactor -l; refactor -l; refactor -l;  


Running Reinforce on mem_ctrl.aig.....
Time  02/23/2021, 02:10:01

###################################

2.0 5.0
Without Balance Run


Baseline Time Taken 9.914414405822754  Baseline Nodes  43490 Baseline Level  128  Total Reward  -0.22593610836984368


Found pre-existing Model


Input Feat Dim of Graph :  19  Output Channel Dim of Graph :  14
Seq Length : 21
Command : refactor -l; refactor -l; refactor -l; refactor -l; resub -K 6 -l; refactor -l; resub -K 6 -l; refactor -l; refactor -l; refactor -l; refactor -l; refactor -l; refactor -l; refactor -l; refactor -l; refactor -l; resub -K 6 -l; refactor -l; refactor -l; resub -K 6 -l; refactor -l; 

Seq Length : 21
Command : refactor -l; refactor -l; refactor -l; refactor -l; refactor -l; refactor -l; refactor -l; refactor -l; refactor -l; refactor -l; refactor -l; refactor -l; refactor -l; refactor -l; resub -K 6 -l; refactor -l; refactor -l; resub -K 6 -l; refactor -l; refactor -l; refactor -l; 

Seq Length : 21
Command : refactor -l; refactor -l; refactor -l; refactor -l; resub -K 6 -l; refactor -l; refactor -l; refactor -l; refactor -l; refactor -l; refactor -l; refactor -l; refactor -l; refactor -l; refactor -l; refactor -l; refactor -l; refactor -l; refactor -l; refactor -l; refactor -l; 

Time Elapsed for  mem_ctrl.aig  :  2132.4758772850037 seconds
Command : refactor -l; refactor -l; refactor -l; refactor -l; refactor -l; refactor -l; refactor -l; refactor -l; refactor -l; refactor -l; refactor -l; refactor -l; refactor -l; refactor -l; resub -K 6 -l; refactor -l; refactor -l; resub -K 6 -l; refactor -l; refactor -l; refactor -l;  


Running Reinforce on ctrl.aig.....
Time  02/23/2021, 02:45:34

###################################

2.0 5.0
Without Balance Run


Baseline Time Taken 0.07607699930667877  Baseline Nodes  90 Baseline Level  12  Total Reward  0.6746411483253594


Found pre-existing Model


Input Feat Dim of Graph :  19  Output Channel Dim of Graph :  14
Seq Length : 25
Command : refactor -l; refactor -l; refactor -l; refactor -l; refactor -l; refactor -l; refactor -l; refactor -l; refactor -l; refactor -l; refactor -l; refactor -l; refactor -l; refactor -l; refactor -l; resub -K 6 -l; refactor -l; refactor -l; refactor -l; resub -K 6 -l; refactor -l; refactor -l; refactor -l; refactor -l; refactor -l; 

Seq Length : 23
Command : refactor -l; refactor -l; refactor -l; refactor -l; refactor -l; refactor -l; refactor -l; refactor -l; refactor -l; refactor -l; refactor -l; refactor -l; refactor -l; refactor -l; refactor -l; refactor -l; refactor -l; refactor -l; refactor -l; refactor -l; refactor -l; refactor -l; refactor -l; 

Seq Length : 23
Command : refactor -l; refactor -l; refactor -l; refactor -l; refactor -l; refactor -l; refactor -l; refactor -l; refactor -l; refactor -l; resub -K 6 -l; refactor -l; refactor -l; refactor -l; refactor -l; resub -K 6 -l; resub -K 6 -l; refactor -l; refactor -l; resub -K 6 -l; refactor -l; refactor -l; refactor -l; 

Time Elapsed for  ctrl.aig  :  6.064614295959473 seconds
Command : refactor -l; refactor -l; refactor -l; refactor -l; refactor -l; refactor -l; refactor -l; refactor -l; refactor -l; refactor -l; refactor -l; refactor -l; refactor -l; refactor -l; refactor -l; resub -K 6 -l; refactor -l; refactor -l; refactor -l; resub -K 6 -l; refactor -l; refactor -l; refactor -l; refactor -l; refactor -l;  


Running Reinforce on cavlc.aig.....
Time  02/23/2021, 02:45:40

###################################

2.0 5.0
Without Balance Run


Baseline Time Taken 0.2889019846916199  Baseline Nodes  635 Baseline Level  20  Total Reward  -0.5905797101449277


Found pre-existing Model


Input Feat Dim of Graph :  19  Output Channel Dim of Graph :  14
Seq Length : 11
Command : refactor -l; refactor -l; refactor -l; refactor -l; refactor -l; resub -K 6 -l; refactor -l; refactor -l; refactor -l; refactor -l; refactor -l; 

Seq Length : 12
Command : refactor -l; refactor -l; refactor -l; refactor -l; refactor -l; refactor -l; refactor -l; refactor -l; refactor -l; refactor -l; refactor -l; refactor -l; 

Seq Length : 11
Command : refactor -l; refactor -l; refactor -l; refactor -l; refactor -l; refactor -l; refactor -l; refactor -l; refactor -l; refactor -l; refactor -l; 

Time Elapsed for  cavlc.aig  :  14.270134925842285 seconds
Command : refactor -l; refactor -l; refactor -l; refactor -l; refactor -l; resub -K 6 -l; refactor -l; refactor -l; refactor -l; refactor -l; refactor -l;  


Running Reinforce on sqrt.aig.....
Time  02/23/2021, 02:45:54

###################################

2.0 5.0
Without Balance Run


Baseline Time Taken 4.660486221313477  Baseline Nodes  18256 Baseline Level  6050  Total Reward  -0.0924737188673177


Found pre-existing Model


Input Feat Dim of Graph :  19  Output Channel Dim of Graph :  14
Seq Length : 23
Command : refactor -l; refactor -l; refactor -l; refactor -l; refactor -l; refactor -l; refactor -l; refactor -l; refactor -l; refactor -l; refactor -l; refactor -l; refactor -l; refactor -l; refactor -l; refactor -l; refactor -l; refactor -l; refactor -l; refactor -l; refactor -l; refactor -l; refactor -l; 

Seq Length : 12
Command : refactor -l; refactor -l; refactor -l; refactor -l; refactor -l; refactor -l; resub -K 6 -l; refactor -l; refactor -l; refactor -l; refactor -l; refactor -l; 

Seq Length : 14
Command : refactor -l; refactor -l; refactor -l; refactor -l; refactor -l; refactor -l; refactor -l; refactor -l; resub -K 6 -l; refactor -l; refactor -l; refactor -l; refactor -l; refactor -l; 

Time Elapsed for  sqrt.aig  :  689.8553602695465 seconds
Command : refactor -l; refactor -l; refactor -l; refactor -l; refactor -l; refactor -l; refactor -l; refactor -l; refactor -l; refactor -l; refactor -l; refactor -l; refactor -l; refactor -l; refactor -l; refactor -l; refactor -l; refactor -l; refactor -l; refactor -l; refactor -l; refactor -l; refactor -l;  


Running Reinforce on voter.aig.....
Time  02/23/2021, 02:57:24

###################################

2.0 5.0
Without Balance Run


Baseline Time Taken 2.302884101867676  Baseline Nodes  7957 Baseline Level  66  Total Reward  0.9337555274092839


Found pre-existing Model


Input Feat Dim of Graph :  19  Output Channel Dim of Graph :  14
Seq Length : 8
Command : refactor -l; refactor -l; resub -K 6 -l; resub -K 10 -N 2 -l; refactor -l; refactor -l; resub -K 10 -N 2 -l; refactor -l; 

Seq Length : 8
Command : refactor -l; refactor -l; resub -K 6 -l; refactor -l; refactor -l; resub -K 6 -l; refactor -l; refactor -l; 

Seq Length : 8
Command : refactor -l; refactor -l; refactor -l; resub -K 6 -l; refactor -l; resub -K 6 -l; refactor -l; refactor -l; 

Time Elapsed for  voter.aig  :  157.83231139183044 seconds
Command : refactor -l; refactor -l; refactor -l; resub -K 6 -l; refactor -l; resub -K 6 -l; refactor -l; refactor -l;  


Running Reinforce on multiplier.aig.....
Time  02/23/2021, 03:00:02

###################################

2.0 5.0
Without Balance Run


Baseline Time Taken 6.430431842803955  Baseline Nodes  24337 Baseline Level  267  Total Reward  0.1828374873666192


Found pre-existing Model


Input Feat Dim of Graph :  19  Output Channel Dim of Graph :  14
Seq Length : 10
Command : refactor -l; refactor -l; refactor -l; resub -K 6 -l; resub -K 6 -l; refactor -l; refactor -l; refactor -l; refactor -l; refactor -l; 

Seq Length : 10
Command : refactor -l; refactor -l; refactor -l; resub -K 6 -l; refactor -l; refactor -l; refactor -l; refactor -l; refactor -l; resub -K 10 -N 2 -l; 

Seq Length : 10
Command : refactor -l; refactor -l; refactor -l; resub -K 6 -l; refactor -l; refactor -l; refactor -l; refactor -l; refactor -l; refactor -l; 

Time Elapsed for  multiplier.aig  :  583.5581231117249 seconds
Command : refactor -l; refactor -l; refactor -l; resub -K 6 -l; refactor -l; refactor -l; refactor -l; refactor -l; refactor -l; resub -K 10 -N 2 -l;  


Running Reinforce on i10.aig.....
Time  02/23/2021, 03:09:46

###################################

2.0 5.0
Without Balance Run


Baseline Time Taken 0.4832319915294647  Baseline Nodes  1756 Baseline Level  53  Total Reward  -0.7772804409972549


Found pre-existing Model


Input Feat Dim of Graph :  19  Output Channel Dim of Graph :  14
Seq Length : 8
Command : refactor -l; refactor -l; refactor -l; refactor -l; resub -K 6 -l; refactor -l; resub -K 6 -l; refactor -l; 

Seq Length : 8
Command : refactor -l; refactor -l; refactor -l; refactor -l; refactor -l; refactor -l; resub -K 6 -l; refactor -l; 

Seq Length : 7
Command : refactor -l; refactor -l; refactor -l; refactor -l; refactor -l; refactor -l; resub -K 16 -l; 

Time Elapsed for  i10.aig  :  33.33749485015869 seconds
Command : refactor -l; refactor -l; refactor -l; refactor -l; refactor -l; refactor -l; resub -K 16 -l;  


Running Reinforce on i2c.aig.....
Time  02/23/2021, 03:10:19

###################################

2.0 5.0
Without Balance Run


Baseline Time Taken 0.2613770067691803  Baseline Nodes  1084 Baseline Level  16  Total Reward  0.30492572322126676


Found pre-existing Model


Input Feat Dim of Graph :  19  Output Channel Dim of Graph :  14
Seq Length : 7
Command : refactor -l; refactor -l; refactor -l; refactor -l; refactor -l; refactor -l; refactor -l; 

Seq Length : 6
Command : refactor -l; refactor -l; refactor -l; refactor -l; refactor -l; refactor -l; 

Seq Length : 7
Command : refactor -l; refactor -l; refactor -l; refactor -l; refactor -l; refactor -l; refactor -l; 

Time Elapsed for  i2c.aig  :  17.368809700012207 seconds
Command : refactor -l; refactor -l; refactor -l; refactor -l; refactor -l; refactor -l; refactor -l;  


Running Reinforce on log2.aig.....
Time  02/23/2021, 03:10:36

###################################

2.0 5.0
Without Balance Run


Baseline Time Taken 8.927129745483398  Baseline Nodes  29282 Baseline Level  397  Total Reward  0.2615590207248353


Found pre-existing Model


Input Feat Dim of Graph :  19  Output Channel Dim of Graph :  14
Seq Length : 13
Command : refactor -l; refactor -l; refactor -l; refactor -l; refactor -l; refactor -l; refactor -l; refactor -l; refactor -l; refactor -l; refactor -l; refactor -l; resub -K 16 -N 2 -l; 

Seq Length : 13
Command : refactor -l; refactor -l; refactor -l; resub -K 10 -N 2 -l; refactor -l; refactor -l; refactor -l; refactor -l; refactor -l; refactor -l; refactor -l; refactor -l; refactor -l; 

Seq Length : 14
Command : refactor -l; refactor -l; refactor -l; resub -K 10 -N 2 -l; refactor -l; refactor -l; refactor -l; refactor -l; refactor -l; refactor -l; refactor -l; resub -K 6 -l; refactor -l; refactor -l; 

Time Elapsed for  log2.aig  :  905.5482246875763 seconds
Command : refactor -l; refactor -l; refactor -l; refactor -l; refactor -l; refactor -l; refactor -l; refactor -l; refactor -l; refactor -l; refactor -l; refactor -l; resub -K 16 -N 2 -l;  


Running Reinforce on int2float.aig.....
Time  02/23/2021, 03:25:42

###################################

2.0 5.0
Without Balance Run


Baseline Time Taken 0.10724200308322906  Baseline Nodes  211 Baseline Level  16  Total Reward  0.011864406779660719


Found pre-existing Model


Input Feat Dim of Graph :  19  Output Channel Dim of Graph :  14
Seq Length : 11
Command : refactor -l; refactor -l; refactor -l; refactor -l; refactor -l; refactor -l; refactor -l; refactor -l; refactor -l; refactor -l; refactor -l; 

Seq Length : 14
Command : refactor -l; refactor -l; refactor -l; resub -K 6 -l; refactor -l; refactor -l; resub -K 6 -l; refactor -l; resub -K 6 -l; refactor -l; refactor -l; refactor -l; refactor -l; resub -K 16 -l; 

Seq Length : 11
Command : refactor -l; refactor -l; refactor -l; refactor -l; refactor -l; refactor -l; refactor -l; refactor -l; refactor -l; resub -K 6 -l; resub -K 16 -l; 

Time Elapsed for  int2float.aig  :  5.356956958770752 seconds
Command : refactor -l; refactor -l; refactor -l; resub -K 6 -l; refactor -l; refactor -l; resub -K 6 -l; refactor -l; resub -K 6 -l; refactor -l; refactor -l; refactor -l; refactor -l; resub -K 16 -l;  



Total time elapsed in2_5_without_balance : 5091.008160352707 seconds


